2018-03-29 17:51:43,780 DEBUG Christian denomination.txt
2018-03-29 17:51:44,780 DEBUG Moment of inertia.txt
2018-03-29 17:51:45,865 DEBUG Instruction set.txt
2018-03-29 17:51:46,881 DEBUG Western Roman Empire.txt
2018-03-29 17:51:48,364 DEBUG Publisher.txt
2018-03-29 17:51:49,481 DEBUG Internal Revenue Service.txt
2018-03-29 17:51:51,831 DEBUG Paraphyly.txt
2018-03-29 17:51:53,287 DEBUG List of minor-planet groups.txt
2018-03-29 17:51:54,540 DEBUG Economy of Saudi Arabia.txt
2018-03-29 17:51:55,801 DEBUG Artillery.txt
2018-03-29 17:51:57,192 DEBUG Electronics.txt
2018-03-29 17:51:58,035 DEBUG Intellectual property.txt
2018-03-29 17:51:58,956 DEBUG Liberal Party (UK).txt
2018-03-29 17:52:00,238 DEBUG Horse racing.txt
2018-03-29 17:52:01,516 DEBUG Wind wave.txt
2018-03-29 17:52:02,792 DEBUG Romanize.txt
2018-03-29 17:52:04,898 DEBUG Cave.txt
2018-03-29 17:57:08,468 DEBUG Percussion instrument.txt
2018-03-29 18:36:34,838 DEBUG Christian denomination.txt
2018-03-29 18:36:36,065 DEBUG Moment of inertia.txt
2018-03-29 18:36:37,194 DEBUG Instruction set.txt
2018-03-29 18:36:38,191 DEBUG Western Roman Empire.txt
2018-03-29 18:36:39,305 DEBUG Publisher.txt
2018-03-29 18:36:40,170 DEBUG Internal Revenue Service.txt
2018-03-29 18:36:40,992 DEBUG Paraphyly.txt
2018-03-29 18:36:41,891 DEBUG List of minor-planet groups.txt
2018-03-29 18:36:42,607 DEBUG Economy of Saudi Arabia.txt
2018-03-29 18:36:43,930 DEBUG Artillery.txt
