2018-03-15 19:36:50,629 DEBUG Trinity College, Cambridge.txt
2018-03-15 19:36:52,842 DEBUG East Timor.txt
2018-03-15 19:36:56,736 DEBUG Fertilizer.txt
2018-03-15 19:36:56,865 DEBUG Mollusca.txt
2018-03-15 19:37:08,544 DEBUG List of countries by GDP (nominal) per capita.txt
2018-03-15 19:37:14,873 DEBUG Austronesian languages.txt
2018-03-15 19:37:26,828 DEBUG Northeastern United States.txt
2018-03-15 19:37:29,331 DEBUG James Clerk Maxwell.txt
2018-03-15 19:37:32,950 DEBUG Treaty.txt
2018-03-15 19:37:34,352 DEBUG Troy.txt
2018-03-15 19:37:39,193 DEBUG Household income in the United States.txt
2018-03-15 19:37:42,302 DEBUG Kingdom of Ireland.txt
2018-03-15 19:37:44,689 DEBUG Herefordshire.txt
2018-03-15 19:37:45,906 DEBUG Nashville, Tennessee.txt
2018-03-15 19:37:50,928 DEBUG Ethnomusicology.txt
2018-03-15 19:37:53,878 DEBUG Winston Churchill.txt
2018-03-15 19:38:11,080 DEBUG BBC.txt
2018-03-15 19:38:15,549 DEBUG Mars.txt
2018-03-15 19:38:24,038 DEBUG Western United States.txt
2018-03-15 19:38:27,855 DEBUG Her Majesty's Civil Service.txt
2018-03-15 19:38:32,125 DEBUG Fashion.txt
2018-03-15 19:38:33,641 DEBUG Philadelphia.txt
2018-03-15 19:38:49,912 DEBUG Papal States.txt
2018-03-15 19:38:52,204 DEBUG Union (American Civil War).txt
2018-03-15 19:38:58,652 DEBUG Singer-songwriter.txt
2018-03-15 19:38:59,312 DEBUG Ridge-and-Valley Appalachians.txt
2018-03-15 19:39:02,227 DEBUG Eel.txt
2018-03-15 19:39:02,791 DEBUG Federazione Industria Musicale Italiana.txt
2018-03-15 19:39:06,906 DEBUG Indiana University Bloomington.txt
2018-03-15 19:39:14,053 DEBUG Benito Mussolini.txt
2018-03-15 19:39:25,194 DEBUG Sociolinguistics.txt
2018-03-15 19:39:29,144 DEBUG A9.com.txt
2018-03-15 19:39:30,026 DEBUG British Academy.txt
2018-03-15 19:39:31,459 DEBUG Toronto.txt
2018-03-15 19:39:40,330 DEBUG Huns.txt
2018-03-15 19:39:43,699 DEBUG Dependent territory.txt
2018-03-15 19:39:46,441 DEBUG Xerox.txt
2018-03-15 19:39:50,134 DEBUG The Oregonian.txt
2018-03-15 19:39:53,050 DEBUG Hubble Space Telescope.txt
2018-03-15 19:40:03,006 DEBUG Adam Smith.txt
2018-03-15 19:40:07,528 DEBUG Leonardo da Vinci.txt
2018-03-15 19:40:15,149 DEBUG Vegetable oil.txt
2018-03-15 19:40:16,604 DEBUG Civil society.txt
2018-03-15 19:40:18,998 DEBUG Great-circle distance.txt
2018-03-15 19:40:19,734 DEBUG Lateral consonant.txt
2018-03-15 19:40:21,511 DEBUG GameRankings.txt
2018-03-15 19:40:22,234 DEBUG Adobe Systems.txt
2018-03-15 19:40:25,484 DEBUG Right-wing politics.txt
2018-03-15 19:40:29,009 DEBUG Harvard College.txt
2018-03-15 19:40:29,402 DEBUG Logarithm.txt
2018-03-15 19:40:31,751 DEBUG Bharatiya Janata Party.txt
2018-03-15 19:40:37,535 DEBUG Human body.txt
2018-03-15 19:40:39,226 DEBUG Windows.txt
2018-03-15 19:40:44,407 DEBUG Electrical resistance and conductance.txt
2018-03-15 19:40:44,499 DEBUG Zagreb.txt
2018-03-15 19:40:53,395 DEBUG Symbol.txt
2018-03-15 19:40:56,426 DEBUG Buckinghamshire.txt
2018-03-15 19:41:00,114 DEBUG Constituency.txt
2018-03-15 19:41:01,764 DEBUG Linebacker.txt
2018-03-15 19:41:03,206 DEBUG Canaan.txt
2018-03-15 19:41:06,743 DEBUG Federal Trade Commission.txt
2018-03-15 19:41:08,358 DEBUG Jersey.txt
2018-03-15 19:41:14,124 DEBUG Union Army.txt
2018-03-15 19:41:15,522 DEBUG Liquid-crystal display.txt
2018-03-15 19:41:19,649 DEBUG Dualism.txt
2018-03-15 19:41:23,090 DEBUG Online.txt
2018-03-15 19:41:25,279 DEBUG Telecommunications in Chad.txt
2018-03-15 19:41:25,538 DEBUG Orkney.txt
2018-03-15 19:41:31,794 DEBUG Geneva.txt
2018-03-15 19:41:36,300 DEBUG Australian Football League.txt
2018-03-15 19:41:41,213 DEBUG Sustainable design.txt
2018-03-15 19:41:42,075 DEBUG Telecommunications in Latvia.txt
2018-03-15 19:41:42,257 DEBUG Sergeant.txt
2018-03-15 19:43:50,796 DEBUG Trinity College, Cambridge.txt
2018-03-15 19:44:14,939 DEBUG East Timor.txt
2018-03-15 19:44:54,740 DEBUG Fertilizer.txt
2018-03-15 19:44:57,101 DEBUG Mollusca.txt
2018-03-15 19:46:52,354 DEBUG List of countries by GDP (nominal) per capita.txt
2018-03-15 19:47:24,850 DEBUG Trinity College, Cambridge.txt
2018-03-15 19:47:27,235 DEBUG East Timor.txt
2018-03-15 19:47:30,226 DEBUG Fertilizer.txt
2018-03-15 19:47:30,424 DEBUG Mollusca.txt
2018-03-15 19:47:40,143 DEBUG List of countries by GDP (nominal) per capita.txt
2018-03-15 19:47:44,079 DEBUG Austronesian languages.txt
2018-03-15 19:47:52,305 DEBUG Northeastern United States.txt
2018-03-15 19:47:53,559 DEBUG James Clerk Maxwell.txt
2018-03-15 19:47:56,521 DEBUG Treaty.txt
2018-03-15 19:47:57,631 DEBUG Troy.txt
2018-03-15 19:48:03,275 DEBUG Household income in the United States.txt
2018-03-15 19:48:06,566 DEBUG Kingdom of Ireland.txt
2018-03-15 19:48:08,744 DEBUG Herefordshire.txt
2018-03-15 19:48:09,640 DEBUG Nashville, Tennessee.txt
2018-03-15 19:48:14,355 DEBUG Ethnomusicology.txt
2018-03-15 19:48:16,424 DEBUG Winston Churchill.txt
2018-03-15 19:48:31,704 DEBUG BBC.txt
2018-03-15 19:48:35,622 DEBUG Mars.txt
2018-03-15 19:48:45,797 DEBUG Western United States.txt
2018-03-15 19:49:37,091 DEBUG Trinity College, Cambridge.txt
2018-03-15 19:53:39,860 DEBUG Trinity College, Cambridge.txt
2018-03-15 19:53:41,645 DEBUG East Timor.txt
2018-03-15 19:53:44,044 DEBUG Fertilizer.txt
2018-03-15 19:53:44,203 DEBUG Mollusca.txt
2018-03-15 19:53:51,823 DEBUG List of countries by GDP (nominal) per capita.txt
2018-03-15 19:53:55,831 DEBUG Austronesian languages.txt
2018-03-15 19:54:05,432 DEBUG Northeastern United States.txt
2018-03-15 19:54:07,519 DEBUG James Clerk Maxwell.txt
2018-03-15 19:54:10,872 DEBUG Treaty.txt
2018-03-15 19:54:11,709 DEBUG Troy.txt
2018-03-15 19:54:15,009 DEBUG Household income in the United States.txt
2018-03-15 19:54:17,713 DEBUG Kingdom of Ireland.txt
2018-03-15 19:54:20,038 DEBUG Herefordshire.txt
2018-03-15 19:54:21,220 DEBUG Nashville, Tennessee.txt
2018-03-15 19:54:25,638 DEBUG Ethnomusicology.txt
2018-03-15 19:54:28,194 DEBUG Winston Churchill.txt
2018-03-15 19:54:42,441 DEBUG BBC.txt
2018-03-15 19:55:13,430 DEBUG Trinity College, Cambridge.txt
2018-03-15 19:55:16,205 DEBUG East Timor.txt
2018-03-15 19:55:19,440 DEBUG Fertilizer.txt
2018-03-15 19:55:19,622 DEBUG Mollusca.txt
2018-03-15 19:55:29,713 DEBUG List of countries by GDP (nominal) per capita.txt
2018-03-15 19:55:34,199 DEBUG Austronesian languages.txt
2018-03-15 19:55:42,849 DEBUG Northeastern United States.txt
2018-03-15 19:55:44,539 DEBUG James Clerk Maxwell.txt
2018-03-15 19:55:48,314 DEBUG Treaty.txt
2018-03-15 19:55:49,613 DEBUG Troy.txt
2018-03-15 19:55:54,820 DEBUG Household income in the United States.txt
2018-03-15 19:55:58,796 DEBUG Kingdom of Ireland.txt
2018-03-15 19:56:01,540 DEBUG Herefordshire.txt
2018-03-15 19:56:02,753 DEBUG Nashville, Tennessee.txt
2018-03-15 19:56:07,405 DEBUG Ethnomusicology.txt
2018-03-15 19:56:09,920 DEBUG Winston Churchill.txt
2018-03-15 19:56:23,973 DEBUG BBC.txt
2018-03-15 19:56:28,256 DEBUG Mars.txt
2018-03-15 19:56:37,112 DEBUG Western United States.txt
2018-03-15 19:56:40,611 DEBUG Her Majesty's Civil Service.txt
2018-03-15 19:56:44,704 DEBUG Fashion.txt
2018-03-15 19:56:46,501 DEBUG Philadelphia.txt
2018-03-15 19:58:14,251 DEBUG Trinity College, Cambridge.txt
2018-03-15 19:58:14,798 DEBUG East Timor.txt
2018-03-15 19:58:15,464 DEBUG Fertilizer.txt
2018-03-15 19:58:15,664 DEBUG Mollusca.txt
2018-03-15 19:58:16,229 DEBUG List of countries by GDP (nominal) per capita.txt
2018-03-15 19:58:16,797 DEBUG Austronesian languages.txt
2018-03-15 19:58:17,753 DEBUG Northeastern United States.txt
2018-03-15 19:58:18,492 DEBUG James Clerk Maxwell.txt
2018-03-15 19:58:19,164 DEBUG Treaty.txt
2018-03-15 19:58:19,852 DEBUG Troy.txt
2018-03-15 19:58:20,484 DEBUG Household income in the United States.txt
2018-03-15 19:58:21,245 DEBUG Kingdom of Ireland.txt
2018-03-15 19:58:21,835 DEBUG Herefordshire.txt
2018-03-15 19:58:22,661 DEBUG Nashville, Tennessee.txt
2018-03-15 19:58:23,693 DEBUG Ethnomusicology.txt
2018-03-15 19:58:25,078 DEBUG Winston Churchill.txt
2018-03-15 19:58:26,738 DEBUG BBC.txt
2018-03-15 19:58:27,941 DEBUG Mars.txt
2018-03-15 19:58:29,305 DEBUG Western United States.txt
2018-03-15 19:58:30,134 DEBUG Her Majesty's Civil Service.txt
2018-03-15 19:58:30,909 DEBUG Fashion.txt
2018-03-15 19:58:31,495 DEBUG Philadelphia.txt
2018-03-15 19:58:32,984 DEBUG Papal States.txt
2018-03-15 19:58:34,303 DEBUG Union (American Civil War).txt
2018-03-15 19:58:35,726 DEBUG Singer-songwriter.txt
2018-03-15 19:58:36,495 DEBUG Ridge-and-Valley Appalachians.txt
2018-03-15 19:58:37,911 DEBUG Eel.txt
2018-03-15 19:58:38,917 DEBUG Federazione Industria Musicale Italiana.txt
2018-03-15 19:58:40,071 DEBUG Indiana University Bloomington.txt
2018-03-15 19:58:40,997 DEBUG Benito Mussolini.txt
2018-03-15 19:58:43,402 DEBUG Sociolinguistics.txt
2018-03-15 19:58:44,377 DEBUG A9.com.txt
2018-03-15 19:58:45,534 DEBUG British Academy.txt
2018-03-15 19:58:46,497 DEBUG Toronto.txt
2018-03-15 19:58:48,998 DEBUG Huns.txt
2018-03-15 19:58:50,076 DEBUG Dependent territory.txt
2018-03-15 19:58:51,093 DEBUG Xerox.txt
2018-03-15 19:58:52,084 DEBUG The Oregonian.txt
2018-03-15 19:58:54,280 DEBUG Hubble Space Telescope.txt
2018-03-15 19:58:55,646 DEBUG Adam Smith.txt
2018-03-15 19:58:57,295 DEBUG Leonardo da Vinci.txt
2018-03-15 19:58:58,545 DEBUG Vegetable oil.txt
2018-03-15 19:58:59,413 DEBUG Civil society.txt
2018-03-15 19:59:00,395 DEBUG Great-circle distance.txt
2018-03-15 19:59:01,294 DEBUG Lateral consonant.txt
2018-03-15 19:59:02,033 DEBUG GameRankings.txt
2018-03-15 19:59:02,468 DEBUG Adobe Systems.txt
2018-03-15 19:59:03,316 DEBUG Right-wing politics.txt
2018-03-15 19:59:04,188 DEBUG Harvard College.txt
2018-03-15 19:59:05,982 DEBUG Logarithm.txt
2018-03-15 19:59:07,961 DEBUG Bharatiya Janata Party.txt
2018-03-15 19:59:09,436 DEBUG Human body.txt
2018-03-15 20:00:11,301 DEBUG Trinity College, Cambridge.txt
2018-03-15 20:00:11,903 DEBUG East Timor.txt
2018-03-15 20:00:12,618 DEBUG Fertilizer.txt
2018-03-15 20:00:12,817 DEBUG Mollusca.txt
2018-03-15 20:00:13,632 DEBUG List of countries by GDP (nominal) per capita.txt
2018-03-15 20:00:14,116 DEBUG Austronesian languages.txt
2018-03-15 20:00:15,284 DEBUG Northeastern United States.txt
2018-03-15 20:00:16,585 DEBUG James Clerk Maxwell.txt
2018-03-15 20:00:17,203 DEBUG Treaty.txt
2018-03-15 20:00:17,759 DEBUG Troy.txt
2018-03-15 20:00:18,425 DEBUG Household income in the United States.txt
2018-03-15 20:00:19,090 DEBUG Kingdom of Ireland.txt
2018-03-15 20:00:19,725 DEBUG Herefordshire.txt
2018-03-15 20:00:20,583 DEBUG Nashville, Tennessee.txt
2018-03-15 20:00:21,513 DEBUG Ethnomusicology.txt
2018-03-15 20:00:22,706 DEBUG Winston Churchill.txt
2018-03-15 20:00:24,561 DEBUG BBC.txt
2018-03-15 20:00:26,834 DEBUG Mars.txt
2018-03-15 20:00:28,104 DEBUG Western United States.txt
2018-03-15 20:00:29,088 DEBUG Her Majesty's Civil Service.txt
2018-03-15 20:00:29,767 DEBUG Fashion.txt
2018-03-15 20:00:30,808 DEBUG Philadelphia.txt
2018-03-15 20:00:32,112 DEBUG Papal States.txt
2018-03-15 20:00:33,341 DEBUG Union (American Civil War).txt
2018-03-15 20:00:34,618 DEBUG Singer-songwriter.txt
2018-03-15 20:00:35,384 DEBUG Ridge-and-Valley Appalachians.txt
2018-03-15 20:00:36,263 DEBUG Eel.txt
2018-03-15 20:00:36,893 DEBUG Federazione Industria Musicale Italiana.txt
2018-03-15 20:00:38,061 DEBUG Indiana University Bloomington.txt
2018-03-15 20:00:39,066 DEBUG Benito Mussolini.txt
2018-03-15 20:00:40,488 DEBUG Sociolinguistics.txt
2018-03-15 20:00:41,510 DEBUG A9.com.txt
2018-03-15 20:00:42,246 DEBUG British Academy.txt
2018-03-15 20:00:43,141 DEBUG Toronto.txt
2018-03-15 20:00:44,484 DEBUG Huns.txt
2018-03-15 20:00:45,502 DEBUG Dependent territory.txt
2018-03-15 20:00:46,394 DEBUG Xerox.txt
2018-03-15 20:00:47,254 DEBUG The Oregonian.txt
2018-03-15 20:00:48,017 DEBUG Hubble Space Telescope.txt
2018-03-15 20:00:49,149 DEBUG Adam Smith.txt
2018-03-15 20:00:50,243 DEBUG Leonardo da Vinci.txt
2018-03-15 20:00:51,657 DEBUG Vegetable oil.txt
2018-03-15 20:00:52,651 DEBUG Civil society.txt
2018-03-15 20:00:53,470 DEBUG Great-circle distance.txt
2018-03-15 20:00:54,973 DEBUG Lateral consonant.txt
2018-03-15 20:00:55,707 DEBUG GameRankings.txt
2018-03-15 20:00:56,264 DEBUG Adobe Systems.txt
2018-03-15 20:00:57,135 DEBUG Right-wing politics.txt
2018-03-15 20:00:57,900 DEBUG Harvard College.txt
2018-03-15 20:00:58,792 DEBUG Logarithm.txt
2018-03-15 20:00:59,859 DEBUG Bharatiya Janata Party.txt
2018-03-15 20:01:01,040 DEBUG Human body.txt
2018-03-15 20:01:01,969 DEBUG Windows.txt
2018-03-15 20:01:02,860 DEBUG Electrical resistance and conductance.txt
2018-03-15 20:01:03,014 DEBUG Zagreb.txt
2018-03-15 20:01:04,216 DEBUG Symbol.txt
2018-03-15 20:01:05,047 DEBUG Buckinghamshire.txt
2018-03-15 20:01:05,760 DEBUG Constituency.txt
2018-03-15 20:01:07,228 DEBUG Linebacker.txt
2018-03-15 20:01:07,892 DEBUG Canaan.txt
2018-03-15 20:01:08,930 DEBUG Federal Trade Commission.txt
2018-03-15 20:01:09,655 DEBUG Jersey.txt
2018-03-15 20:01:11,670 DEBUG Union Army.txt
2018-03-15 20:01:12,689 DEBUG Liquid-crystal display.txt
2018-03-15 20:01:13,499 DEBUG Dualism.txt
2018-03-15 20:01:14,366 DEBUG Online.txt
2018-03-15 20:01:15,122 DEBUG Telecommunications in Chad.txt
2018-03-15 20:01:15,347 DEBUG Orkney.txt
2018-03-15 20:01:16,356 DEBUG Geneva.txt
2018-03-15 20:01:17,344 DEBUG Australian Football League.txt
2018-03-15 20:01:18,428 DEBUG Sustainable design.txt
2018-03-15 20:01:19,313 DEBUG Telecommunications in Latvia.txt
2018-03-15 20:01:19,571 DEBUG Sergeant.txt
2018-03-15 20:01:20,377 DEBUG Lombardy.txt
2018-03-15 20:01:22,165 DEBUG Mobile phone.txt
2018-03-15 20:01:22,840 DEBUG Annual Reviews (publisher).txt
2018-03-15 20:01:23,568 DEBUG Flight altitude record.txt
2018-03-15 20:01:23,819 DEBUG University of Bologna.txt
2018-03-15 20:01:24,732 DEBUG Minnesota.txt
2018-03-15 20:01:26,751 DEBUG Banjo.txt
2018-03-15 20:01:27,525 DEBUG Telecommunications in Israel.txt
2018-03-15 20:01:28,241 DEBUG Chordata.txt
2018-03-15 20:01:29,085 DEBUG Atheism.txt
2018-03-15 20:01:30,403 DEBUG Fruit.txt
2018-03-15 20:01:31,138 DEBUG Lieutenant colonel.txt
2018-03-15 20:01:31,569 DEBUG Chad.txt
2018-03-15 20:01:32,509 DEBUG Web page.txt
2018-03-15 20:01:33,091 DEBUG Geographic Names Information System.txt
2018-03-15 20:01:33,625 DEBUG Sichuan.txt
2018-03-15 20:01:34,418 DEBUG Manifold.txt
2018-03-15 20:01:35,325 DEBUG Theme (Byzantine district).txt
2018-03-15 20:01:36,158 DEBUG Babylon.txt
2018-03-15 20:01:37,162 DEBUG Transylvania.txt
2018-03-15 20:01:37,959 DEBUG Madrid.txt
2018-03-15 20:01:39,305 DEBUG Gaul.txt
2018-03-15 20:01:41,149 DEBUG YouTube.txt
2018-03-15 20:01:42,328 DEBUG Iroquois.txt
2018-03-15 20:01:43,565 DEBUG Theodore Roosevelt.txt
2018-03-15 20:01:44,978 DEBUG Economic Cooperation Organization.txt
2018-03-15 20:01:46,458 DEBUG Folic acid.txt
2018-03-15 20:01:47,274 DEBUG Omaha, Nebraska.txt
2018-03-15 20:01:48,498 DEBUG Zanzibar.txt
2018-03-15 20:01:49,410 DEBUG Syfy.txt
2018-03-15 20:01:50,046 DEBUG Performance.txt
2018-03-15 20:01:50,536 DEBUG Academia.txt
2018-03-15 20:01:51,184 DEBUG Mascot.txt
2018-03-15 20:01:51,811 DEBUG Uralic languages.txt
2018-03-15 20:01:52,699 DEBUG Chemical nomenclature.txt
2018-03-15 20:01:54,241 DEBUG Sun-synchronous orbit.txt
2018-03-15 20:01:54,917 DEBUG Qur'an.txt
2018-03-15 20:01:56,130 DEBUG Reuters.txt
2018-03-15 20:01:57,015 DEBUG Telecommunications in Uganda.txt
2018-03-15 20:01:57,339 DEBUG Ethnography.txt
2018-03-15 20:01:58,109 DEBUG Coral Sea Islands.txt
2018-03-15 20:01:58,816 DEBUG Beirut.txt
2018-03-15 20:02:00,804 DEBUG Disability.txt
2018-03-15 20:02:01,534 DEBUG Zulu language.txt
2018-03-15 20:02:03,451 DEBUG Insurance in the United States.txt
2018-03-15 20:02:04,218 DEBUG The Miami Herald.txt
2018-03-15 20:02:05,122 DEBUG Clothing.txt
2018-03-15 20:02:06,806 DEBUG Norwich.txt
2018-03-15 20:02:08,240 DEBUG NBC.txt
2018-03-15 20:02:09,489 DEBUG Larynx.txt
2018-03-15 20:02:10,321 DEBUG Trilobite.txt
2018-03-15 20:02:11,190 DEBUG Papuan languages.txt
2018-03-15 20:02:12,985 DEBUG Voiceless alveolar fricative.txt
2018-03-15 20:02:13,273 DEBUG Holy Land.txt
2018-03-15 20:02:14,095 DEBUG Basque Country (autonomous community).txt
2018-03-15 20:02:14,941 DEBUG Municipalities of Switzerland.txt
2018-03-15 20:02:15,665 DEBUG Participle.txt
2018-03-15 20:02:16,731 DEBUG Illegal immigration to the United States.txt
2018-03-15 20:02:18,597 DEBUG Economic issues in the United States.txt
2018-03-15 20:02:20,392 DEBUG Kingdom of Hungary.txt
2018-03-15 20:02:21,411 DEBUG Suicide.txt
2018-03-15 20:02:23,075 DEBUG Bohemia.txt
2018-03-15 20:02:23,915 DEBUG Evolutionary history of life.txt
2018-03-15 20:02:25,373 DEBUG Skyscraper.txt
2018-03-15 20:02:26,246 DEBUG National Geographic (magazine).txt
2018-03-15 20:02:27,076 DEBUG Education.txt
2018-03-15 20:02:27,965 DEBUG Racism in the United States.txt
2018-03-15 20:02:29,894 DEBUG Judicial review.txt
2018-03-15 20:02:30,674 DEBUG Timeline of United States inventions (1890–1945).txt
2018-03-15 20:02:31,993 DEBUG PhD.txt
2018-03-15 20:02:33,317 DEBUG Eritrea.txt
2018-03-15 20:02:35,362 DEBUG Lower house.txt
2018-03-15 20:02:36,447 DEBUG Lead.txt
2018-03-15 20:02:37,914 DEBUG List of municipalities of Norway.txt
2018-03-15 20:02:39,321 DEBUG Standard-definition television.txt
2018-03-15 20:02:39,944 DEBUG Independent music.txt
2018-03-15 20:02:41,461 DEBUG Autocracy.txt
2018-03-15 20:02:42,311 DEBUG Palau.txt
2018-03-15 20:02:43,799 DEBUG The CW.txt
2018-03-15 20:02:45,129 DEBUG National Olympic Committee.txt
2018-03-15 20:02:46,157 DEBUG Multicellular organism.txt
2018-03-15 20:02:47,322 DEBUG C.txt
2018-03-15 20:02:48,424 DEBUG Kathmandu.txt
2018-03-15 20:02:49,570 DEBUG Stuttgart.txt
2018-03-15 20:02:51,427 DEBUG Early Middle Ages.txt
2018-03-15 20:02:52,303 DEBUG 1912 Summer Olympics.txt
2018-03-15 20:02:52,974 DEBUG Metalworking.txt
2018-03-15 20:02:53,806 DEBUG Length.txt
2018-03-15 20:02:54,546 DEBUG HDTV.txt
2018-03-15 20:02:55,029 DEBUG Bulgarian language.txt
2018-03-15 20:02:55,753 DEBUG Silica.txt
2018-03-15 20:02:56,613 DEBUG American National Standards Institute.txt
2018-03-15 20:02:57,182 DEBUG Federal territory.txt
2018-03-15 20:02:57,747 DEBUG Financial endowment.txt
2018-03-15 20:02:58,452 DEBUG Omnivore.txt
2018-03-15 20:02:59,092 DEBUG Iron.txt
2018-03-15 20:03:00,202 DEBUG Dental consonant.txt
2018-03-15 20:03:00,916 DEBUG Magazine.txt
2018-03-15 20:03:01,593 DEBUG Pittsburgh, Pennsylvania.txt
2018-03-15 20:03:02,926 DEBUG T.txt
2018-03-15 20:03:03,596 DEBUG Sapporo.txt
2018-03-15 20:03:04,331 DEBUG Western culture.txt
2018-03-15 20:03:04,874 DEBUG Model (profession).txt
2018-03-15 20:03:05,930 DEBUG Superphylum.txt
2018-03-15 20:03:06,781 DEBUG Yellow Sea.txt
2018-03-15 20:03:07,666 DEBUG Battleship.txt
2018-03-15 20:03:08,430 DEBUG ISO 6.txt
2018-03-15 20:03:09,684 DEBUG Oakland Athletics.txt
2018-03-15 20:03:10,503 DEBUG Bivalvia.txt
2018-03-15 20:03:12,464 DEBUG Digital distribution.txt
2018-03-15 20:03:13,232 DEBUG University of California.txt
2018-03-15 20:03:14,947 DEBUG Experiment.txt
2018-03-15 20:03:15,586 DEBUG Maryland.txt
2018-03-15 20:03:16,781 DEBUG Romanization of Armenian.txt
2018-03-15 20:03:17,015 DEBUG Adolescence.txt
2018-03-15 20:03:18,949 DEBUG Madrasa.txt
2018-03-15 20:03:19,559 DEBUG Gaelic football.txt
2018-03-15 20:03:20,207 DEBUG Existentialism.txt
2018-03-15 20:03:21,172 DEBUG Mining.txt
2018-03-15 20:03:21,943 DEBUG List of Tachinidae genera.txt
2018-03-15 20:03:22,798 DEBUG Starbucks.txt
2018-03-15 20:03:23,940 DEBUG Third party (United States).txt
2018-03-15 20:03:24,131 DEBUG Czech Republic.txt
2018-03-15 20:03:25,472 DEBUG Hillary Rodham Clinton.txt
2018-03-15 20:03:27,991 DEBUG Engineering.txt
2018-03-15 20:03:28,629 DEBUG Elizabeth II of the United Kingdom.txt
2018-03-15 20:03:30,419 DEBUG North Germanic languages.txt
2018-03-15 20:03:31,224 DEBUG University of Oregon.txt
2018-03-15 20:03:32,325 DEBUG Neogastropoda.txt
2018-03-15 20:03:32,510 DEBUG Trondheim.txt
2018-03-15 20:03:33,284 DEBUG Hydrology.txt
2018-03-15 20:03:33,978 DEBUG Tsunami.txt
2018-03-15 20:03:34,828 DEBUG Denmark.txt
2018-03-15 20:03:35,970 DEBUG Undergraduate education.txt
2018-03-15 20:03:36,611 DEBUG Pork.txt
2018-03-15 20:03:37,786 DEBUG Church Fathers.txt
2018-03-15 20:03:39,060 DEBUG Length of a degree of latitude.txt
