2018-03-15 18:49:47,184 DEBUG Aalborg Municipality
2018-03-15 18:49:48,836 DEBUG Aarhus
2018-03-15 18:49:49,179 DEBUG Northern cavefish
2018-03-15 18:49:49,250 DEBUG Alexis Carrel
2018-03-15 18:49:49,484 DEBUG All Souls' Day
2018-03-15 18:49:49,934 DEBUG Anatole France
2018-03-15 18:49:50,067 DEBUG André Gide
2018-03-15 18:49:50,204 DEBUG Algorithms for calculating variance
2018-03-15 18:49:50,284 DEBUG Almond
2018-03-15 18:49:50,412 DEBUG Demographics of Antigua and Barbuda
2018-03-15 18:49:50,460 DEBUG Politics of Antigua and Barbuda
2018-03-15 18:49:50,704 DEBUG Telecommunications in Antigua and Barbuda
2018-03-15 18:49:50,740 DEBUG Royal Antigua and Barbuda Defence Force
2018-03-15 18:49:50,794 DEBUG Antisemitism
2018-03-15 18:49:51,120 DEBUG Economy of Azerbaijan
2018-03-15 18:49:51,301 DEBUG Geography of Azerbaijan
2018-03-15 18:49:52,179 DEBUG Foreign relations of Azerbaijan
2018-03-15 18:49:52,209 DEBUG Azerbaijani Armed Forces
2018-03-15 18:49:52,396 DEBUG Geography of Armenia
2018-03-15 18:49:52,460 DEBUG Demographics of Armenia
2018-03-15 18:49:52,682 DEBUG Politics of Armenia
2018-03-15 18:49:52,905 DEBUG Economy of Armenia
2018-03-15 18:49:53,754 DEBUG Transport in Armenia
2018-03-15 18:49:53,875 DEBUG Armed Forces of Armenia
2018-03-15 18:49:54,127 DEBUG Foreign relations of Armenia
2018-03-15 18:49:54,562 DEBUG Geography of American Samoa
2018-03-15 18:49:56,448 DEBUG Demographics of American Samoa
2018-03-15 18:49:56,486 DEBUG Politics of American Samoa
2018-03-15 18:49:57,778 DEBUG Economy of American Samoa
2018-03-15 18:49:58,587 DEBUG Avicenna
2018-03-15 18:49:58,639 DEBUG The Ashes
2018-03-15 18:49:59,071 DEBUG Analysis
2018-03-15 18:49:59,246 DEBUG Abner Doubleday
2018-03-15 18:50:00,068 DEBUG Amplitude modulation
2018-03-15 18:50:00,399 DEBUG Augustin-Jean Fresnel
2018-03-15 18:50:00,542 DEBUG Abbot
2018-03-15 18:50:00,751 DEBUG Ardipithecus
2018-03-15 18:50:01,282 DEBUG Assembly line
2018-03-15 18:50:01,487 DEBUG Adelaide
2018-03-15 18:50:01,811 DEBUG Alan Garner
2018-03-15 18:50:02,020 DEBUG Atlantic (disambiguation)
2018-03-15 18:50:02,063 DEBUG Algebraic number
2018-03-15 18:50:03,427 DEBUG Automorphism
2018-03-15 18:50:03,571 DEBUG Accordion
2018-03-15 18:50:03,704 DEBUG Artificial intelligence
2018-03-15 18:50:04,216 DEBUG Afro Celt Sound System
2018-03-15 18:50:04,431 DEBUG Ancient philosophy
2018-03-15 18:50:04,495 DEBUG Anaximander
2018-03-15 18:50:04,745 DEBUG Architect
2018-03-15 18:50:05,117 DEBUG Abbreviation
2018-03-15 18:50:05,500 DEBUG Aphrodite
2018-03-15 18:50:05,796 DEBUG Antisymmetric relation
2018-03-15 18:50:06,382 DEBUG Aleister Crowley
2018-03-15 18:50:06,603 DEBUG Afterlife
2018-03-15 18:50:06,839 DEBUG Astrometry
2018-03-15 18:50:06,986 DEBUG Athena
2018-03-15 18:50:07,108 DEBUG Amber Diceless Roleplaying Game
2018-03-15 18:50:07,189 DEBUG Athene (disambiguation)
2018-03-15 18:50:07,226 DEBUG Alloy
2018-03-15 18:50:07,499 DEBUG Artistic revolution
2018-03-15 18:50:07,613 DEBUG Agrarianism
2018-03-15 18:50:07,690 DEBUG Angle
2018-03-15 18:50:07,757 DEBUG Acoustics
2018-03-15 18:50:07,950 DEBUG Atomic physics
2018-03-15 18:50:08,059 DEBUG American Sign Language
2018-03-15 18:50:08,397 DEBUG Applet
2018-03-15 18:50:08,535 DEBUG Alternate history
2018-03-15 18:50:08,969 DEBUG Atomic orbital
2018-03-15 18:50:09,185 DEBUG Amino acid
2018-03-15 18:50:09,704 DEBUG Alan Turing
2018-03-15 18:50:09,754 DEBUG Area
2018-03-15 18:50:10,002 DEBUG Astronomical unit
2018-03-15 18:50:10,453 DEBUG Artist
2018-03-15 18:50:10,670 DEBUG Actaeon
2018-03-15 18:50:10,771 DEBUG Anglicanism
2018-03-15 18:50:10,875 DEBUG Athens
2018-03-15 18:50:11,060 DEBUG Anguilla
2018-03-15 18:50:11,420 DEBUG Telecommunications in Anguilla
2018-03-15 18:50:11,465 DEBUG Ashmore and Cartier Islands
2018-03-15 18:50:11,540 DEBUG Acoustic theory
2018-03-15 18:50:11,661 DEBUG Alexander Mackenzie (politician)
2018-03-15 18:50:11,715 DEBUG Ashoka
2018-03-15 18:50:12,084 DEBUG American (word)
2018-03-15 18:50:12,258 DEBUG Ada (programming language)
2018-03-15 18:50:12,491 DEBUG Alfonso Cuarón
2018-03-15 18:50:12,640 DEBUG Arianism
2018-03-15 18:50:12,908 DEBUG Antoninus Pius
2018-03-15 18:50:13,049 DEBUG Advanced Encryption Standard
2018-03-15 18:50:13,270 DEBUG Argot
2018-03-15 18:50:13,910 DEBUG Anisotropy
2018-03-15 18:50:14,024 DEBUG Alpha decay
2018-03-15 18:50:14,176 DEBUG Extreme poverty
2018-03-15 18:50:14,616 DEBUG Analytical Engine
2018-03-15 18:50:14,849 DEBUG Augustus
2018-03-15 18:50:15,676 DEBUG Geography of Antarctica
2018-03-15 18:50:15,848 DEBUG Transport in Antarctica
2018-03-15 18:50:15,885 DEBUG Geography of Alabama
2018-03-15 18:50:16,248 DEBUG List of Governors of Alabama
2018-03-15 18:50:16,504 DEBUG Apocrypha
2018-03-15 18:50:16,765 DEBUG Antarctic Treaty System
2018-03-15 18:50:17,073 DEBUG Alfred Lawson
2018-03-15 18:50:17,279 DEBUG Ames, Iowa
2018-03-15 18:50:17,673 DEBUG Abalone
2018-03-15 18:50:17,733 DEBUG Abbess
2018-03-15 18:50:17,764 DEBUG Abdominal surgery
2018-03-15 18:50:19,009 DEBUG Abensberg
2018-03-15 18:50:19,074 DEBUG Arminianism
2018-03-15 18:50:19,283 DEBUG The Alan Parsons Project
2018-03-15 18:50:19,355 DEBUG Almost all
2018-03-15 18:50:19,422 DEBUG Aromatic hydrocarbon
2018-03-15 18:50:19,673 DEBUG Abbey
2018-03-15 18:50:20,312 DEBUG Annales school
2018-03-15 18:50:20,483 DEBUG Antimatter
2018-03-15 18:50:20,549 DEBUG Casa Batlló
2018-03-15 18:50:20,802 DEBUG Park Güell
2018-03-15 18:50:21,129 DEBUG Casa Milà
2018-03-15 18:50:21,235 DEBUG Antiparticle
2018-03-15 18:50:21,485 DEBUG Arabian Prince
2018-03-15 18:50:21,570 DEBUG Associative property
2018-03-15 18:50:21,652 DEBUG Apache Software Foundation
2018-03-15 18:50:21,866 DEBUG Americans with Disabilities Act of 1990
2018-03-15 18:50:22,030 DEBUG Apple I
2018-03-15 18:50:22,410 DEBUG Apatosaurus
2018-03-15 18:50:23,033 DEBUG Allosaurus
2018-03-15 18:50:23,458 DEBUG AK-47
2018-03-15 18:50:23,662 DEBUG Atanasoff–Berry computer
2018-03-15 18:50:23,731 DEBUG Andes
2018-03-15 18:50:23,883 DEBUG Ancylopoda
2018-03-15 18:50:24,476 DEBUG Anchor
2018-03-15 18:50:24,560 DEBUG Anbar (town)
2018-03-15 18:50:25,224 DEBUG Anazarbus
2018-03-15 18:50:25,250 DEBUG Anagram
2018-03-15 18:50:25,324 DEBUG Anadyr River
2018-03-15 18:50:25,746 DEBUG André-Marie Ampère
2018-03-15 18:50:25,943 DEBUG Ammonia
2018-03-15 18:50:26,373 DEBUG Amethyst
2018-03-15 18:50:26,456 DEBUG Albertosaurus
2018-03-15 18:50:26,875 DEBUG Assembly language
2018-03-15 18:50:27,135 DEBUG Ambrosia
2018-03-15 18:50:27,203 DEBUG Ambrose
2018-03-15 18:50:27,354 DEBUG Ambracia
2018-03-15 18:50:27,427 DEBUG Amber
2018-03-15 18:50:27,677 DEBUG Amalaric
2018-03-15 18:50:27,937 DEBUG Alphorn
2018-03-15 18:50:28,017 DEBUG Army
2018-03-15 18:50:28,455 DEBUG Alligatoridae
2018-03-15 18:50:28,490 DEBUG Alder
2018-03-15 18:50:28,574 DEBUG Amos Bronson Alcott
2018-03-15 18:50:28,944 DEBUG Arachnophobia
2018-03-15 18:50:28,973 DEBUG Alabaster
2018-03-15 18:50:29,265 DEBUG Ahab
2018-03-15 18:50:29,430 DEBUG ASIC (disambiguation)
2018-03-15 18:50:29,483 DEBUG Dasyproctidae
2018-03-15 18:50:30,125 DEBUG Algol
2018-03-15 18:50:30,492 DEBUG Amazing Grace
2018-03-15 18:50:30,543 DEBUG AOL
2018-03-15 18:50:31,814 DEBUG Anno Domini
2018-03-15 18:50:31,893 DEBUG Alcuin
2018-03-15 18:50:32,245 DEBUG Angilbert
2018-03-15 18:50:32,353 DEBUG Amine
2018-03-15 18:50:32,610 DEBUG Absolute zero
2018-03-15 18:50:37,779 DEBUG Adiabatic process
2018-03-15 18:50:37,913 DEBUG Amide
2018-03-15 18:50:38,038 DEBUG Animism
2018-03-15 18:50:38,166 DEBUG Antonio Vivaldi
2018-03-15 18:50:38,486 DEBUG Adrian
2018-03-15 18:50:38,765 DEBUG Aare
2018-03-15 18:50:38,948 DEBUG Abbotsford House
2018-03-15 18:50:39,048 DEBUG Abraham
2018-03-15 18:50:39,154 DEBUG Abraxas
2018-03-15 18:50:39,505 DEBUG Absalom
2018-03-15 18:50:39,536 DEBUG Abydos
2018-03-15 18:50:39,567 DEBUG Abydos, Egypt
2018-03-15 18:50:39,775 DEBUG Abydos (Hellespont)
2018-03-15 18:50:39,848 DEBUG Acacia sensu lato
2018-03-15 18:50:40,235 DEBUG Acapulco
2018-03-15 18:50:40,551 DEBUG Alan Kay
2018-03-15 18:50:40,673 DEBUG APL (programming language)
2018-03-15 18:50:41,259 DEBUG ALGOL
2018-03-15 18:50:41,315 DEBUG AWK
2018-03-15 18:50:41,491 DEBUG Asgard
2018-03-15 18:50:41,681 DEBUG Apollo program
2018-03-15 18:50:42,045 DEBUG Assault
2018-03-15 18:50:42,121 DEBUG Álfheimr
2018-03-15 18:50:42,150 DEBUG Ask and Embla
2018-03-15 18:50:42,310 DEBUG Alabama River
2018-03-15 18:50:42,986 DEBUG Alain de Lille
2018-03-15 18:50:43,090 DEBUG Alemanni
2018-03-15 18:50:43,180 DEBUG NYSE American
2018-03-15 18:50:43,298 DEBUG Alfred Russel Wallace
2018-03-15 18:50:43,694 DEBUG Australian Labor Party
2018-03-15 18:50:44,038 DEBUG Dodo (Alice's Adventures in Wonderland)
2018-03-15 18:50:44,187 DEBUG Lory (disambiguation)
2018-03-15 18:50:44,230 DEBUG Albert Alcibiades, Margrave of Brandenburg-Kulmbach
2018-03-15 18:50:44,251 DEBUG Albert the Bear
2018-03-15 18:50:44,286 DEBUG Albert of Brandenburg
2018-03-15 18:50:44,337 DEBUG Albert, Duke of Prussia
2018-03-15 18:50:44,561 DEBUG Aachen
2018-03-15 18:50:44,692 DEBUG Agate
2018-03-15 18:50:44,845 DEBUG Aspirin
2018-03-15 18:50:45,389 DEBUG Abner
2018-03-15 18:50:45,521 DEBUG Ahmed I
2018-03-15 18:50:45,667 DEBUG Ahmed II
2018-03-15 18:50:45,832 DEBUG Ahmed III
2018-03-15 18:50:46,148 DEBUG Ainu people
2018-03-15 18:50:46,214 DEBUG Acropolis
2018-03-15 18:50:46,321 DEBUG Acupuncture
2018-03-15 18:50:47,166 DEBUG Aeneas
2018-03-15 18:50:47,622 DEBUG Amaranth
2018-03-15 18:50:47,937 DEBUG Agapanthus africanus
2018-03-15 18:50:48,066 DEBUG Agamemnon
2018-03-15 18:50:48,248 DEBUG Aga Khan I
2018-03-15 18:50:48,289 DEBUG Aga Khan III
2018-03-15 18:50:48,554 DEBUG Alexander Agassiz
2018-03-15 18:50:48,571 DEBUG Agathon
2018-03-15 18:50:48,646 DEBUG Agesilaus II
2018-03-15 18:50:52,267 DEBUG Brit milah
2018-03-15 18:50:52,393 DEBUG Business ethics
2018-03-15 18:50:52,779 DEBUG British Standards
2018-03-15 18:50:52,842 DEBUG Building society
2018-03-15 18:50:53,309 DEBUG Blue Steel (missile)
2018-03-15 18:50:53,423 DEBUG Branch Davidians
2018-03-15 18:50:53,526 DEBUG Burwash Hall
2018-03-15 18:50:53,688 DEBUG Benzodiazepine
2018-03-15 18:50:54,071 DEBUG Bell curve (disambiguation)
2018-03-15 18:50:54,143 DEBUG Body mass index
2018-03-15 18:50:54,273 DEBUG Behistun Inscription
2018-03-15 18:50:54,345 DEBUG Barry Goldwater
2018-03-15 18:50:54,775 DEBUG Baralong incidents
2018-03-15 18:50:54,825 DEBUG Bladder (disambiguation)
2018-03-15 18:50:54,943 DEBUG Bob Young (businessman)
2018-03-15 18:50:56,671 DEBUG Babylon 5
2018-03-15 18:50:57,013 DEBUG BeOS
2018-03-15 18:50:57,263 DEBUG Biome
2018-03-15 18:50:57,628 DEBUG Behavior
2018-03-15 18:50:57,712 DEBUG Battle of Marathon
2018-03-15 18:50:57,999 DEBUG Balance of trade
2018-03-15 18:50:58,071 DEBUG Biosphere
2018-03-15 18:50:58,158 DEBUG Biological membrane
2018-03-15 18:50:58,389 DEBUG Balfour Declaration of 1926
2018-03-15 18:50:58,956 DEBUG Balfour Declaration
2018-03-15 18:50:59,086 DEBUG Black Hand (Serbia)
2018-03-15 18:50:59,138 DEBUG Board of directors
2018-03-15 18:50:59,378 DEBUG Balkan Wars
2018-03-15 18:50:59,673 DEBUG BeBox
2018-03-15 18:50:59,786 DEBUG Biomedical engineering
2018-03-15 18:51:00,119 DEBUG Balkans
2018-03-15 18:51:00,361 DEBUG Bohr model
2018-03-15 18:51:00,633 DEBUG Bombay Sapphire
2018-03-15 18:51:01,766 DEBUG Bob Wills
2018-03-15 18:51:02,011 DEBUG Badtrans
2018-03-15 18:51:02,734 DEBUG Barış Manço
2018-03-15 18:51:03,116 DEBUG Blitz BASIC
2018-03-15 18:51:03,525 DEBUG Bliss bibliographic classification
2018-03-15 18:51:03,803 DEBUG Blood alcohol content
2018-03-15 18:51:03,863 DEBUG Barrister
2018-03-15 18:51:04,244 DEBUG Battle of Gettysburg
2018-03-15 18:51:05,010 DEBUG Budweiser
2018-03-15 18:51:05,659 DEBUG Bermuda Triangle
2018-03-15 18:51:06,355 DEBUG Borough
2018-03-15 18:51:06,438 DEBUG Bodmin
2018-03-15 18:51:06,513 DEBUG Bodmin Moor
2018-03-15 18:51:06,965 DEBUG Berkeley, California
2018-03-15 18:51:07,542 DEBUG Bolventor
2018-03-15 18:51:08,101 DEBUG Bengal
2018-03-15 18:51:08,269 DEBUG Bucket argument
2018-03-15 18:51:08,449 DEBUG Roman Breviary
2018-03-15 18:51:08,977 DEBUG B. F. Skinner
2018-03-15 18:51:09,266 DEBUG Bill Macy
2018-03-15 18:51:09,381 DEBUG Bob Knight
2018-03-15 18:51:09,701 DEBUG Black metal
2018-03-15 18:51:09,947 DEBUG Blizzard Entertainment
2018-03-15 18:51:10,463 DEBUG Robert Bellarmine
2018-03-15 18:51:10,639 DEBUG Bildungsroman
2018-03-15 18:51:10,679 DEBUG Bachelor
2018-03-15 18:51:10,770 DEBUG Background radiation
2018-03-15 18:51:10,911 DEBUG Banquo
2018-03-15 18:51:11,262 DEBUG British Army
2018-03-15 18:51:11,364 DEBUG Bayesian probability
2018-03-15 18:51:11,508 DEBUG Bert Bell
2018-03-15 18:51:11,672 DEBUG Bob Costas
2018-03-15 18:51:11,869 DEBUG Bamberg
2018-03-15 18:51:12,047 DEBUG Bill Mumy
2018-03-15 18:51:12,308 DEBUG House of Bonaparte
2018-03-15 18:51:12,537 DEBUG Beta sheet
2018-03-15 18:51:12,787 DEBUG Beryl
2018-03-15 18:51:13,040 DEBUG Basel
2018-03-15 18:51:13,230 DEBUG Black Russian
2018-03-15 18:51:13,348 DEBUG Bunnies & Burrows
2018-03-15 18:51:13,628 DEBUG Bundaberg Rum
2018-03-15 18:51:13,702 DEBUG Ben Nevis
2018-03-15 18:51:13,834 DEBUG Bipolar I disorder
2018-03-15 18:51:13,911 DEBUG Bacardi
2018-03-15 18:51:14,359 DEBUG Black and Tans
2018-03-15 18:51:15,345 DEBUG Bunsen burner
2018-03-15 18:51:15,378 DEBUG Blue whale
2018-03-15 18:51:15,610 DEBUG Bolsheviks
2018-03-15 18:51:15,809 DEBUG Battle of Świecino
2018-03-15 18:51:15,962 DEBUG Barney Bubbles
2018-03-15 18:51:16,197 DEBUG Blackridge, Pennsylvania
2018-03-15 18:51:16,303 DEBUG Basic English
2018-03-15 18:51:16,472 DEBUG Brass instrument
2018-03-15 18:51:16,667 DEBUG Blood libel
2018-03-15 18:51:16,747 DEBUG Bagpuss
2018-03-15 18:51:17,329 DEBUG Naive set theory
2018-03-15 18:51:17,377 DEBUG Murmured voice
2018-03-15 18:51:17,525 DEBUG Bézout's identity
2018-03-15 18:51:17,565 DEBUG Banacek
2018-03-15 18:51:17,692 DEBUG Blue Angels
2018-03-15 18:51:17,884 DEBUG Born again
2018-03-15 18:51:17,948 DEBUG Rockwell B-1 Lancer
2018-03-15 18:51:18,344 DEBUG Book of Common Prayer
2018-03-15 18:51:19,092 DEBUG Bokken
2018-03-15 18:51:19,313 DEBUG Birmingham Small Arms Company
2018-03-15 18:51:19,404 DEBUG Bovril
2018-03-15 18:51:19,522 DEBUG Benjamin D. Santer
2018-03-15 18:51:20,168 DEBUG Bernoulli number
2018-03-15 18:51:20,376 DEBUG Bubble Bobble
2018-03-15 18:51:20,677 DEBUG Blackwood convention
2018-03-15 18:51:20,889 DEBUG Bill Bixby
2018-03-15 18:51:21,150 DEBUG Boer
2018-03-15 18:51:21,409 DEBUG Bronze Star Medal
2018-03-15 18:51:21,466 DEBUG Ballarat
2018-03-15 18:51:21,990 DEBUG Battle of Abritus
2018-03-15 18:51:22,291 DEBUG Battle of Berestechko
2018-03-15 18:51:22,607 DEBUG Bohdan Khmelnytsky
2018-03-15 18:51:22,839 DEBUG Ben Bova
2018-03-15 18:51:24,149 DEBUG Battle of Okinawa
2018-03-15 18:51:24,346 DEBUG Battle of El Alamein
2018-03-15 18:51:24,503 DEBUG Brezhnev Doctrine
2018-03-15 18:51:24,623 DEBUG Bain-marie
2018-03-15 18:51:25,029 DEBUG Belgian (disambiguation)
2018-03-15 18:51:25,069 DEBUG Ballu tundu
2018-03-15 18:51:26,213 DEBUG Barbagia
2018-03-15 18:51:27,274 DEBUG Brabham
2018-03-15 18:51:28,041 DEBUG Boeing B-17 Flying Fortress
2018-03-15 18:51:28,415 DEBUG Bathyscaphe Trieste
2018-03-15 18:51:28,509 DEBUG Battle of Bouvines
2018-03-15 18:51:28,802 DEBUG Battle of Actium
2018-03-15 18:51:29,046 DEBUG Zebrafish
2018-03-15 18:51:29,685 DEBUG Battle of Adwa
2018-03-15 18:51:29,933 DEBUG Bistability
2018-03-15 18:51:30,594 DEBUG Bjørn Lomborg
2018-03-15 18:51:30,836 DEBUG Banda Islands
2018-03-15 18:51:31,335 DEBUG Brisbane Broncos
2018-03-15 18:51:31,867 DEBUG Brisbane Lions
2018-03-15 18:51:32,220 DEBUG Bloody Sunday (1972)
2018-03-15 18:51:32,790 DEBUG Bruno of Querfurt
2018-03-15 18:51:32,853 DEBUG Bo Diddley
2018-03-15 18:51:33,315 DEBUG Bela Lugosi
2018-03-15 18:51:33,360 DEBUG Bride of the Monster
2018-03-15 18:51:33,500 DEBUG Berry paradox
2018-03-15 18:51:33,715 DEBUG List of Olympic medalists in biathlon
2018-03-15 18:51:33,768 DEBUG Biathlon World Championships
2018-03-15 18:51:34,904 DEBUG Inedia
2018-03-15 18:51:35,054 DEBUG Bihar (disambiguation)
2018-03-15 18:51:35,156 DEBUG Belfast
2018-03-15 18:51:35,412 DEBUG Biotite
2018-03-15 18:51:35,879 DEBUG Brigham Young
2018-03-15 18:51:36,240 DEBUG Burns supper
2018-03-15 18:51:36,515 DEBUG Bill Bryson
2018-03-15 18:51:36,791 DEBUG Big Audio Dynamite
2018-03-15 18:51:37,021 DEBUG Bentley
2018-03-15 18:51:37,125 DEBUG Chordate
2018-03-15 18:51:37,385 DEBUG Charlize Theron
2018-03-15 18:51:37,488 DEBUG Chess
2018-03-15 18:51:39,681 DEBUG Charlie Chaplin
2018-03-15 18:51:39,881 DEBUG Draft:Cryptology
2018-03-15 18:51:40,032 DEBUG The World Factbook
2018-03-15 18:51:40,452 DEBUG Country
2018-03-15 18:51:40,660 DEBUG Copenhagen
2018-03-15 18:51:41,523 DEBUG Combinatorics
2018-03-15 18:51:41,727 DEBUG Calculus
2018-03-15 18:51:42,408 DEBUG Communication
2018-03-15 18:51:42,464 DEBUG Classics
2018-03-15 18:51:42,805 DEBUG Chemistry
2018-03-15 18:51:43,623 DEBUG Cytoplasm
2018-03-15 18:51:44,038 DEBUG Christ (title)
2018-03-15 18:51:44,238 DEBUG Central Europe
2018-03-15 18:51:44,725 DEBUG Geography of Canada
2018-03-15 18:51:44,811 DEBUG Demographics of Canada
2018-03-15 18:51:44,887 DEBUG Politics of Canada
2018-03-15 18:51:45,450 DEBUG Economy of Canada
2018-03-15 18:51:46,111 DEBUG Telecommunications in Canada
2018-03-15 18:51:46,286 DEBUG Transportation in Canada
2018-03-15 18:51:46,826 DEBUG Canada–United States relations
2018-03-15 18:51:48,412 DEBUG Christianity
2018-03-15 18:51:49,070 DEBUG Computing
2018-03-15 18:51:49,460 DEBUG Casino
2018-03-15 18:51:49,988 DEBUG Khmer language
2018-03-15 18:51:50,384 DEBUG Central processing unit
2018-03-15 18:51:50,644 DEBUG Carnivora
2018-03-15 18:51:51,007 DEBUG Colombia
2018-03-15 18:51:51,908 DEBUG Citizen Kane
2018-03-15 18:51:53,440 DEBUG Code
2018-03-15 18:51:53,723 DEBUG Cheirogaleidae
2018-03-15 18:51:53,872 DEBUG Callitrichidae
2018-03-15 18:51:54,450 DEBUG Cebidae
2018-03-15 18:51:55,542 DEBUG Chondrichthyes
2018-03-15 18:51:55,640 DEBUG Carl Linnaeus
2018-03-15 18:51:55,955 DEBUG Coast
2018-03-15 18:51:56,533 DEBUG Catatonia
2018-03-15 18:51:56,600 DEBUG Cipher
2018-03-15 18:51:56,923 DEBUG Country music
2018-03-15 18:51:57,173 DEBUG Cold War (1947–1953)
2018-03-15 18:51:57,254 DEBUG Crony capitalism
2018-03-15 18:51:57,866 DEBUG Constitution
2018-03-15 18:51:58,521 DEBUG Common law
2018-03-15 18:52:02,230 DEBUG Court of appeals (disambiguation)
2018-03-15 18:52:02,268 DEBUG Common descent
2018-03-15 18:52:02,406 DEBUG Celtic music
2018-03-15 18:52:02,482 DEBUG Constellation
2018-03-15 18:52:02,561 DEBUG Car (disambiguation)
2018-03-15 18:52:02,606 DEBUG Printer (computing)
2018-03-15 18:52:02,642 DEBUG Copyright
2018-03-15 18:52:02,882 DEBUG Catalan language
2018-03-15 18:52:03,122 DEBUG STS-51-F
2018-03-15 18:52:03,207 DEBUG Classical period (music)
2018-03-15 18:52:03,382 DEBUG Character encoding
2018-03-15 18:52:03,500 DEBUG Control character
2018-03-15 18:52:03,563 DEBUG Carbon
2018-03-15 18:52:03,775 DEBUG Computer data storage
2018-03-15 18:52:03,871 DEBUG Cone (disambiguation)
2018-03-15 18:52:03,901 DEBUG Chemical equilibrium
2018-03-15 18:52:04,043 DEBUG Combination
2018-03-15 18:52:04,089 DEBUG Software
2018-03-15 18:52:04,174 DEBUG Computer programming
2018-03-15 18:52:04,319 DEBUG The Consolation of Philosophy
2018-03-15 18:52:04,388 DEBUG Crouching Tiger, Hidden Dragon
2018-03-15 18:52:04,523 DEBUG Charlemagne
2018-03-15 18:52:04,681 DEBUG Character encodings in HTML
2018-03-15 18:52:04,743 DEBUG Carbon nanotube
2018-03-15 18:52:04,868 DEBUG Czech Republic
2018-03-15 18:52:05,118 DEBUG Czechoslovakia
2018-03-15 18:52:05,155 DEBUG Computer science
2018-03-15 18:52:05,247 DEBUG Catalan
2018-03-15 18:52:05,260 DEBUG Creationism
2018-03-15 18:52:06,774 DEBUG Down
2018-03-15 18:52:06,804 DEBUG David
2018-03-15 18:52:06,835 DEBUG Diablo II
2018-03-15 18:52:07,078 DEBUG Design
2018-03-15 18:52:07,204 DEBUG Denormalization
2018-03-15 18:52:07,593 DEBUG Differential topology
2018-03-15 18:52:07,663 DEBUG Diffeomorphism
2018-03-15 18:52:07,824 DEBUG Dune Messiah
2018-03-15 18:52:08,160 DEBUG Duke Nukem 3D
2018-03-15 18:52:08,392 DEBUG Daoism–Taoism romanization issue
2018-03-15 18:52:08,482 DEBUG Tao Te Ching
2018-03-15 18:52:08,670 DEBUG Detroit Lions
2018-03-15 18:52:08,910 DEBUG Dyne
2018-03-15 18:52:09,023 DEBUG Detroit Tigers
2018-03-15 18:52:10,158 DEBUG Diocletian
2018-03-15 18:52:11,189 DEBUG Deism
2018-03-15 18:52:11,573 DEBUG Dramaturge
2018-03-15 18:52:11,652 DEBUG Dyson sphere
2018-03-15 18:52:11,846 DEBUG Democide
2018-03-15 18:52:12,974 DEBUG Domitian
2018-03-15 18:52:13,173 DEBUG Damascus steel
2018-03-15 18:52:13,436 DEBUG Stab-in-the-back myth
2018-03-15 18:52:13,594 DEBUG Davenport, Iowa
2018-03-15 18:52:14,141 DEBUG Diffraction
2018-03-15 18:52:14,778 DEBUG Stephen Donaldson (activist)
2018-03-15 18:52:14,988 DEBUG Dolmen
2018-03-15 18:52:15,266 DEBUG Declination
2018-03-15 18:52:15,479 DEBUG Diaspora
2018-03-15 18:52:15,793 DEBUG List of dog breeds
2018-03-15 18:52:16,023 DEBUG Daniel Jones (phonetician)
2018-03-15 18:52:16,223 DEBUG David Beckham
2018-03-15 18:52:16,788 DEBUG Dianic Wicca
2018-03-15 18:52:16,965 DEBUG Dynamic Host Configuration Protocol
2018-03-15 18:52:17,140 DEBUG Dava Sobel
2018-03-15 18:52:18,251 DEBUG Differential geometry
2018-03-15 18:52:18,312 DEBUG Dhole
2018-03-15 18:52:18,489 DEBUG Donald Rumsfeld
2018-03-15 18:52:19,192 DEBUG Diego Garcia
2018-03-15 18:52:20,091 DEBUG Dimmu Borgir
2018-03-15 18:52:20,282 DEBUG Druze
2018-03-15 18:52:20,609 DEBUG Door
2018-03-15 18:52:20,889 DEBUG Database normalization
2018-03-15 18:52:21,027 DEBUG Desmothoracid
2018-03-15 18:52:21,127 DEBUG Dalhousie University
2018-03-15 18:52:21,281 DEBUG Molecular diffusion
2018-03-15 18:52:21,516 DEBUG Declension
2018-03-15 18:52:21,606 DEBUG Daffynition
2018-03-15 18:52:21,658 DEBUG List of football clubs in the Netherlands
2018-03-15 18:52:24,344 DEBUG Dragon 32/64
2018-03-15 18:52:24,608 DEBUG Dark matter
2018-03-15 18:52:24,662 DEBUG Ducati Motor Holding S.p.A.
2018-03-15 18:52:25,271 DEBUG Data General Nova
2018-03-15 18:52:25,505 DEBUG Protestant Church in the Netherlands
2018-03-15 18:52:25,548 DEBUG Christian Church (Disciples of Christ)
2018-03-15 18:52:25,704 DEBUG David Rice Atchison
2018-03-15 18:52:26,011 DEBUG Daniel Gabriel Fahrenheit
2018-03-15 18:52:26,143 DEBUG Freescale DragonBall
2018-03-15 18:52:26,816 DEBUG Double-slit experiment
2018-03-15 18:52:26,913 DEBUG Dan Bricklin
2018-03-15 18:52:27,123 DEBUG Digital Enhanced Cordless Telecommunications
2018-03-15 18:52:27,269 DEBUG Donn
2018-03-15 18:52:27,316 DEBUG Data compression ratio
2018-03-15 18:52:27,424 DEBUG Disc jockey
2018-03-15 18:52:27,702 DEBUG Detroit
2018-03-15 18:52:28,696 DEBUG Deccan Traps
2018-03-15 18:52:28,936 DEBUG Don't ask, don't tell
2018-03-15 18:52:29,534 DEBUG Divination
2018-03-15 18:52:29,710 DEBUG Diet of Nuremberg
2018-03-15 18:52:29,755 DEBUG Dr. Strangelove
2018-03-15 18:52:30,633 DEBUG DNA ligase
2018-03-15 18:52:30,941 DEBUG Dewey Decimal Classification
2018-03-15 18:52:31,252 DEBUG Dukkha
2018-03-15 18:52:31,553 DEBUG Darwin Awards
2018-03-15 18:52:31,667 DEBUG Outline of dance
2018-03-15 18:52:31,694 DEBUG DKW
2018-03-15 18:52:31,848 DEBUG Doctor Syn
2018-03-15 18:52:32,090 DEBUG Dhrystone
2018-03-15 18:52:32,298 DEBUG Dave Winer
2018-03-15 18:52:32,569 DEBUG Taiko
2018-03-15 18:52:32,955 DEBUG Dolly Parton
2018-03-15 18:52:33,407 DEBUG Diprotodon
2018-03-15 18:52:33,603 DEBUG Dirk Benedict
2018-03-15 18:52:33,842 DEBUG Doppler effect
2018-03-15 18:52:33,975 DEBUG ΔT
2018-03-15 18:52:34,051 DEBUG David Deutsch
2018-03-15 18:52:34,328 DEBUG Volkssturm
2018-03-15 18:52:34,616 DEBUG Director's cut
2018-03-15 18:52:34,701 DEBUG Digital video
2018-03-15 18:52:34,972 DEBUG BIND
2018-03-15 18:52:35,099 DEBUG Djbdns
2018-03-15 18:52:36,234 DEBUG Dylan (programming language)
2018-03-15 18:52:36,327 DEBUG Dublin Core
2018-03-15 18:52:36,562 DEBUG Document Object Model
2018-03-15 18:52:36,753 DEBUG Design pattern
2018-03-15 18:52:36,819 DEBUG N,N-Dimethyltryptamine
2018-03-15 18:52:37,083 DEBUG Da capo
2018-03-15 18:52:38,318 DEBUG Dominatrix
2018-03-15 18:52:38,464 DEBUG Flag of Denmark
2018-03-15 18:52:38,527 DEBUG Dharma
2018-03-15 18:52:38,741 DEBUG Daniel Dennett
2018-03-15 18:52:38,785 DEBUG Darwin's Dangerous Idea
2018-03-15 18:52:39,029 DEBUG Douglas Hofstadter
2018-03-15 18:52:39,184 DEBUG Dahomey
2018-03-15 18:52:39,284 DEBUG Dragoon
2018-03-15 18:52:39,391 DEBUG Dulcimer
2018-03-15 18:52:39,996 DEBUG Dutch West India Company
2018-03-15 18:52:40,383 DEBUG Dyula language
2018-03-15 18:52:41,060 DEBUG Desi Arnaz
2018-03-15 18:52:41,247 DEBUG DNA virus
2018-03-15 18:52:41,587 DEBUG Daniel Ortega
2018-03-15 18:52:41,740 DEBUG Destroyer
2018-03-15 18:52:41,870 DEBUG Debian GNU/Hurd
2018-03-15 18:52:42,407 DEBUG Dorothy Parker
2018-03-15 18:52:42,436 DEBUG Dylan Thomas
2018-03-15 18:52:42,575 DEBUG Fern Hill
2018-03-15 18:52:43,112 DEBUG David Bowie
2018-03-15 18:52:43,763 DEBUG Dennis Hopper
2018-03-15 18:52:44,132 DEBUG Detroit Red Wings
2018-03-15 18:52:44,419 DEBUG Demiurge
2018-03-15 18:52:44,683 DEBUG Doubravka of Bohemia
2018-03-15 18:52:44,755 DEBUG D. B. Cooper
2018-03-15 18:52:45,357 DEBUG Distributism
2018-03-15 18:52:46,018 DEBUG Dehydroepiandrosterone
2018-03-15 18:52:46,141 DEBUG Discrete Fourier transform
2018-03-15 18:52:46,767 DEBUG Dual polyhedron
2018-03-15 18:52:46,862 DEBUG Double bass
2018-03-15 18:52:47,508 DEBUG Deicide (band)
2018-03-15 18:52:47,931 DEBUG Division of labour
2018-03-15 18:52:48,224 DEBUG Davy lamp
2018-03-15 18:52:48,519 DEBUG Docklands Light Railway
2018-03-15 18:52:48,677 DEBUG Dundee
2018-03-15 18:52:49,094 DEBUG Do Not Adjust Your Set
2018-03-15 18:52:49,764 DEBUG West Memphis Three
2018-03-15 18:52:50,111 DEBUG Donald Dewar
2018-03-15 18:52:50,203 DEBUG Digimon
2018-03-15 18:52:50,442 DEBUG David Beatty, 1st Earl Beatty
2018-03-15 18:52:50,924 DEBUG Dictum of Kenilworth
2018-03-15 18:52:52,267 DEBUG London Docklands
2018-03-15 18:52:52,637 DEBUG Diesel multiple unit
2018-03-15 18:52:53,025 DEBUG Donald A. Wollheim
2018-03-15 18:52:53,201 DEBUG Digital cinema
2018-03-15 18:52:53,883 DEBUG Democratic Progressive Party
2018-03-15 18:52:53,974 DEBUG Datura
2018-03-15 18:52:54,220 DEBUG Commutator subgroup
2018-03-15 18:52:54,330 DEBUG Dr. Seuss
2018-03-15 18:52:54,584 DEBUG Digital compositing
2018-03-15 18:52:54,793 DEBUG Dandy
2018-03-15 18:52:54,934 DEBUG Dubbing (filmmaking)
2018-03-15 18:52:55,038 DEBUG Delaunay triangulation
2018-03-15 18:52:55,234 DEBUG Defendant
2018-03-15 18:52:55,382 DEBUG Domitius Afer
2018-03-15 18:52:55,480 DEBUG Dan Simmons
2018-03-15 18:52:55,664 DEBUG Denis Auguste Affre
2018-03-15 18:52:55,799 DEBUG Denis Leary
2018-03-15 18:52:55,848 DEBUG Recreational use of dextromethorphan
2018-03-15 18:52:56,090 DEBUG Doctor (title)
2018-03-15 18:52:57,300 DEBUG Domnall mac Ailpín
2018-03-15 18:52:57,922 DEBUG Danse Macabre
2018-03-15 18:52:57,956 DEBUG David Abercromby
2018-03-15 18:52:58,511 DEBUG Deconstruction
2018-03-15 18:52:58,935 DEBUG Direct product
2018-03-15 18:52:59,148 DEBUG Déjà vu
2018-03-15 18:52:59,234 DEBUG Dionysius Thrax
2018-03-15 18:52:59,854 DEBUG Despina
2018-03-15 18:53:00,016 DEBUG Discrimination
2018-03-15 18:53:00,403 DEBUG Double-ended queue
2018-03-15 18:53:00,516 DEBUG Diene
2018-03-15 18:53:00,617 DEBUG Diatessaron
2018-03-15 18:53:00,914 DEBUG Dean Koontz
2018-03-15 18:53:01,263 DEBUG Drake equation
2018-03-15 18:53:01,313 DEBUG Damascus
2018-03-15 18:53:01,778 DEBUG Diplomatic immunity
2018-03-15 18:53:02,206 DEBUG DDR SDRAM
2018-03-15 18:53:02,406 DEBUG Don Rosa
2018-03-15 18:53:02,523 DEBUG Dziga Vertov
2018-03-15 18:53:02,623 DEBUG Delaware General Corporation Law
2018-03-15 18:53:02,953 DEBUG Detroit River
2018-03-15 18:53:03,353 DEBUG Dsungaripterus
2018-03-15 18:53:04,456 DEBUG David Huffman
2018-03-15 18:53:04,482 DEBUG Dagome iudex
2018-03-15 18:53:04,587 DEBUG Derek Walcott
2018-03-15 18:53:05,240 DEBUG Decipherment
2018-03-15 18:53:05,533 DEBUG Decca Navigator System
2018-03-15 18:53:05,703 DEBUG Dana Rohrabacher
2018-03-15 18:53:06,193 DEBUG DARPA
2018-03-15 18:53:06,262 DEBUG Dunstan
2018-03-15 18:53:06,424 DEBUG Deprogramming
2018-03-15 18:53:07,091 DEBUG Daily Planet
2018-03-15 18:53:07,175 DEBUG Digital Private Network Signalling System
2018-03-15 18:53:07,259 DEBUG Digital Access Signalling System 2
2018-03-15 18:53:07,392 DEBUG Devanagari
2018-03-15 18:53:07,540 DEBUG Diplomatic mission
2018-03-15 18:53:07,890 DEBUG DEC Alpha
2018-03-15 18:53:08,151 DEBUG Dagger
2018-03-15 18:53:08,414 DEBUG Dominican Order
2018-03-15 18:53:08,704 DEBUG Don McLean
2018-03-15 18:53:08,834 DEBUG DirkJan
2018-03-15 18:53:09,906 DEBUG Duck Hunt
2018-03-15 18:53:10,022 DEBUG Das Boot
2018-03-15 18:53:10,090 DEBUG Dynamic HTML
2018-03-15 18:53:10,151 DEBUG Distance education
2018-03-15 18:53:10,484 DEBUG Death of a Hero
2018-03-15 18:53:10,538 DEBUG Degree Confluence Project
2018-03-15 18:53:10,586 DEBUG Danny Kaye
2018-03-15 18:53:10,670 DEBUG Dan DeCarlo
2018-03-15 18:53:10,780 DEBUG Debit card
2018-03-15 18:53:10,935 DEBUG Dance Dance Revolution
2018-03-15 18:53:11,099 DEBUG Dual Alliance (1879)
2018-03-15 18:53:11,693 DEBUG Developmental psychology
2018-03-15 18:53:11,923 DEBUG DNA replication
2018-03-15 18:53:12,033 DEBUG Daisy Duck
2018-03-15 18:53:12,168 DEBUG Dot-com bubble
2018-03-15 18:53:12,226 DEBUG Discounted cash flow
2018-03-15 18:53:12,326 DEBUG Lists of deities
2018-03-15 18:53:12,358 DEBUG Dachau
2018-03-15 18:53:13,995 DEBUG Gadolinium
2018-03-15 18:53:15,665 DEBUG German Unity Day
2018-03-15 18:53:15,985 DEBUG Alliance 90/The Greens
2018-03-15 18:53:16,399 DEBUG Gheorghe Zamfir
2018-03-15 18:53:16,459 DEBUG Georg Henrik von Wright
2018-03-15 18:53:16,648 DEBUG Gaudy Night
2018-03-15 18:53:16,735 DEBUG G
2018-03-15 18:53:17,270 DEBUG Gamma
2018-03-15 18:53:17,890 DEBUG Goitre
2018-03-15 18:53:17,986 DEBUG Genetics
2018-03-15 18:53:18,095 DEBUG George Pappas
2018-03-15 18:53:18,187 DEBUG Guy de Maupassant
2018-03-15 18:53:18,226 DEBUG Gheorghe Hagi
2018-03-15 18:53:18,505 DEBUG Gordon Banks
2018-03-15 18:53:19,054 DEBUG Ganglion
2018-03-15 18:53:19,157 DEBUG Gottfried Wilhelm Leibniz
2018-03-15 18:53:19,886 DEBUG Gamma World
2018-03-15 18:53:20,137 DEBUG Grimoire
2018-03-15 18:53:20,382 DEBUG Grand Guignol
2018-03-15 18:53:20,580 DEBUG Great Plague of London
2018-03-15 18:53:20,793 DEBUG Graphical user interface
2018-03-15 18:53:20,892 DEBUG Gamete
2018-03-15 18:53:21,739 DEBUG George R. R. Martin
2018-03-15 18:53:21,939 DEBUG A Song of Ice and Fire
2018-03-15 18:53:22,692 DEBUG World of A Song of Ice and Fire
2018-03-15 18:53:23,075 DEBUG Grandmaster (chess)
2018-03-15 18:53:23,150 DEBUG Gotthold Ephraim Lessing
2018-03-15 18:53:23,398 DEBUG Geotechnical engineering
2018-03-15 18:53:23,744 DEBUG Gustave Flaubert
2018-03-15 18:53:24,031 DEBUG Gregory Chaitin
2018-03-15 18:53:24,381 DEBUG Goran Bregović
2018-03-15 18:53:24,473 DEBUG Gestation
2018-03-15 18:53:24,704 DEBUG Gamma function
2018-03-15 18:53:24,872 DEBUG Georges Braque
2018-03-15 18:53:25,102 DEBUG Gilbert Cesbron
2018-03-15 18:53:25,633 DEBUG GNU Compiler Collection
2018-03-15 18:53:25,795 DEBUG Galen
2018-03-15 18:53:25,993 DEBUG Glossolalia
2018-03-15 18:53:26,587 DEBUG Gustav Kirchhoff
2018-03-15 18:53:26,713 DEBUG G. K. Chesterton
2018-03-15 18:53:27,313 DEBUG God Save the Queen
2018-03-15 18:53:27,679 DEBUG Gladiator
2018-03-15 18:53:28,247 DEBUG GMO (disambiguation)
2018-03-15 18:53:28,289 DEBUG Genetically modified organism
2018-03-15 18:53:28,898 DEBUG Ghent
2018-03-15 18:53:29,303 DEBUG Guadeloupe
2018-03-15 18:53:29,580 DEBUG Demographics of Guadeloupe
2018-03-15 18:53:29,630 DEBUG Geography of Guadeloupe
2018-03-15 18:53:29,818 DEBUG Politics of Guadeloupe
2018-03-15 18:53:29,846 DEBUG Economy of Guadeloupe
2018-03-15 18:53:29,989 DEBUG Telecommunications in Guadeloupe
2018-03-15 18:53:30,053 DEBUG Transport in Guadeloupe
2018-03-15 18:53:30,120 DEBUG Glagolitic script
2018-03-15 18:53:30,456 DEBUG Greatest common divisor
2018-03-15 18:53:30,572 DEBUG Gazpacho
2018-03-15 18:53:30,732 DEBUG Gopher (disambiguation)
2018-03-15 18:53:30,768 DEBUG Gnome
2018-03-15 18:53:30,937 DEBUG Googolplex
2018-03-15 18:53:31,034 DEBUG Graphite
2018-03-15 18:53:31,356 DEBUG Garry Trudeau
2018-03-15 18:53:31,560 DEBUG Guild
2018-03-15 18:53:32,080 DEBUG Gradius (video game)
2018-03-15 18:53:32,216 DEBUG Gamemaster
2018-03-15 18:53:32,372 DEBUG Genetic engineering
2018-03-15 18:53:32,853 DEBUG Gettysburg Address
2018-03-15 18:53:33,231 DEBUG Genetic code
2018-03-15 18:53:33,517 DEBUG Golden ratio
2018-03-15 18:53:33,866 DEBUG Genome
2018-03-15 18:53:34,102 DEBUG Gaia philosophy
2018-03-15 18:53:34,378 DEBUG Greenhouse effect
2018-03-15 18:53:34,451 DEBUG Group homomorphism
2018-03-15 18:53:34,591 DEBUG Group isomorphism
2018-03-15 18:53:34,857 DEBUG Geographic information system
2018-03-15 18:53:36,093 DEBUG Graph theory
2018-03-15 18:53:36,307 DEBUG Gumby
2018-03-15 18:53:36,558 DEBUG Gioachino Rossini
2018-03-15 18:53:36,999 DEBUG Gibberish
2018-03-15 18:53:37,317 DEBUG Gnaeus Julius Agricola
2018-03-15 18:53:37,398 DEBUG Guanosine
2018-03-15 18:53:38,068 DEBUG Gödel's ontological proof
2018-03-15 18:53:38,196 DEBUG List of gymnasts
2018-03-15 18:53:38,770 DEBUG Genetic programming
2018-03-15 18:53:38,865 DEBUG Gustav Klimt
2018-03-15 18:53:39,360 DEBUG Groucho Marx
2018-03-15 18:53:39,617 DEBUG Game Boy Advance
2018-03-15 18:53:40,053 DEBUG Google Search
2018-03-15 18:53:40,361 DEBUG Genius
2018-03-15 18:53:40,570 DEBUG Grain (disambiguation)
2018-03-15 18:53:40,636 DEBUG Grass (disambiguation)
2018-03-15 18:53:40,688 DEBUG Grape
2018-03-15 18:53:40,812 DEBUG Genetic disorder
2018-03-15 18:53:40,891 DEBUG Guanine
2018-03-15 18:53:41,095 DEBUG Genocide
2018-03-15 18:53:41,331 DEBUG Germanic peoples
2018-03-15 18:53:41,611 DEBUG Ganges
2018-03-15 18:53:42,127 DEBUG Mobile Suit Gundam Wing
2018-03-15 18:53:42,372 DEBUG Gödel's completeness theorem
2018-03-15 18:53:42,578 DEBUG Global Boundary Stratotype Section and Point
2018-03-15 18:53:44,442 DEBUG Gough Whitlam
2018-03-15 18:53:45,058 DEBUG Geri and Freki
2018-03-15 18:53:45,785 DEBUG Ginnungagap
2018-03-15 18:53:46,314 DEBUG Green
2018-03-15 18:53:46,903 DEBUG Gradient
2018-03-15 18:53:47,123 DEBUG Gauss (unit)
2018-03-15 18:53:47,450 DEBUG Glacier
2018-03-15 18:53:47,724 DEBUG Gylfaginning
2018-03-15 18:53:48,894 DEBUG Glorious Revolution
2018-03-15 18:53:49,062 DEBUG Great Lakes Colleges Association
2018-03-15 18:53:49,228 DEBUG Goidelic languages
2018-03-15 18:53:49,275 DEBUG Gnosticism
2018-03-15 18:53:49,542 DEBUG Gregor Aichinger
2018-03-15 18:53:49,634 DEBUG Gospel of Barnabas
2018-03-15 18:53:49,926 DEBUG Georgius Agricola
2018-03-15 18:53:50,063 DEBUG Germanicus
2018-03-15 18:53:50,569 DEBUG Giulio Alberoni
2018-03-15 18:53:50,601 DEBUG Gil Álvarez Carrillo de Albornoz
2018-03-15 18:53:50,639 DEBUG Giovanni Aldini
2018-03-15 18:53:50,795 DEBUG Girolamo Aleandro
2018-03-15 18:53:50,843 DEBUG Galeazzo Alessi
2018-03-15 18:53:50,933 DEBUG Giulio Alenio
2018-03-15 18:53:51,575 DEBUG German cuisine
2018-03-15 18:53:51,618 DEBUG Greek cuisine
2018-03-15 18:53:52,103 DEBUG Gospel of Mark
2018-03-15 18:53:52,630 DEBUG Gospel of Luke
2018-03-15 18:53:52,838 DEBUG Gospel of Matthew
2018-03-15 18:53:53,330 DEBUG Gospel of John
2018-03-15 18:53:53,508 DEBUG Grover Cleveland
2018-03-15 18:53:53,754 DEBUG Gregorio Allegri
2018-03-15 18:53:53,868 DEBUG Goodness (band)
2018-03-15 18:53:54,011 DEBUG Geoff Hurst
2018-03-15 18:53:54,298 DEBUG Giovanni d'Andrea
2018-03-15 18:53:54,944 DEBUG Galilean moons
2018-03-15 18:53:56,247 DEBUG Gloria Gaynor
2018-03-15 18:53:56,281 DEBUG Gerald Schroeder
2018-03-15 18:53:56,312 DEBUG Ghost
2018-03-15 18:53:56,607 DEBUG Geneva
2018-03-15 18:53:56,877 DEBUG Gerard Manley Hopkins
2018-03-15 18:53:57,209 DEBUG Cis–trans isomerism
2018-03-15 18:53:57,597 DEBUG Grímnismál
2018-03-15 18:53:57,829 DEBUG George Peppard
2018-03-15 18:53:57,995 DEBUG Geocaching
2018-03-15 18:53:58,057 DEBUG Geographical mile
2018-03-15 18:53:59,861 DEBUG Golden Heroes
2018-03-15 18:53:59,981 DEBUG Guangzhou
2018-03-15 18:54:00,172 DEBUG Genitive case
2018-03-15 18:54:00,333 DEBUG Gematria
2018-03-15 18:54:00,459 DEBUG Grateful Dead
2018-03-15 18:54:01,228 DEBUG Groupoid
2018-03-15 18:54:01,315 DEBUG Galliard
2018-03-15 18:54:01,498 DEBUG General surgery
2018-03-15 18:54:01,590 DEBUG Gorilla
2018-03-15 18:54:01,899 DEBUG GURPS Supers
2018-03-15 18:54:02,048 DEBUG Gallifrey
2018-03-15 18:54:02,287 DEBUG Gymnastics
2018-03-15 18:54:02,616 DEBUG Great auk
2018-03-15 18:54:02,834 DEBUG Glorantha
2018-03-15 18:54:03,059 DEBUG Gram (disambiguation)
2018-03-15 18:54:03,173 DEBUG Garnet Bailey
2018-03-15 18:54:03,244 DEBUG Gilles Deleuze
2018-03-15 18:54:03,713 DEBUG Galaxy
2018-03-15 18:54:04,029 DEBUG Gene Hackman
2018-03-15 18:54:04,276 DEBUG Gregor Mendel
2018-03-15 18:54:04,619 DEBUG Grappling
2018-03-15 18:54:04,809 DEBUG George Mason University
2018-03-15 18:54:05,723 DEBUG Grammar
2018-03-15 18:54:05,815 DEBUG Gigabyte
2018-03-15 18:54:06,181 DEBUG Galaxy groups and clusters
2018-03-15 18:54:06,589 DEBUG Grus (constellation)
2018-03-15 18:54:06,976 DEBUG Galba
2018-03-15 18:54:07,048 DEBUG Giga-
2018-03-15 18:54:07,181 DEBUG George Stephenson
2018-03-15 18:54:07,475 DEBUG Grapheme
2018-03-15 18:54:07,793 DEBUG Glass
2018-03-15 18:54:10,414 DEBUG Gel electrophoresis
2018-03-15 18:54:10,571 DEBUG Gary Lineker
2018-03-15 18:54:10,965 DEBUG Golgi apparatus
2018-03-15 18:54:11,063 DEBUG Grace Hopper
2018-03-15 18:54:11,351 DEBUG GNU Manifesto
2018-03-15 18:54:12,524 DEBUG Gross domestic product
2018-03-15 18:54:12,696 DEBUG Georg Wilhelm Friedrich Hegel
2018-03-15 18:54:12,878 DEBUG Grid network
2018-03-15 18:54:12,927 DEBUG Governor-General of Australia
2018-03-15 18:54:13,236 DEBUG Glasnost
2018-03-15 18:54:13,448 DEBUG Geodesy
2018-03-15 18:54:13,665 DEBUG Eurogame
2018-03-15 18:54:13,888 DEBUG Grand Unified Theory
2018-03-15 18:54:14,154 DEBUG GTE
2018-03-15 18:54:14,346 DEBUG General aviation
2018-03-15 18:54:14,641 DEBUG Gracchi
2018-03-15 18:54:14,984 DEBUG Gossip
2018-03-15 18:54:15,048 DEBUG Garbage collection (disambiguation)
2018-03-15 18:54:15,195 DEBUG Guitarist
2018-03-15 18:54:15,441 DEBUG Gothic fiction
2018-03-15 18:54:16,514 DEBUG Gospel
2018-03-15 18:54:16,670 DEBUG GIMP
2018-03-15 18:54:17,187 DEBUG Global illumination
2018-03-15 18:54:17,252 DEBUG Geometric series
2018-03-15 18:54:17,851 DEBUG List of islands of Greece
2018-03-15 18:54:17,949 DEBUG Gian Lorenzo Bernini
2018-03-15 18:54:18,468 DEBUG German literature
2018-03-15 18:54:18,785 DEBUG Galilee
2018-03-15 18:54:19,382 DEBUG Goths
2018-03-15 18:54:19,533 DEBUG Glycolysis
2018-03-15 18:54:19,851 DEBUG Gary North (economist)
2018-03-15 18:54:20,165 DEBUG Guernica
2018-03-15 18:54:20,442 DEBUG Gerrit Rietveld
2018-03-15 18:54:20,560 DEBUG Gary, Indiana
2018-03-15 18:54:20,602 DEBUG Gregory the Illuminator
2018-03-15 18:54:20,772 DEBUG God Emperor of Dune
2018-03-15 18:54:20,894 DEBUG Goonhilly Satellite Earth Station
2018-03-15 18:54:21,042 DEBUG Godwin's law
2018-03-15 18:54:21,276 DEBUG Groningen (disambiguation)
2018-03-15 18:54:21,330 DEBUG Goya (disambiguation)
2018-03-15 18:54:21,397 DEBUG Green Bay Packers
2018-03-15 18:54:21,988 DEBUG General-purpose machine gun
2018-03-15 18:54:24,439 DEBUG Gdynia
2018-03-15 18:54:24,561 DEBUG Gluon
2018-03-15 18:54:24,699 DEBUG Book of Genesis
2018-03-15 18:54:25,396 DEBUG Galois group
2018-03-15 18:54:25,485 DEBUG German Empire
2018-03-15 18:54:25,612 DEBUG Gallienus
2018-03-15 18:54:25,946 DEBUG Gambeson
2018-03-15 18:54:26,131 DEBUG Geography of Afghanistan
2018-03-15 18:54:29,935 DEBUG John Dewey
2018-03-15 18:54:30,308 DEBUG Jackal
2018-03-15 18:54:30,464 DEBUG Jumping the broom
2018-03-15 18:54:30,532 DEBUG Jackie Robinson
2018-03-15 18:54:31,025 DEBUG JPEG Network Graphics
2018-03-15 18:54:31,053 DEBUG Jane Shore
2018-03-15 18:54:31,323 DEBUG Jack Kemp
2018-03-15 18:54:32,061 DEBUG Jihad
2018-03-15 18:54:32,549 DEBUG Jacobin (politics)
2018-03-15 18:54:32,610 DEBUG Johann Tobias Krebs
2018-03-15 18:54:32,772 DEBUG Joseph Gurney Cannon
2018-03-15 18:54:32,842 DEBUG James G. Blaine
2018-03-15 18:54:33,384 DEBUG Justinian I
2018-03-15 18:54:33,580 DEBUG John Martyn
2018-03-15 18:54:33,976 DEBUG John Milton
2018-03-15 18:54:34,206 DEBUG Joris Ivens
2018-03-15 18:54:34,423 DEBUG Jaguar
2018-03-15 18:54:34,814 DEBUG Jeffrey Dahmer
2018-03-15 18:54:35,019 DEBUG Joseph Cotten
2018-03-15 18:54:35,176 DEBUG Jonah
2018-03-15 18:54:35,774 DEBUG Jacquard loom
2018-03-15 18:54:36,022 DEBUG JUnit
2018-03-15 18:54:37,084 DEBUG Jerome Kern
2018-03-15 18:54:37,689 DEBUG Jim Henson
2018-03-15 18:54:38,057 DEBUG Joystick
2018-03-15 18:54:38,264 DEBUG Juan Fernández Islands
2018-03-15 18:54:38,366 DEBUG John Maynard Smith
2018-03-15 18:54:38,625 DEBUG John Danforth
2018-03-15 18:54:38,725 DEBUG Jordanes
2018-03-15 18:54:38,808 DEBUG Jim Bakker
2018-03-15 18:54:39,124 DEBUG Jan and Dean
2018-03-15 18:54:39,286 DEBUG Jawaharlal Nehru
2018-03-15 18:54:39,758 DEBUG Janis Joplin
2018-03-15 18:54:40,117 DEBUG John van Melle
2018-03-15 18:54:40,306 DEBUG John Fink
2018-03-15 18:54:40,388 DEBUG Jacques Cousteau
2018-03-15 18:54:40,557 DEBUG J. Philippe Rushton
2018-03-15 18:54:40,814 DEBUG Joseph Smith (disambiguation)
2018-03-15 18:54:40,857 DEBUG Juliana Hatfield
2018-03-15 18:54:41,322 DEBUG Joint Political Military Group
2018-03-15 18:54:41,563 DEBUG John William Polidori
2018-03-15 18:54:41,771 DEBUG Joke
2018-03-15 18:54:42,207 DEBUG Jacob Lawrence
2018-03-15 18:54:42,515 DEBUG James Stewart
2018-03-15 18:54:42,822 DEBUG Jalalabad
2018-03-15 18:54:43,225 DEBUG Jakarta
2018-03-15 18:54:44,435 DEBUG Jack Ruby
2018-03-15 18:54:45,317 DEBUG James Randi
2018-03-15 18:54:45,917 DEBUG James Lind
2018-03-15 18:54:46,372 DEBUG James Clavell
2018-03-15 18:54:46,649 DEBUG John Cade
2018-03-15 18:54:46,702 DEBUG Johann von Werth
2018-03-15 18:54:46,742 DEBUG Jürgen Habermas
2018-03-15 18:54:47,653 DEBUG James Watson
2018-03-15 18:54:47,848 DEBUG Jerk (physics)
2018-03-15 18:54:47,916 DEBUG John Ambrose Fleming
2018-03-15 18:54:48,339 DEBUG John George, Elector of Brandenburg
2018-03-15 18:54:48,446 DEBUG Jahangir
2018-03-15 18:54:48,574 DEBUG Josiah Wedgwood
2018-03-15 18:54:49,600 DEBUG Supreme Court of Judicature Act 1873
2018-03-15 18:54:50,368 DEBUG Julian (emperor)
2018-03-15 18:54:50,729 DEBUG John Cicero, Elector of Brandenburg
2018-03-15 18:54:50,975 DEBUG Joachim Frederick, Elector of Brandenburg
2018-03-15 18:54:51,116 DEBUG John Sigismund, Elector of Brandenburg
2018-03-15 18:54:52,240 DEBUG Jackson Pollock
2018-03-15 18:54:52,362 DEBUG Jet Li
2018-03-15 18:54:52,598 DEBUG Jacopo Amigoni
2018-03-15 18:54:52,768 DEBUG Jean-François Millet
2018-03-15 18:54:52,876 DEBUG Jacques Callot
2018-03-15 18:54:53,353 DEBUG Joseph Campbell
2018-03-15 18:54:54,260 DEBUG John Dowland
2018-03-15 18:54:54,564 DEBUG John James Audubon
2018-03-15 18:54:55,397 DEBUG John Masefield
2018-03-15 18:54:55,477 DEBUG Joseph McCarthy
2018-03-15 18:54:55,933 DEBUG John Hancock
2018-03-15 18:54:56,342 DEBUG John W. Campbell
2018-03-15 18:54:56,567 DEBUG Joule
2018-03-15 18:54:56,826 DEBUG Jeepster Records
2018-03-15 18:54:57,057 DEBUG John Chrysostom
2018-03-15 18:54:57,824 DEBUG James Heckman
2018-03-15 18:54:58,833 DEBUG Judith of Poland
2018-03-15 18:54:58,889 DEBUG Jeffrey Archer
2018-03-15 18:54:59,044 DEBUG Johannes Brahms
2018-03-15 18:54:59,296 DEBUG Jean-Paul Sartre
2018-03-15 18:54:59,447 DEBUG John Paul Jones
2018-03-15 18:54:59,974 DEBUG Boulting brothers
2018-03-15 18:55:00,094 DEBUG John Frankenheimer
2018-03-15 18:55:00,312 DEBUG John Jellicoe, 1st Earl Jellicoe
2018-03-15 18:55:00,796 DEBUG Sandy Woodward
2018-03-15 18:55:00,836 DEBUG Johann Friedrich Endersch
2018-03-15 18:55:01,933 DEBUG James Blaylock
2018-03-15 18:55:02,087 DEBUG Jerry Pournelle
2018-03-15 18:55:02,281 DEBUG Barlaam and Josaphat
2018-03-15 18:55:02,688 DEBUG Jaggies
2018-03-15 18:55:02,727 DEBUG Judicial economy
2018-03-15 18:55:03,328 DEBUG Jury instructions
2018-03-15 18:55:03,443 DEBUG Jurisprudence
2018-03-15 18:55:03,524 DEBUG Jury trial
2018-03-15 18:55:03,635 DEBUG Justice
2018-03-15 18:55:04,310 DEBUG Jacob Abbott
2018-03-15 18:55:04,340 DEBUG John Stevens Cabot Abbott
2018-03-15 18:55:04,390 DEBUG Janus (disambiguation)
2018-03-15 18:55:04,430 DEBUG John Brown
2018-03-15 18:55:04,464 DEBUG J. E. B. Stuart
2018-03-15 18:55:05,062 DEBUG John Hanson
2018-03-15 18:55:05,414 DEBUG Jedi
2018-03-15 18:55:05,503 DEBUG James Tobin
2018-03-15 18:55:05,753 DEBUG Julian Lennon
2018-03-15 18:55:05,840 DEBUG FIFA World Cup Trophy
2018-03-15 18:55:06,567 DEBUG John Belushi
2018-03-15 18:55:06,677 DEBUG Johann Philipp Abelin
2018-03-15 18:55:06,767 DEBUG Jacob Abendana
2018-03-15 18:55:06,820 DEBUG James Hamilton, 1st Earl of Abercorn
2018-03-15 18:55:07,347 DEBUG Java virtual machine
2018-03-15 18:55:07,679 DEBUG John Abercrombie (physician)
2018-03-15 18:55:07,738 DEBUG Judgement of Paris
2018-03-15 18:55:07,771 DEBUG Jurisdiction
2018-03-15 18:55:08,235 DEBUG John Abernethy (surgeon)
2018-03-15 18:55:08,452 DEBUG Judeo-Christian
2018-03-15 18:55:08,512 DEBUG Jacques Maroger
2018-03-15 18:55:08,828 DEBUG Joseph Greenberg
2018-03-15 18:55:08,881 DEBUG Jan van Goyen
2018-03-15 18:55:09,031 DEBUG Justin Martyr
2018-03-15 18:55:09,373 DEBUG Johann Tetzel
2018-03-15 18:55:09,637 DEBUG James Tiptree Jr.
2018-03-15 18:55:10,189 DEBUG James Tiptree Jr. Award
2018-03-15 18:55:11,272 DEBUG Juventus F.C.
2018-03-15 18:55:11,785 DEBUG Jan Długosz
2018-03-15 18:55:11,877 DEBUG Jadwiga of Poland
2018-03-15 18:55:12,179 DEBUG Kennedy Space Center
2018-03-15 18:55:12,824 DEBUG Joni Mitchell
2018-03-15 18:55:13,378 DEBUG Justus
2018-03-15 18:55:13,586 DEBUG John Eccles (neurophysiologist)
2018-03-15 18:55:13,803 DEBUG James Scarlett, 1st Baron Abinger
2018-03-15 18:55:13,853 DEBUG Jewish views on marriage
2018-03-15 18:55:14,078 DEBUG Janusz Zajdel
2018-03-15 18:55:14,396 DEBUG Rumi
2018-03-15 18:55:14,622 DEBUG James Norris Memorial Trophy
2018-03-15 18:55:15,412 DEBUG JANET
2018-03-15 18:55:15,523 DEBUG John Harrison
2018-03-15 18:55:15,824 DEBUG Julia Child
2018-03-15 18:55:16,010 DEBUG James Beard
2018-03-15 18:55:16,138 DEBUG James Alan McPherson
2018-03-15 18:55:16,222 DEBUG Jerome K. Jerome
2018-03-15 18:55:16,264 DEBUG Jokichi Takamine
2018-03-15 18:55:16,538 DEBUG Jacob Neusner
2018-03-15 18:55:16,703 DEBUG Joachim I Nestor, Elector of Brandenburg
2018-03-15 18:55:16,768 DEBUG John Keats
2018-03-15 18:55:17,026 DEBUG Jewish Defense League
2018-03-15 18:55:17,252 DEBUG Jet Propulsion Laboratory
2018-03-15 18:55:17,420 DEBUG John Rutsey
2018-03-15 18:55:17,669 DEBUG John von Neumann Theory Prize
2018-03-15 18:55:17,706 DEBUG John Walker Lindh
2018-03-15 18:55:18,292 DEBUG Jet stream
2018-03-15 18:55:18,533 DEBUG Joint Interoperability of Tactical Command and Control Systems
2018-03-15 18:55:18,625 DEBUG John Ashcroft
2018-03-15 18:55:19,237 DEBUG Japheth
2018-03-15 18:55:19,339 DEBUG Jason Alexander
2018-03-15 18:55:19,388 DEBUG John Wycliffe
2018-03-15 18:55:19,626 DEBUG Just another Perl hacker
2018-03-15 18:55:20,358 DEBUG Joe Orton
2018-03-15 18:55:20,515 DEBUG Julian Jaynes
2018-03-15 18:55:20,622 DEBUG Julia Kristeva
2018-03-15 18:55:20,779 DEBUG Just intonation
2018-03-15 18:55:21,207 DEBUG Josephus
2018-03-15 18:55:21,245 DEBUG Jan Borukowski
2018-03-15 18:55:21,324 DEBUG Judy Blume
2018-03-15 18:55:21,570 DEBUG Joel Marangella
2018-03-15 18:55:21,666 DEBUG John Pople
2018-03-15 18:55:21,748 DEBUG Jerry Falwell
2018-03-15 18:55:22,099 DEBUG Jay Leno
2018-03-15 18:55:22,427 DEBUG Jeroboam II
2018-03-15 18:55:22,532 DEBUG Joan of Arc
2018-03-15 18:55:23,428 DEBUG Johannes Nicolaus Brønsted
2018-03-15 18:55:23,470 DEBUG Janus kinase
2018-03-15 18:55:23,642 DEBUG Jacob Grimm
2018-03-15 18:55:23,829 DEBUG Jamiroquai
2018-03-15 18:55:24,481 DEBUG John Sutter
2018-03-15 18:55:24,877 DEBUG John Adams (composer)
2018-03-15 18:55:24,925 DEBUG Jon Voight
2018-03-15 18:55:25,218 DEBUG John Climacus
2018-03-15 18:55:25,296 DEBUG Jerome Callet
2018-03-15 18:55:25,369 DEBUG Java (board game)
2018-03-15 18:55:25,446 DEBUG John Radcliffe (physician)
2018-03-15 18:55:26,062 DEBUG Joual
2018-03-15 18:55:26,152 DEBUG Jacob and Esau
2018-03-15 18:55:26,181 DEBUG Joseph Lister
2018-03-15 18:55:26,263 DEBUG Johann Homann
2018-03-15 18:55:26,341 DEBUG Jadavpur University
2018-03-15 18:55:26,422 DEBUG James L. Jones
2018-03-15 18:55:26,512 DEBUG James Lovelock
2018-03-15 18:55:26,627 DEBUG John Akii-Bua
2018-03-15 18:55:26,668 DEBUG Joachim von Ribbentrop
2018-03-15 18:55:26,861 DEBUG John, King of England
2018-03-15 18:55:27,353 DEBUG Jule Styne
2018-03-15 18:55:27,387 DEBUG Julia Roberts
2018-03-15 18:55:27,638 DEBUG John Sealy Hospital
2018-03-15 18:55:27,809 DEBUG John the Evangelist
2018-03-15 18:55:27,879 DEBUG Jack Kirby
2018-03-15 18:55:28,044 DEBUG Johnny Weissmuller
2018-03-15 18:55:28,720 DEBUG Jean Grey
2018-03-15 18:55:28,972 DEBUG Jacques Dupuis (priest)
2018-03-15 18:55:29,088 DEBUG Jack Brabham
2018-03-15 18:55:29,230 DEBUG Jones calculus
2018-03-15 18:55:29,594 DEBUG Josip Broz Tito
2018-03-15 18:55:30,457 DEBUG John Stauber
2018-03-15 18:55:31,557 DEBUG James P. Hogan (writer)
2018-03-15 18:55:31,587 DEBUG Jeff Lynne
2018-03-15 18:55:31,700 DEBUG Judge Dredd
2018-03-15 18:55:31,885 DEBUG James Flynn (academic)
2018-03-15 18:55:32,100 DEBUG John Hay
2018-03-15 18:55:32,495 DEBUG Joy Division
2018-03-15 18:55:32,689 DEBUG Johnny Bench
2018-03-15 18:55:45,384 DEBUG Machine gun
2018-03-15 18:55:45,695 DEBUG Monopoly (game)
2018-03-15 18:55:46,060 DEBUG Max Steiner
2018-03-15 18:55:46,136 DEBUG Mercury (planet)
2018-03-15 18:55:46,290 DEBUG Monty Python and the Holy Grail
2018-03-15 18:55:46,350 DEBUG Mutation
2018-03-15 18:55:46,391 DEBUG Microgyrus
2018-03-15 18:55:46,414 DEBUG Mercantilism
2018-03-15 18:55:46,537 DEBUG Meat Puppets
2018-03-15 18:55:46,706 DEBUG List of mathematics competitions
2018-03-15 18:55:46,753 DEBUG Michael Polanyi
2018-03-15 18:55:46,823 DEBUG Methanol
2018-03-15 18:55:46,996 DEBUG Milk
2018-03-15 18:55:47,347 DEBUG Miss Congeniality (film)
2018-03-15 18:55:47,388 DEBUG Magnetism
2018-03-15 18:55:47,968 DEBUG Filter (mathematics)
2018-03-15 18:55:48,138 DEBUG Metallurgy
2018-03-15 18:55:48,373 DEBUG MUMPS
2018-03-15 18:55:48,453 DEBUG Mercury (programming language)
2018-03-15 18:55:48,517 DEBUG Michael Faraday
2018-03-15 18:55:48,802 DEBUG Marriage
2018-03-15 18:55:49,591 DEBUG Midgard
2018-03-15 18:55:49,626 DEBUG Mage: The Ascension
2018-03-15 18:55:49,993 DEBUG Malcolm Fraser
2018-03-15 18:55:50,087 DEBUG Macquarie University
2018-03-15 18:55:50,223 DEBUG Muspelheim
2018-03-15 18:55:50,598 DEBUG Maxwell's equations
2018-03-15 18:55:51,012 DEBUG Metrization theorem
2018-03-15 18:55:51,069 DEBUG Martin Agricola
2018-03-15 18:55:51,133 DEBUG Max August Zorn
2018-03-15 18:55:51,306 DEBUG Main (river)
2018-03-15 18:55:51,656 DEBUG Marcus Vipsanius Agrippa
2018-03-15 18:55:52,011 DEBUG Mariotto Albertinelli
2018-03-15 18:55:52,078 DEBUG Beijing cuisine
2018-03-15 18:55:52,231 DEBUG Manichaeism
2018-03-15 18:55:52,292 DEBUG Moroccan cuisine
2018-03-15 18:55:52,501 DEBUG Martin Van Buren
2018-03-15 18:55:53,360 DEBUG Melbourne Cricket Ground
2018-03-15 18:55:53,727 DEBUG Marshall Plan
2018-03-15 18:55:54,179 DEBUG Mariculture
2018-03-15 18:55:54,609 DEBUG Memetics
2018-03-15 18:55:54,811 DEBUG List of islands of Michigan
2018-03-15 18:55:55,261 DEBUG List of Governors of Michigan
2018-03-15 18:55:55,466 DEBUG Moses Amyraut
2018-03-15 18:55:55,563 DEBUG Murray River
2018-03-15 18:55:55,785 DEBUG Project Mercury
2018-03-15 18:55:56,327 DEBUG Gaius Maecenas
2018-03-15 18:55:56,503 DEBUG Meander (disambiguation)
2018-03-15 18:55:56,545 DEBUG Magick (Thelema)
2018-03-15 18:55:56,777 DEBUG Marcus Claudius Tacitus
2018-03-15 18:55:57,383 DEBUG MV Tampa
2018-03-15 18:55:57,978 DEBUG Maya numerals
2018-03-15 18:55:58,093 DEBUG Michael Foot
2018-03-15 18:55:58,238 DEBUG Max and Moritz
2018-03-15 18:55:58,684 DEBUG May Day
2018-03-15 18:55:58,927 DEBUG Maxwell–Boltzmann distribution
2018-03-15 18:55:59,014 DEBUG Margaret Thatcher
2018-03-15 18:55:59,446 DEBUG Metastability
2018-03-15 18:55:59,598 DEBUG Mary Wollstonecraft
2018-03-15 18:55:59,917 DEBUG Molecular mass
2018-03-15 18:56:00,389 DEBUG Metallic bonding
2018-03-15 18:56:00,516 DEBUG Methyl group
2018-03-15 18:56:00,815 DEBUG Mild ale
2018-03-15 18:56:00,950 DEBUG Mars Society
2018-03-15 18:56:01,130 DEBUG Minerva
2018-03-15 18:56:01,251 DEBUG Mars Direct
2018-03-15 18:56:01,434 DEBUG Max Planck
2018-03-15 18:56:01,534 DEBUG Madhuri Dixit
2018-03-15 18:56:01,888 DEBUG Mars Attacks
2018-03-15 18:56:02,188 DEBUG Montreal Protocol
2018-03-15 18:56:02,755 DEBUG Moncton
2018-03-15 18:56:03,092 DEBUG Model theory
2018-03-15 18:56:03,867 DEBUG Moby-Dick
2018-03-15 18:56:04,565 DEBUG Underground
2018-03-15 18:56:04,608 DEBUG Madeira River
2018-03-15 18:56:04,844 DEBUG Marañón River
2018-03-15 18:56:04,911 DEBUG Morona
2018-03-15 18:56:04,956 DEBUG Max Newman
2018-03-15 18:56:05,127 DEBUG Massachusetts Bay Transportation Authority
2018-03-15 18:56:05,413 DEBUG Meson
2018-03-15 18:56:05,666 DEBUG Marvel Super Heroes (role-playing game)
2018-03-15 18:56:05,771 DEBUG Measure (mathematics)
2018-03-15 18:56:05,900 DEBUG Motorcycle
2018-03-15 18:56:06,130 DEBUG Map
2018-03-15 18:56:06,227 DEBUG Management
2018-03-15 18:56:06,422 DEBUG Mineralogy
2018-03-15 18:56:06,555 DEBUG Maple syrup
2018-03-15 18:56:06,782 DEBUG Male (disambiguation)
2018-03-15 18:56:06,828 DEBUG Macron (diacritic)
2018-03-15 18:56:07,139 DEBUG Mosque
2018-03-15 18:56:07,205 DEBUG Molecular cloud
2018-03-15 18:56:07,358 DEBUG Minoru Yamasaki
2018-03-15 18:56:07,461 DEBUG Madeira
2018-03-15 18:56:07,899 DEBUG M16 rifle
2018-03-15 18:56:08,361 DEBUG Marlon Brando
2018-03-15 18:56:08,987 DEBUG Meteorology
2018-03-15 18:56:09,282 DEBUG Mount
2018-03-15 18:56:09,378 DEBUG Meitnerium
2018-03-15 18:56:09,914 DEBUG Megabyte
2018-03-15 18:56:10,661 DEBUG Monosaccharide
2018-03-15 18:56:10,935 DEBUG Microscopium
2018-03-15 18:56:11,285 DEBUG IC 342/Maffei Group
2018-03-15 18:56:11,422 DEBUG M81 Group
2018-03-15 18:56:11,669 DEBUG Metre (poetry)
2018-03-15 18:56:12,094 DEBUG Majed Moqed
2018-03-15 18:56:12,152 DEBUG Matthew Perry (disambiguation)
2018-03-15 18:56:12,215 DEBUG Mimeograph
2018-03-15 18:56:12,324 DEBUG Meteorite
2018-03-15 18:56:12,687 DEBUG Mega-
2018-03-15 18:56:13,319 DEBUG Maciej Płażyński
2018-03-15 18:56:13,360 DEBUG Mark Bingham
2018-03-15 18:56:13,754 DEBUG Manner of articulation
2018-03-15 18:56:13,849 DEBUG Mostaganem Province
2018-03-15 18:56:14,035 DEBUG Motherboard
2018-03-15 18:56:14,296 DEBUG Mannerism
2018-03-15 18:56:14,486 DEBUG Monica Lewinsky
2018-03-15 18:56:14,540 DEBUG Pressure measurement
2018-03-15 18:56:14,963 DEBUG Medieval dance
2018-03-15 18:56:15,035 DEBUG Megatokyo
2018-03-15 18:56:15,467 DEBUG Medieval music
2018-03-15 18:56:16,080 DEBUG Maser
2018-03-15 18:56:16,465 DEBUG Mario Botta
2018-03-15 18:56:16,659 DEBUG Mark Antony
2018-03-15 18:56:16,762 DEBUG Manchester United F.C.
2018-03-15 18:56:17,015 DEBUG Mesa (programming language)
2018-03-15 18:56:17,125 DEBUG Marsilio Ficino
2018-03-15 18:56:17,277 DEBUG Morphogenesis
2018-03-15 18:56:17,410 DEBUG Magical organization
2018-03-15 18:56:18,033 DEBUG Muhammad ibn Abd al-Wahhab
2018-03-15 18:56:18,248 DEBUG Maine
2018-03-15 18:56:18,956 DEBUG Montana
2018-03-15 18:56:19,211 DEBUG Machine translation
2018-03-15 18:56:19,264 DEBUG Central moment
2018-03-15 18:56:19,417 DEBUG Murad I
2018-03-15 18:56:19,534 DEBUG Mehmed I
2018-03-15 18:56:19,677 DEBUG Murad II
2018-03-15 18:56:19,931 DEBUG Murad III
2018-03-15 18:56:20,072 DEBUG Mehmed III
2018-03-15 18:56:20,123 DEBUG Mustafa I
2018-03-15 18:56:20,171 DEBUG Murad IV
2018-03-15 18:56:20,446 DEBUG Masamune Shirow
2018-03-15 18:56:20,624 DEBUG Musical saw
2018-03-15 18:56:20,863 DEBUG MIDI
2018-03-15 18:56:21,024 DEBUG Microcode
2018-03-15 18:56:21,245 DEBUG Multitier architecture
2018-03-15 18:56:21,315 DEBUG Wikipedia:Historical archive/WikiProject proposal
2018-03-15 18:56:21,416 DEBUG Myrinet
2018-03-15 18:56:21,465 DEBUG Musique concrète
2018-03-15 18:56:21,821 DEBUG Metric space
2018-03-15 18:56:21,976 DEBUG Marine biology
2018-03-15 18:56:22,143 DEBUG Microkernel
2018-03-15 18:56:22,291 DEBUG Multihull
2018-03-15 18:56:22,629 DEBUG Mike Oldfield
2018-03-15 18:56:22,881 DEBUG Mutual recursion
2018-03-15 18:56:22,961 DEBUG Metasyntactic variable
2018-03-15 18:56:23,180 DEBUG Mondegreen
2018-03-15 18:56:23,614 DEBUG Merge sort
2018-03-15 18:56:23,916 DEBUG Maule Air
2018-03-15 18:56:24,536 DEBUG Shoma Morita
2018-03-15 18:56:24,606 DEBUG Mooney
2018-03-15 18:56:25,662 DEBUG Minnesota Twins
2018-03-15 18:56:26,090 DEBUG Mach number
2018-03-15 18:56:26,137 DEBUG Moving Picture Experts Group
2018-03-15 18:56:26,875 DEBUG MPEG-1
2018-03-15 18:56:27,073 DEBUG Mumia Abu-Jamal
2018-03-15 18:56:27,410 DEBUG Multiplicative function
2018-03-15 18:56:27,447 DEBUG MPEG-2
2018-03-15 18:56:28,002 DEBUG Meditation
2018-03-15 18:56:28,312 DEBUG MPEG-4
2018-03-15 18:56:28,500 DEBUG Maritime archaeology
2018-03-15 18:56:29,009 DEBUG Morihei Ueshiba
2018-03-15 18:56:29,449 DEBUG Memory address register
2018-03-15 18:56:29,491 DEBUG Microassembler
2018-03-15 18:56:30,752 DEBUG Machine pistol
2018-03-15 18:56:30,827 DEBUG Martin Luther King Jr.
2018-03-15 18:56:31,146 DEBUG MLK (disambiguation)
2018-03-15 18:56:31,218 DEBUG Martin Luther King (disambiguation)
2018-03-15 18:56:31,350 DEBUG Marino Marini (sculptor)
2018-03-15 18:56:31,407 DEBUG Modular arithmetic
2018-03-15 18:56:31,545 DEBUG Myriad
2018-03-15 18:56:31,602 DEBUG Mohamed Al-Fayed
2018-03-15 18:56:31,937 DEBUG Marmite
2018-03-15 18:56:32,089 DEBUG Mabon ap Modron
2018-03-15 18:56:32,278 DEBUG Microwave
2018-03-15 18:56:32,641 DEBUG Mick Doohan
2018-03-15 18:56:32,724 DEBUG Mobile Suit Gundam
2018-03-15 18:56:33,149 DEBUG Methodism
2018-03-15 18:56:33,617 DEBUG Mancala
2018-03-15 18:56:33,902 DEBUG Maastricht
2018-03-15 18:56:34,053 DEBUG M. C. Escher
2018-03-15 18:56:34,090 DEBUG Shang-Chi
2018-03-15 18:56:34,260 DEBUG Marv Albert
2018-03-15 18:56:34,450 DEBUG Minnesota Vikings
2018-03-15 18:56:34,641 DEBUG Mixmaster Morris
2018-03-15 18:56:34,730 DEBUG Manx language
2018-03-15 18:56:34,988 DEBUG Marcomanni
2018-03-15 18:56:35,226 DEBUG Maroboduus
2018-03-15 18:56:35,792 DEBUG Muon
2018-03-15 18:56:35,915 DEBUG Mike Muuss
2018-03-15 18:56:35,942 DEBUG Maus (disambiguation)
2018-03-15 18:56:36,017 DEBUG Mousse
2018-03-15 18:56:36,150 DEBUG Milwaukee Brewers
2018-03-15 18:56:36,392 DEBUG Montreal Expos
2018-03-15 18:56:36,920 DEBUG Metallocene
2018-03-15 18:56:37,319 DEBUG Marcus Aurelius
2018-03-15 18:56:37,512 DEBUG Maria Eleonora of Brandenburg
2018-03-15 18:56:37,652 DEBUG Maze
2018-03-15 18:56:37,839 DEBUG Mammoth
2018-03-15 18:56:38,322 DEBUG Mexican cuisine
2018-03-15 18:56:38,390 DEBUG MIPS architecture
2018-03-15 18:56:50,178 DEBUG Geography of Peru
2018-03-15 18:56:50,718 DEBUG Demographics of Peru
2018-03-15 18:56:50,752 DEBUG Politics of Peru
2018-03-15 18:56:50,905 DEBUG Economy of Peru
2018-03-15 18:56:51,787 DEBUG Telecommunications in Peru
2018-03-15 18:56:51,831 DEBUG Transport in Peru
2018-03-15 18:56:51,913 DEBUG Peruvian Armed Forces
2018-03-15 18:56:52,034 DEBUG Foreign relations of Peru
2018-03-15 18:56:52,205 DEBUG Philippines
2018-03-15 18:56:52,937 DEBUG History of the Philippines
2018-03-15 18:56:53,343 DEBUG Geography of the Philippines
2018-03-15 18:56:53,644 DEBUG Demographics of the Philippines
2018-03-15 18:56:53,836 DEBUG Politics of the Philippines
2018-03-15 18:56:53,929 DEBUG Economy of the Philippines
2018-03-15 18:56:54,046 DEBUG Telecommunications in the Philippines
2018-03-15 18:56:54,290 DEBUG Transportation in the Philippines
2018-03-15 18:56:54,439 DEBUG Armed Forces of the Philippines
2018-03-15 18:56:54,793 DEBUG Foreign relations of the Philippines
2018-03-15 18:56:54,909 DEBUG Pitcairn Islands
2018-03-15 18:56:55,081 DEBUG Geography of the Pitcairn Islands
2018-03-15 18:56:55,209 DEBUG Politics of the Pitcairn Islands
2018-03-15 18:56:55,818 DEBUG Geography of Puerto Rico
2018-03-15 18:56:56,003 DEBUG Demographics of Puerto Rico
2018-03-15 18:56:56,112 DEBUG Politics of Puerto Rico
2018-03-15 18:56:56,178 DEBUG Telecommunications in Puerto Rico
2018-03-15 18:56:56,257 DEBUG Transportation in Puerto Rico
2018-03-15 18:56:56,341 DEBUG Military of Puerto Rico
2018-03-15 18:56:56,546 DEBUG Polyhedron
2018-03-15 18:56:56,794 DEBUG Polytope
2018-03-15 18:56:57,120 DEBUG Paper-and-pencil game
2018-03-15 18:56:57,173 DEBUG Paleomap
2018-03-15 18:56:57,853 DEBUG Problem of universals
2018-03-15 18:56:58,232 DEBUG Plea bargain
2018-03-15 18:56:58,392 DEBUG Protest song
2018-03-15 18:56:58,536 DEBUG Professor Griff
2018-03-15 18:56:58,713 DEBUG Physicalism
2018-03-15 18:56:58,959 DEBUG Philosophy of perception
2018-03-15 18:56:59,353 DEBUG Proper name (philosophy)
2018-03-15 18:56:59,630 DEBUG Prolog
2018-03-15 18:56:59,702 DEBUG Phil Zimmermann
2018-03-15 18:56:59,962 DEBUG Political spectrum
2018-03-15 18:57:00,055 DEBUG Wikipedia:Historical archive/Politics/Wanted
2018-03-15 18:57:00,205 DEBUG Pregnancy (mammals)
2018-03-15 18:57:00,284 DEBUG Paroxysmal attack
2018-03-15 18:57:01,453 DEBUG Potato
2018-03-15 18:57:01,534 DEBUG Portland, Oregon
2018-03-15 18:57:02,317 DEBUG Pan and scan
2018-03-15 18:57:02,449 DEBUG Plymouth
2018-03-15 18:57:02,614 DEBUG Point-to-Point Protocol
2018-03-15 18:57:03,228 DEBUG Patterson–Gimlin film
2018-03-15 18:57:03,353 DEBUG List of Polish-language poets
2018-03-15 18:57:03,425 DEBUG Paul Valéry
2018-03-15 18:57:03,543 DEBUG Pianist
2018-03-15 18:57:03,881 DEBUG Proverb
2018-03-15 18:57:04,159 DEBUG Portability (social security)
2018-03-15 18:57:04,724 DEBUG Percopsiformes
2018-03-15 18:57:04,792 DEBUG Photon
2018-03-15 18:57:04,874 DEBUG Philipp Franz von Siebold
2018-03-15 18:57:04,979 DEBUG Probability interpretations
2018-03-15 18:57:05,063 DEBUG Probability axioms
2018-03-15 18:57:05,087 DEBUG Probability theory
2018-03-15 18:57:05,226 DEBUG Probability distribution
2018-03-15 18:57:05,345 DEBUG Psychological statistics
2018-03-15 18:57:05,369 DEBUG Peter Cook
2018-03-15 18:57:05,461 DEBUG Psychedelic rock
2018-03-15 18:57:05,651 DEBUG Philips
2018-03-15 18:57:06,084 DEBUG Perciformes
2018-03-15 18:57:06,752 DEBUG Asimina
2018-03-15 18:57:07,281 DEBUG Pentecostalism
2018-03-15 18:57:07,438 DEBUG Pangenesis
2018-03-15 18:57:07,576 DEBUG Proboscidea
2018-03-15 18:57:08,981 DEBUG Paranthropus
2018-03-15 18:57:09,141 DEBUG Odd-toed ungulate
2018-03-15 18:57:09,340 DEBUG Pai gow
2018-03-15 18:57:09,432 DEBUG Partially ordered set
2018-03-15 18:57:09,834 DEBUG Psyche
2018-03-15 18:57:10,368 DEBUG Parmenides
2018-03-15 18:57:10,650 DEBUG Tetraodontidae
2018-03-15 18:57:10,801 DEBUG Partial function
2018-03-15 18:57:11,032 DEBUG Photoelectric effect
2018-03-15 18:57:11,272 DEBUG Paleogene
2018-03-15 18:57:11,368 DEBUG Preorder
2018-03-15 18:57:12,018 DEBUG Psychoanalysis
2018-03-15 18:57:12,216 DEBUG Pinyin
2018-03-15 18:57:12,529 DEBUG Parable of the Pearl
2018-03-15 18:57:12,663 DEBUG Pantheism
2018-03-15 18:57:12,846 DEBUG Panentheism
2018-03-15 18:57:12,988 DEBUG Paraphilia
2018-03-15 18:57:13,656 DEBUG Pediatrics
2018-03-15 18:57:13,779 DEBUG Physiology
2018-03-15 18:57:13,855 DEBUG Pi
2018-03-15 18:57:14,115 DEBUG Postmodernism
2018-03-15 18:57:14,225 DEBUG Photography
2018-03-15 18:57:14,287 DEBUG Pentateuch (disambiguation)
2018-03-15 18:57:14,313 DEBUG Postmodern philosophy
2018-03-15 18:57:14,509 DEBUG Postmodern music
2018-03-15 18:57:14,587 DEBUG Pump
2018-03-15 18:57:14,710 DEBUG Progressive
2018-03-15 18:57:14,772 DEBUG Pressure
2018-03-15 18:57:14,854 DEBUG Polygon
2018-03-15 18:57:15,031 DEBUG Player character
2018-03-15 18:57:15,160 DEBUG Parish
2018-03-15 18:57:15,295 DEBUG Procopius
2018-03-15 18:57:15,412 DEBUG Property
2018-03-15 18:57:15,647 DEBUG Police
2018-03-15 18:57:15,990 DEBUG PDP-10
2018-03-15 18:57:16,071 DEBUG DECSYSTEM-20
2018-03-15 18:57:16,595 DEBUG Programmed Data Processor
2018-03-15 18:57:16,697 DEBUG Primary mirror
2018-03-15 18:57:16,727 DEBUG Platonic idealism
2018-03-15 18:57:16,770 DEBUG Protein
2018-03-15 18:57:16,928 DEBUG Physical chemistry
2018-03-15 18:57:16,956 DEBUG Perimeter
2018-03-15 18:57:17,140 DEBUG Phase (matter)
2018-03-15 18:57:17,565 DEBUG Outline of physical science
2018-03-15 18:57:18,175 DEBUG Gasoline
2018-03-15 18:57:18,305 DEBUG Pentose
2018-03-15 18:57:18,928 DEBUG Propane
2018-03-15 18:57:19,174 DEBUG Precambrian
2018-03-15 18:57:19,364 DEBUG Polymerase chain reaction
2018-03-15 18:57:19,626 DEBUG Polymerase
2018-03-15 18:57:19,846 DEBUG Pacific Scandal
2018-03-15 18:57:20,042 DEBUG Primer (molecular biology)
2018-03-15 18:57:20,169 DEBUG Purine
2018-03-15 18:57:20,255 DEBUG Pyrimidine
2018-03-15 18:57:20,365 DEBUG Play-by-mail game
2018-03-15 18:57:20,390 DEBUG Philip K. Dick Award
2018-03-15 18:57:20,550 DEBUG Plug-in (computing)
2018-03-15 18:57:20,670 DEBUG Pierre Teilhard de Chardin
2018-03-15 18:57:20,769 DEBUG Phutball
2018-03-15 18:57:20,843 DEBUG Papyrus
2018-03-15 18:57:21,072 DEBUG Pixel
2018-03-15 18:57:21,119 DEBUG Prime number
2018-03-15 18:57:21,352 DEBUG Piers Anthony
2018-03-15 18:57:21,495 DEBUG Perfect number
2018-03-15 18:57:21,634 DEBUG Parthenon
2018-03-15 18:57:22,197 DEBUG Pachomius the Great
2018-03-15 18:57:22,950 DEBUG Philosophical Investigations
2018-03-15 18:57:23,047 DEBUG Poul Anderson
2018-03-15 18:57:23,167 DEBUG Panspermia
2018-03-15 18:57:23,205 DEBUG There's Plenty of Room at the Bottom
2018-03-15 18:57:23,484 DEBUG Philately
2018-03-15 18:57:23,715 DEBUG Puget Sound
2018-03-15 18:57:23,986 DEBUG Perjury
2018-03-15 18:57:24,188 DEBUG Phoenix
2018-03-15 18:57:24,242 DEBUG Phosphate
2018-03-15 18:57:24,497 DEBUG Prime number theorem
2018-03-15 18:57:24,661 DEBUG Conflict of laws
2018-03-15 18:57:24,732 DEBUG International Fixed Calendar
2018-03-15 18:57:24,971 DEBUG Potential energy
2018-03-15 18:57:25,045 DEBUG Pyramid
2018-03-15 18:57:25,378 DEBUG Predestination
2018-03-15 18:57:25,591 DEBUG Primitive notion
2018-03-15 18:57:25,844 DEBUG Priest
2018-03-15 18:57:26,080 DEBUG PL/I
2018-03-15 18:57:26,337 DEBUG Punctuation
2018-03-15 18:57:26,509 DEBUG Pentomino
2018-03-15 18:57:26,687 DEBUG Programmer
2018-03-15 18:57:26,814 DEBUG Periodic table (large cells)
2018-03-15 18:57:27,901 DEBUG Peter Singer
2018-03-15 18:57:28,174 DEBUG Poznań
2018-03-15 18:57:28,512 DEBUG Peter Falk
2018-03-15 18:57:29,023 DEBUG Pixies
2018-03-15 18:57:29,254 DEBUG Plasma ashing
2018-03-15 18:57:29,405 DEBUG Psychophysiology
2018-03-15 18:57:29,483 DEBUG Periodization
2018-03-15 18:57:29,737 DEBUG Petrarch
2018-03-15 18:57:30,084 DEBUG Propeller
2018-03-15 18:57:30,584 DEBUG Peter Duesberg
2018-03-15 18:57:31,022 DEBUG Toxin
2018-03-15 18:57:31,084 DEBUG Philadelphia Phillies
2018-03-15 18:57:31,407 DEBUG Phanerozoic
2018-03-15 18:57:31,601 DEBUG Pokémon
2018-03-15 18:57:31,921 DEBUG Paul the Deacon
2018-03-15 18:57:32,026 DEBUG Peroxide
2018-03-15 18:57:32,163 DEBUG Photolithography
2018-03-15 18:57:32,421 DEBUG Platypus
2018-03-15 18:57:32,586 DEBUG Paramagnetism
2018-03-15 18:57:32,960 DEBUG Parapsychology
2018-03-15 18:57:33,093 DEBUG Presburger arithmetic
2018-03-15 18:57:33,237 DEBUG Purdue University
2018-03-15 18:57:33,513 DEBUG Pseudo-Dionysius the Areopagite
2018-03-15 18:57:33,568 DEBUG Perfect crystal
2018-03-15 18:57:33,828 DEBUG Pope Linus
2018-03-15 18:57:33,888 DEBUG Pilgrimage
2018-03-15 18:57:34,179 DEBUG Perth (disambiguation)
2018-03-15 18:57:34,217 DEBUG Paul Keating
2018-03-15 18:57:34,446 DEBUG Paolo Agostino
2018-03-15 18:57:35,096 DEBUG Pavel Urysohn
2018-03-15 18:57:35,199 DEBUG Pluot
2018-03-15 18:57:36,204 DEBUG Pascal (programming language)
2018-03-15 18:57:36,315 DEBUG Paint
2018-03-15 18:57:36,644 DEBUG Photoresist
2018-03-15 18:57:36,801 DEBUG Phrenology
2018-03-15 18:57:37,138 DEBUG Pope Alexander IV
2018-03-15 18:57:37,203 DEBUG Pope Alexander VII
2018-03-15 18:57:37,280 DEBUG Pope Alexander VIII
2018-03-15 18:57:37,424 DEBUG Pope Alexander VI
2018-03-15 18:57:37,753 DEBUG Pope Alexander II
2018-03-15 18:57:37,941 DEBUG Pope Alexander III
2018-03-15 18:57:38,517 DEBUG Pope Alexander I
2018-03-15 18:57:38,866 DEBUG Poincaré conjecture
2018-03-15 18:57:38,989 DEBUG Power set
2018-03-15 18:57:39,181 DEBUG Procedural programming
2018-03-15 18:57:39,577 DEBUG Pareto index
2018-03-15 18:57:40,830 DEBUG Pope Leo III
2018-03-15 18:57:40,924 DEBUG Pope Adrian I
2018-03-15 18:57:42,165 DEBUG Pope John Paul II
2018-03-15 18:57:42,403 DEBUG Patanjali
2018-03-15 18:57:42,461 DEBUG Pope John XXIII
2018-03-15 18:57:42,821 DEBUG Pope Pius XII
2018-03-15 18:57:43,299 DEBUG Pope John II
2018-03-15 18:57:43,357 DEBUG Pope Agapetus I
2018-03-15 18:57:43,538 DEBUG Pope Agatho
2018-03-15 18:57:43,852 DEBUG Pope-elect Stephen
2018-03-15 18:57:44,507 DEBUG Pope Stephen II
2018-03-15 18:57:44,611 DEBUG Pope Joan
2018-03-15 18:57:44,924 DEBUG Pierre Allix
2018-03-15 18:57:45,521 DEBUG Prospero Alpini
2018-03-15 18:57:46,044 DEBUG Prague Spring
2018-03-15 18:57:46,110 DEBUG Princetown
2018-03-15 18:57:46,167 DEBUG PostgreSQL
2018-03-15 18:57:46,285 DEBUG Pope Adrian II
2018-03-15 18:57:56,919 DEBUG Sture Allén
2018-03-15 18:57:56,921 DEBUG South Korea
2018-03-15 18:57:57,255 DEBUG History of South Korea
2018-03-15 18:57:57,417 DEBUG Geography of South Korea
2018-03-15 18:57:57,896 DEBUG Demographics of South Korea
2018-03-15 18:57:57,936 DEBUG Politics of South Korea
2018-03-15 18:57:59,723 DEBUG Economy of South Korea
2018-03-15 18:58:00,003 DEBUG Telecommunications in South Korea
2018-03-15 18:58:00,218 DEBUG Transport in South Korea
2018-03-15 18:58:00,331 DEBUG Republic of Korea Armed Forces
2018-03-15 18:58:00,662 DEBUG Foreign relations of South Korea
2018-03-15 18:58:00,697 DEBUG Schoolly D
2018-03-15 18:58:00,895 DEBUG Rock–paper–scissors
2018-03-15 18:58:01,095 DEBUG Logudorese dialect
2018-03-15 18:58:01,236 DEBUG Sardinian language
2018-03-15 18:58:01,592 DEBUG Shot reverse shot
2018-03-15 18:58:02,168 DEBUG Stop motion
2018-03-15 18:58:02,501 DEBUG Screwball comedy film
2018-03-15 18:58:02,717 DEBUG Lists of science fiction films
2018-03-15 18:58:02,787 DEBUG Schutzstaffel
2018-03-15 18:58:03,309 DEBUG New Wave science fiction
2018-03-15 18:58:03,397 DEBUG Administrative division
2018-03-15 18:58:04,505 DEBUG Service mark
2018-03-15 18:58:04,540 DEBUG Scott Adams
2018-03-15 18:58:04,570 DEBUG Steel
2018-03-15 18:58:04,653 DEBUG Stainless steel
2018-03-15 18:58:04,788 DEBUG Stig Anderson
2018-03-15 18:58:04,915 DEBUG Soft drink
2018-03-15 18:58:05,137 DEBUG Steve Crocker
2018-03-15 18:58:06,275 DEBUG Standardization
2018-03-15 18:58:06,410 DEBUG Sub-Saharan Africa
2018-03-15 18:58:06,848 DEBUG Sahara Desert (ecoregion)
2018-03-15 18:58:06,943 DEBUG Søren Kierkegaard
2018-03-15 18:58:07,398 DEBUG Star Trek: The Next Generation
2018-03-15 18:58:07,591 DEBUG Star Trek: The Original Series
2018-03-15 18:58:07,699 DEBUG Star Trek: Deep Space Nine
2018-03-15 18:58:07,990 DEBUG Star Trek: Enterprise
2018-03-15 18:58:08,225 DEBUG List of Star Trek: Enterprise episodes
2018-03-15 18:58:10,375 DEBUG The Doctor (Star Trek: Voyager)
2018-03-15 18:58:10,440 DEBUG Worf
2018-03-15 18:58:10,635 DEBUG Star Trek Generations
2018-03-15 18:58:10,944 DEBUG Odo (Star Trek)
2018-03-15 18:58:11,128 DEBUG Cardassian
2018-03-15 18:58:11,432 DEBUG Martok
2018-03-15 18:58:11,559 DEBUG Kathryn Janeway
2018-03-15 18:58:11,805 DEBUG B'Elanna Torres
2018-03-15 18:58:12,204 DEBUG Chakotay
2018-03-15 18:58:12,711 DEBUG Maquis (Star Trek)
2018-03-15 18:58:12,849 DEBUG Kes (Star Trek)
2018-03-15 18:58:12,884 DEBUG List of Star Trek: The Original Series episodes
2018-03-15 18:58:13,074 DEBUG Star Trek: The Animated Series
2018-03-15 18:58:13,213 DEBUG Tom Paris
2018-03-15 18:58:13,354 DEBUG Star Trek: First Contact
2018-03-15 18:58:13,596 DEBUG Star Trek II: The Wrath of Khan
2018-03-15 18:58:14,026 DEBUG Q (Star Trek)
2018-03-15 18:58:14,250 DEBUG Star Trek: Voyager
2018-03-15 18:58:14,397 DEBUG Beverly Crusher
2018-03-15 18:58:14,553 DEBUG Leonard McCoy
2018-03-15 18:58:14,820 DEBUG Deanna Troi
2018-03-15 18:58:15,071 DEBUG Geordi La Forge
2018-03-15 18:58:15,240 DEBUG Hoshi Sato
2018-03-15 18:58:15,276 DEBUG Romulan
2018-03-15 18:58:15,601 DEBUG Starship Enterprise
2018-03-15 18:58:15,637 DEBUG Secularism
2018-03-15 18:58:15,880 DEBUG Silicon
2018-03-15 18:58:16,321 DEBUG Sulfur (disambiguation)
2018-03-15 18:58:16,376 DEBUG Scandium
2018-03-15 18:58:16,569 DEBUG Selenium
2018-03-15 18:58:16,935 DEBUG Strontium
2018-03-15 18:58:17,448 DEBUG Silver
2018-03-15 18:58:17,817 DEBUG Sorbian languages
2018-03-15 18:58:17,961 DEBUG Samarium
2018-03-15 18:58:18,470 DEBUG Sami people
2018-03-15 18:58:18,944 DEBUG Saarland
2018-03-15 18:58:19,216 DEBUG Schleswig-Holstein
2018-03-15 18:58:19,412 DEBUG Sulfur
2018-03-15 18:58:19,877 DEBUG SPD (disambiguation)
2018-03-15 18:58:20,409 DEBUG Speech Assessment Methods Phonetic Alphabet
2018-03-15 18:58:20,937 DEBUG Sheryl Crow
2018-03-15 18:58:21,221 DEBUG Structuralist film theory
2018-03-15 18:58:21,257 DEBUG Epileptic seizure
2018-03-15 18:58:21,359 DEBUG Svenska Akademiens ordlista
2018-03-15 18:58:21,459 DEBUG Stockholm School of Economics
2018-03-15 18:58:21,533 DEBUG Stockholm University
2018-03-15 18:58:21,675 DEBUG Scotland Yard
2018-03-15 18:58:21,714 DEBUG Sherlock Holmes
2018-03-15 18:58:21,880 DEBUG Scroll (disambiguation)
2018-03-15 18:58:21,923 DEBUG Slow fire
2018-03-15 18:58:22,147 DEBUG Sequential access
2018-03-15 18:58:23,243 DEBUG Sed
2018-03-15 18:58:23,341 DEBUG Southern Poverty Law Center
2018-03-15 18:58:23,427 DEBUG Sexism
2018-03-15 18:58:23,910 DEBUG Shiv Sena
2018-03-15 18:58:24,009 DEBUG San Francisco 49ers
2018-03-15 18:58:24,519 DEBUG Los Angeles Chargers
2018-03-15 18:58:25,062 DEBUG S
2018-03-15 18:58:25,115 DEBUG Ska
2018-03-15 18:58:25,643 DEBUG Shoe
2018-03-15 18:58:26,285 DEBUG Slang
2018-03-15 18:58:26,490 DEBUG Skinhead
2018-03-15 18:58:26,715 DEBUG Sorrel
2018-03-15 18:58:26,895 DEBUG Swiss German
2018-03-15 18:58:26,974 DEBUG Snare drum
2018-03-15 18:58:27,472 DEBUG History of Saint Helena
2018-03-15 18:58:27,830 DEBUG Geography of Saint Helena
2018-03-15 18:58:27,929 DEBUG Demographics of Saint Helena, Ascension and Tristan da Cunha
2018-03-15 18:58:27,964 DEBUG Politics of Saint Helena
2018-03-15 18:58:28,086 DEBUG Economy of Saint Helena
2018-03-15 18:58:28,778 DEBUG Transport on Saint Helena
2018-03-15 18:58:29,376 DEBUG Saint Kitts and Nevis
2018-03-15 18:58:29,498 DEBUG History of Saint Kitts and Nevis
2018-03-15 18:58:29,625 DEBUG Geography of Saint Kitts and Nevis
2018-03-15 18:58:29,942 DEBUG Demographics of Saint Kitts and Nevis
2018-03-15 18:58:30,003 DEBUG Politics of Saint Kitts and Nevis
2018-03-15 18:58:30,119 DEBUG Transport in Saint Kitts and Nevis
2018-03-15 18:58:30,170 DEBUG Foreign relations of Saint Kitts and Nevis
2018-03-15 18:58:30,264 DEBUG Saint Lucia
2018-03-15 18:58:30,545 DEBUG History of Saint Lucia
2018-03-15 18:58:30,802 DEBUG Geography of Saint Lucia
2018-03-15 18:58:31,017 DEBUG Demographics of Saint Lucia
2018-03-15 18:58:31,045 DEBUG Politics of Saint Lucia
2018-03-15 18:58:31,299 DEBUG Economy of Saint Lucia
2018-03-15 18:58:31,400 DEBUG Telecommunications in Saint Lucia
2018-03-15 18:58:31,462 DEBUG Transport in Saint Lucia
2018-03-15 18:58:32,002 DEBUG Military of Saint Lucia
2018-03-15 18:58:32,029 DEBUG Foreign relations of Saint Lucia
2018-03-15 18:58:32,086 DEBUG Saint Pierre and Miquelon
2018-03-15 18:58:32,182 DEBUG Geography of Saint Pierre and Miquelon
2018-03-15 18:58:32,324 DEBUG Demographics of Saint Pierre and Miquelon
2018-03-15 18:58:32,859 DEBUG Politics of Saint Pierre and Miquelon
2018-03-15 18:58:33,909 DEBUG Telecommunications in Saint Pierre and Miquelon
2018-03-15 18:58:33,936 DEBUG Saint Vincent and the Grenadines
2018-03-15 18:58:34,005 DEBUG History of Saint Vincent and the Grenadines
2018-03-15 18:58:34,092 DEBUG Geography of Saint Vincent and the Grenadines
2018-03-15 18:58:34,808 DEBUG Demographics of Saint Vincent and the Grenadines
2018-03-15 18:58:34,838 DEBUG Politics of Saint Vincent and the Grenadines
2018-03-15 18:58:34,979 DEBUG Economy of Saint Vincent and the Grenadines
2018-03-15 18:58:35,676 DEBUG Telecommunications in Saint Vincent and the Grenadines
2018-03-15 18:58:35,713 DEBUG Transport in Saint Vincent and the Grenadines
2018-03-15 18:58:36,240 DEBUG Military of Saint Vincent and the Grenadines
2018-03-15 18:58:36,771 DEBUG Foreign relations of Saint Vincent and the Grenadines
2018-03-15 18:58:36,934 DEBUG Samoa
2018-03-15 18:58:37,227 DEBUG History of Samoa
2018-03-15 18:58:37,377 DEBUG Geography of Samoa
2018-03-15 18:58:37,418 DEBUG Demographics of Samoa
2018-03-15 18:58:37,448 DEBUG Politics of Samoa
2018-03-15 18:58:37,628 DEBUG Economy of Samoa
2018-03-15 18:58:38,025 DEBUG Telecommunications in Samoa
2018-03-15 18:58:38,064 DEBUG Transport in Samoa
2018-03-15 18:58:38,134 DEBUG San Marino
2018-03-15 18:58:38,421 DEBUG History of San Marino
2018-03-15 18:58:38,464 DEBUG Geography of San Marino
2018-03-15 18:58:38,680 DEBUG Demographics of San Marino
2018-03-15 18:58:38,719 DEBUG Politics of San Marino
2018-03-15 18:58:38,917 DEBUG Economy of San Marino
2018-03-15 18:58:40,002 DEBUG Telecommunications in San Marino
2018-03-15 18:58:40,529 DEBUG Transport in San Marino
2018-03-15 18:58:40,647 DEBUG Military of San Marino
2018-03-15 18:58:40,864 DEBUG Foreign relations of San Marino
2018-03-15 18:58:41,423 DEBUG History of São Tomé and Príncipe
2018-03-15 18:58:41,475 DEBUG Geography of São Tomé and Príncipe
2018-03-15 18:58:41,593 DEBUG Demographics of São Tomé and Príncipe
2018-03-15 18:58:41,739 DEBUG Politics of São Tomé and Príncipe
2018-03-15 18:58:42,479 DEBUG Telecommunications in São Tomé and Príncipe
2018-03-15 18:58:42,509 DEBUG Transport in São Tomé and Príncipe
2018-03-15 18:58:43,075 DEBUG Military of São Tomé and Príncipe
2018-03-15 18:58:43,182 DEBUG History of Saudi Arabia
2018-03-15 18:58:43,267 DEBUG Geography of Saudi Arabia
2018-03-15 18:58:43,668 DEBUG Demographics of Saudi Arabia
2018-03-15 18:58:43,769 DEBUG Politics of Saudi Arabia
2018-03-15 18:58:44,110 DEBUG Economy of Saudi Arabia
2018-03-15 18:58:44,735 DEBUG Telecommunications in Saudi Arabia
2018-03-15 18:58:44,774 DEBUG Transport in Saudi Arabia
2018-03-15 18:58:44,881 DEBUG Armed Forces of Saudi Arabia
2018-03-15 18:58:44,935 DEBUG Foreign relations of Saudi Arabia
2018-03-15 18:58:45,294 DEBUG Senegal
2018-03-15 18:58:45,996 DEBUG History of Senegal
2018-03-15 18:58:46,119 DEBUG Geography of Senegal
2018-03-15 18:58:46,211 DEBUG Demographics of Senegal
2018-03-15 18:58:46,759 DEBUG Politics of Senegal
2018-03-15 18:58:46,867 DEBUG Economy of Senegal
2018-03-15 18:58:46,990 DEBUG Telecommunications in Senegal
2018-03-15 18:58:47,138 DEBUG Transport in Senegal
2018-03-15 18:58:47,270 DEBUG Armed Forces of Senegal
2018-03-15 18:58:47,373 DEBUG Foreign relations of Senegal
2018-03-15 18:58:47,590 DEBUG Seychelles
2018-03-15 18:58:47,873 DEBUG Serbia and Montenegro
2018-03-15 18:58:48,021 DEBUG Demographics of Seychelles
2018-03-15 18:58:48,067 DEBUG Politics of Seychelles
2018-03-15 18:58:48,286 DEBUG Economy of Seychelles
2018-03-15 18:58:48,373 DEBUG Telecommunications in Seychelles
2018-03-15 18:58:48,745 DEBUG Transport in Seychelles
2018-03-15 18:58:49,169 DEBUG Military of Seychelles
2018-03-15 18:58:49,201 DEBUG Foreign relations of Seychelles
2018-03-15 18:58:49,889 DEBUG Sierra Leone
2018-03-15 18:58:50,385 DEBUG History of Sierra Leone
2018-03-15 18:58:50,864 DEBUG Geography of Sierra Leone
2018-03-15 18:58:50,949 DEBUG Demographics of Sierra Leone
2018-03-15 18:58:52,088 DEBUG Politics of Sierra Leone
2018-03-15 18:58:52,625 DEBUG Economy of Sierra Leone
2018-03-15 18:58:52,777 DEBUG Telecommunications in Sierra Leone
2018-03-15 18:58:52,809 DEBUG Transport in Sierra Leone
2018-03-15 18:58:52,835 DEBUG Republic of Sierra Leone Armed Forces
2018-03-15 18:58:52,957 DEBUG Singapore
2018-03-15 18:58:53,260 DEBUG Demographics of Singapore
2018-03-15 18:58:53,300 DEBUG Politics of Singapore
2018-03-15 18:58:53,495 DEBUG Telecommunications in Singapore
2018-03-15 18:58:53,650 DEBUG Transport in Singapore
2018-03-15 18:58:53,884 DEBUG Foreign relations of Singapore
2018-03-15 18:58:53,977 DEBUG History of Slovakia
2018-03-15 18:58:54,087 DEBUG Geography of Slovakia
2018-03-15 18:58:54,124 DEBUG Demographics of Slovakia
2018-03-15 18:58:54,177 DEBUG Politics of Slovakia
2018-03-15 18:58:54,243 DEBUG Economy of Slovakia
2018-03-15 18:58:54,486 DEBUG Telecommunications in Slovakia
2018-03-15 18:58:54,517 DEBUG Transport in Slovakia
2018-03-15 18:58:54,790 DEBUG Slovak Armed Forces
2018-03-15 18:58:54,883 DEBUG Foreign relations of Slovakia
