2018-03-29 17:51:33,495 DEBUG Reggae.txt
2018-03-29 17:51:34,766 DEBUG Mac OS.txt
2018-03-29 17:51:35,954 DEBUG Pregnancy.txt
2018-03-29 17:51:37,282 DEBUG Immigration to the United States.txt
2018-03-29 17:51:39,045 DEBUG Human Development Index.txt
2018-03-29 17:51:40,433 DEBUG A&M Records.txt
2018-03-29 17:51:41,906 DEBUG Subset.txt
2018-03-29 17:51:43,568 DEBUG Goalkeeper (association football).txt
2018-03-29 17:51:44,671 DEBUG Furniture.txt
2018-03-29 17:51:45,854 DEBUG Teutonic Knights.txt
2018-03-29 17:51:47,269 DEBUG Scouting.txt
2018-03-29 17:51:48,789 DEBUG Batting (cricket).txt
2018-03-29 17:51:50,235 DEBUG Image.txt
2018-03-29 17:51:50,621 DEBUG Uzbekistan.txt
2018-03-29 17:51:53,327 DEBUG Adjective.txt
2018-03-29 17:51:55,033 DEBUG Sundial.txt
2018-03-29 17:51:56,638 DEBUG Geological history of Earth.txt
2018-03-29 17:51:57,988 DEBUG Brachiopod.txt
2018-03-29 17:51:59,199 DEBUG Unmanned aerial vehicle.txt
2018-03-29 17:52:00,779 DEBUG Finland.txt
2018-03-29 17:52:03,160 DEBUG Morphology (linguistics).txt
2018-03-29 17:52:04,418 DEBUG Municipalities of Spain.txt
2018-03-29 17:52:05,139 DEBUG Provinces of the Netherlands.txt
2018-03-29 17:57:08,474 DEBUG 1980 United States Census.txt
2018-03-29 18:36:29,318 DEBUG Reggae.txt
2018-03-29 18:36:30,339 DEBUG Mac OS.txt
2018-03-29 18:36:31,107 DEBUG Pregnancy.txt
2018-03-29 18:36:32,213 DEBUG Immigration to the United States.txt
2018-03-29 18:36:33,502 DEBUG Human Development Index.txt
2018-03-29 18:36:34,684 DEBUG A&M Records.txt
2018-03-29 18:36:35,709 DEBUG Subset.txt
2018-03-29 18:36:36,626 DEBUG Goalkeeper (association football).txt
2018-03-29 18:36:37,722 DEBUG Furniture.txt
2018-03-29 18:36:39,475 DEBUG Teutonic Knights.txt
2018-03-29 18:36:40,338 DEBUG Scouting.txt
2018-03-29 18:36:41,177 DEBUG Batting (cricket).txt
2018-03-29 18:36:42,706 DEBUG Image.txt
2018-03-29 18:36:43,140 DEBUG Uzbekistan.txt
2018-03-29 18:36:44,847 DEBUG Adjective.txt
2018-03-29 18:36:45,479 DEBUG Sundial.txt
