2018-03-15 18:49:47,351 DEBUG Beryllium
2018-03-15 18:49:47,747 DEBUG Britney Spears
2018-03-15 18:49:48,721 DEBUG Brazil
2018-03-15 18:49:50,572 DEBUG Black Forest
2018-03-15 18:49:50,865 DEBUG Black Sea
2018-03-15 18:49:51,014 DEBUG Bible
2018-03-15 18:49:51,100 DEBUG British Columbia
2018-03-15 18:49:51,580 DEBUG Gautama Buddha
2018-03-15 18:49:51,851 DEBUG Bridge
2018-03-15 18:49:51,953 DEBUG Beadwork
2018-03-15 18:49:52,049 DEBUG Board game
2018-03-15 18:49:52,130 DEBUG Bead
2018-03-15 18:49:52,649 DEBUG Bead weaving
2018-03-15 18:49:52,685 DEBUG Branchiopoda
2018-03-15 18:49:52,910 DEBUG Baruch Spinoza
2018-03-15 18:49:53,779 DEBUG Being
2018-03-15 18:49:54,931 DEBUG Bird
2018-03-15 18:49:55,776 DEBUG ...Baby One More Time (album)
2018-03-15 18:49:56,353 DEBUG Burn card
2018-03-15 18:49:56,946 DEBUG Bulgaria
2018-03-15 18:49:57,214 DEBUG Bryozoa
2018-03-15 18:49:57,691 DEBUG Biennial plant
2018-03-15 18:49:59,010 DEBUG Bay leaf
2018-03-15 18:49:59,074 DEBUG Basis
2018-03-15 18:49:59,106 DEBUG Burgess Shale
2018-03-15 18:49:59,202 DEBUG Beavis and Butt-Head
2018-03-15 18:49:59,745 DEBUG Bromeliales
2018-03-15 18:49:59,964 DEBUG Brassicales
2018-03-15 18:50:00,200 DEBUG Bulletin board system
2018-03-15 18:50:00,694 DEBUG String Quartet No. 16 (Beethoven)
2018-03-15 18:50:01,967 DEBUG Symphony No. 9 (Beethoven)
2018-03-15 18:50:02,461 DEBUG Piano Trios, Op. 1 (Beethoven)
2018-03-15 18:50:02,544 DEBUG Piano Trios, Op. 70 (Beethoven)
2018-03-15 18:50:03,642 DEBUG Piano Trio, Op. 97 (Beethoven)
2018-03-15 18:50:03,830 DEBUG Violin Sonata No. 5 (Beethoven)
2018-03-15 18:50:03,986 DEBUG Barratry (common law)
2018-03-15 18:50:04,261 DEBUG Bomber
2018-03-15 18:50:04,411 DEBUG Cue sports
2018-03-15 18:50:04,533 DEBUG Big Dipper (disambiguation)
2018-03-15 18:50:04,559 DEBUG Bursa
2018-03-15 18:50:04,786 DEBUG The Bahamas
2018-03-15 18:50:05,195 DEBUG Baker Island
2018-03-15 18:50:05,382 DEBUG Bangladesh
2018-03-15 18:50:06,717 DEBUG Barbados
2018-03-15 18:50:07,128 DEBUG Bassas da India
2018-03-15 18:50:08,245 DEBUG Belarus
2018-03-15 18:50:08,482 DEBUG Belize
2018-03-15 18:50:08,833 DEBUG Benin
2018-03-15 18:50:09,256 DEBUG Bermuda
2018-03-15 18:50:09,675 DEBUG Bolivia
2018-03-15 18:50:10,029 DEBUG Bosnia and Herzegovina
2018-03-15 18:50:10,697 DEBUG Botswana
2018-03-15 18:50:10,951 DEBUG Brunei
2018-03-15 18:50:11,427 DEBUG British Virgin Islands
2018-03-15 18:50:11,562 DEBUG Burkina Faso
2018-03-15 18:50:12,138 DEBUG Economy of the Bahamas
2018-03-15 18:50:12,498 DEBUG Government of Barbados
2018-03-15 18:50:12,762 DEBUG Government of Belarus
2018-03-15 18:50:12,903 DEBUG Telecommunications in Belarus
2018-03-15 18:50:12,945 DEBUG Transport in Belarus
2018-03-15 18:50:12,967 DEBUG Armed Forces of Belarus
2018-03-15 18:50:13,044 DEBUG Foreign relations of Belarus
2018-03-15 18:50:13,209 DEBUG Telecommunications in Belgium
2018-03-15 18:50:13,345 DEBUG Transport in Belgium
2018-03-15 18:50:13,622 DEBUG Economy of Benin
2018-03-15 18:50:13,806 DEBUG Economy of Bhutan
2018-03-15 18:50:13,888 DEBUG Lhop people
2018-03-15 18:50:14,056 DEBUG Blindness in literature
2018-03-15 18:50:14,142 DEBUG Geography of Bosnia and Herzegovina
2018-03-15 18:50:14,272 DEBUG Demographics of Bosnia and Herzegovina
2018-03-15 18:50:14,310 DEBUG Politics of Bosnia and Herzegovina
2018-03-15 18:50:14,524 DEBUG Economy of Bosnia and Herzegovina
2018-03-15 18:50:14,612 DEBUG Transport in Bosnia and Herzegovina
2018-03-15 18:50:14,668 DEBUG Armed Forces of Bosnia and Herzegovina
2018-03-15 18:50:14,766 DEBUG Foreign relations of Bosnia and Herzegovina
2018-03-15 18:50:14,866 DEBUG History of Botswana
2018-03-15 18:50:14,970 DEBUG Geography of Botswana
2018-03-15 18:50:15,244 DEBUG Demographics of Botswana
2018-03-15 18:50:15,817 DEBUG Politics of Botswana
2018-03-15 18:50:15,969 DEBUG Economy of Botswana
2018-03-15 18:50:16,373 DEBUG Telecommunications in Botswana
2018-03-15 18:50:16,398 DEBUG Transport in Botswana
2018-03-15 18:50:16,562 DEBUG Foreign relations of Botswana
2018-03-15 18:50:17,229 DEBUG Geography of Brazil
2018-03-15 18:50:17,538 DEBUG Politics of Brazil
2018-03-15 18:50:17,664 DEBUG Economy of Brazil
2018-03-15 18:50:17,858 DEBUG Telecommunications in Brazil
2018-03-15 18:50:17,992 DEBUG Transport in Brazil
2018-03-15 18:50:18,103 DEBUG Brazilian Armed Forces
2018-03-15 18:50:18,158 DEBUG Foreign relations of Brazil
2018-03-15 18:50:18,352 DEBUG Geography of the British Virgin Islands
2018-03-15 18:50:18,614 DEBUG Demographics of the British Virgin Islands
2018-03-15 18:50:18,654 DEBUG Economy of the British Virgin Islands
2018-03-15 18:50:18,840 DEBUG Telecommunications in the British Virgin Islands
2018-03-15 18:50:18,896 DEBUG Geography of Brunei
2018-03-15 18:50:18,969 DEBUG Economy of Brunei
2018-03-15 18:50:19,424 DEBUG Telecommunications in Brunei
2018-03-15 18:50:19,472 DEBUG Foreign relations of Brunei
2018-03-15 18:50:19,732 DEBUG Geography of Bulgaria
2018-03-15 18:50:20,439 DEBUG Politics of Bulgaria
2018-03-15 18:50:20,638 DEBUG Economy of Bulgaria
2018-03-15 18:50:21,194 DEBUG Transport in Bulgaria
2018-03-15 18:50:21,335 DEBUG Bulgarian Armed Forces
2018-03-15 18:50:21,676 DEBUG Geography of Burkina Faso
2018-03-15 18:50:22,024 DEBUG Demographics of Burkina Faso
2018-03-15 18:50:22,172 DEBUG Politics of Burkina Faso
2018-03-15 18:50:22,500 DEBUG Economy of Burkina Faso
2018-03-15 18:50:22,683 DEBUG Telecommunications in Burkina Faso
2018-03-15 18:50:22,721 DEBUG Transport in Burkina Faso
2018-03-15 18:50:22,868 DEBUG Military of Burkina Faso
2018-03-15 18:50:22,986 DEBUG Foreign relations of Burkina Faso
2018-03-15 18:50:23,132 DEBUG Geography of Burundi
2018-03-15 18:50:23,169 DEBUG Demographics of Burundi
2018-03-15 18:50:23,203 DEBUG Politics of Burundi
2018-03-15 18:50:23,293 DEBUG Economy of Burundi
2018-03-15 18:50:24,031 DEBUG Communications in Burundi
2018-03-15 18:50:24,056 DEBUG Transport in Burundi
2018-03-15 18:50:24,114 DEBUG Military of Burundi
2018-03-15 18:50:24,150 DEBUG Foreign relations of Burundi
2018-03-15 18:50:24,332 DEBUG Bosphorus
2018-03-15 18:50:24,560 DEBUG Brussels
2018-03-15 18:50:25,545 DEBUG Bell (disambiguation)
2018-03-15 18:50:25,572 DEBUG Bell Labs
2018-03-15 18:50:25,651 DEBUG Bjarne Stroustrup
2018-03-15 18:50:25,825 DEBUG Brain
2018-03-15 18:50:26,356 DEBUG Byzantium
2018-03-15 18:50:26,465 DEBUG Biotic
2018-03-15 18:50:26,509 DEBUG Berlin Wall
2018-03-15 18:50:27,121 DEBUG Bass (sound)
2018-03-15 18:50:27,893 DEBUG Bass music
2018-03-15 18:50:28,956 DEBUG Burning glass
2018-03-15 18:50:29,080 DEBUG Battle of Adrianople (disambiguation)
2018-03-15 18:50:29,115 DEBUG Beacon
2018-03-15 18:50:29,160 DEBUG Bhangra (music)
2018-03-15 18:50:29,226 DEBUG Beastie Boys
2018-03-15 18:50:29,430 DEBUG British Isles
2018-03-15 18:50:29,739 DEBUG Basque language
2018-03-15 18:50:30,403 DEBUG Björn Ulvaeus
2018-03-15 18:50:30,491 DEBUG Benny Andersson
2018-03-15 18:50:30,721 DEBUG Bluetooth
2018-03-15 18:50:31,104 DEBUG Bluetooth Special Interest Group
2018-03-15 18:50:31,304 DEBUG Boney M.
2018-03-15 18:50:31,743 DEBUG Britain
2018-03-15 18:50:31,799 DEBUG Blade Runner
2018-03-15 18:50:32,418 DEBUG Bill Gates
2018-03-15 18:50:32,620 DEBUG Belgian Blue
2018-03-15 18:50:33,271 DEBUG Boron
2018-03-15 18:50:33,605 DEBUG Bromine
2018-03-15 18:50:34,026 DEBUG Barium
2018-03-15 18:50:34,162 DEBUG Berkelium
2018-03-15 18:50:34,395 DEBUG Bauxite
2018-03-15 18:50:34,515 DEBUG Bavaria
2018-03-15 18:50:35,142 DEBUG Brandenburg
2018-03-15 18:50:35,457 DEBUG Bundestag
2018-03-15 18:50:35,638 DEBUG BMW
2018-03-15 18:50:35,716 DEBUG Bornholm
2018-03-15 18:50:36,475 DEBUG Bay (disambiguation)
2018-03-15 18:50:36,523 DEBUG Book
2018-03-15 18:50:37,022 DEBUG B52 (disambiguation)
2018-03-15 18:50:37,057 DEBUG Bal Thackeray
2018-03-15 18:50:37,091 DEBUG Bille August
2018-03-15 18:50:38,255 DEBUG Bitola
2018-03-15 18:50:38,448 DEBUG Battle of Bosworth Field
2018-03-15 18:50:38,976 DEBUG Brassicaceae
2018-03-15 18:50:39,068 DEBUG Books of the Bible
2018-03-15 18:50:39,157 DEBUG Baseball statistics
2018-03-15 18:50:39,238 DEBUG At bat
2018-03-15 18:50:39,912 DEBUG Earned run
2018-03-15 18:50:39,982 DEBUG Base on balls
2018-03-15 18:50:40,168 DEBUG List of Major League Baseball career total bases leaders
2018-03-15 18:50:40,305 DEBUG Hit by pitch
2018-03-15 18:50:40,418 DEBUG Hit (baseball)
2018-03-15 18:50:40,459 DEBUG On-base percentage
2018-03-15 18:50:41,063 DEBUG Sacrifice fly
2018-03-15 18:50:41,089 DEBUG On-base plus slugging
2018-03-15 18:50:41,321 DEBUG Stolen base
2018-03-15 18:50:41,486 DEBUG Plate appearance
2018-03-15 18:50:42,186 DEBUG Games played
2018-03-15 18:50:42,210 DEBUG Boogie Down Productions
2018-03-15 18:50:42,859 DEBUG Binary-coded decimal
2018-03-15 18:50:43,025 DEBUG Bumin Qaghan
2018-03-15 18:50:43,832 DEBUG Bilge Khagan
2018-03-15 18:50:44,903 DEBUG Bauhaus
2018-03-15 18:50:44,938 DEBUG Beowulf
2018-03-15 18:50:45,143 DEBUG Barb Wire
2018-03-15 18:50:45,327 DEBUG Blazing Saddles
2018-03-15 18:50:45,568 DEBUG Bruce Sterling
2018-03-15 18:50:45,631 DEBUG Brain abscess
2018-03-15 18:50:45,972 DEBUG Brigitte Bardot
2018-03-15 18:50:46,096 DEBUG Banjo
2018-03-15 18:50:46,539 DEBUG Baseball
2018-03-15 18:50:46,709 DEBUG Baseball positions
2018-03-15 18:50:46,785 DEBUG History of baseball in the United States
2018-03-15 18:50:47,553 DEBUG Major League Baseball Most Valuable Player Award
2018-03-15 18:50:47,646 DEBUG Major League Baseball Rookie of the Year Award
2018-03-15 18:50:47,928 DEBUG National League Championship Series
2018-03-15 18:50:47,970 DEBUG American League Championship Series
2018-03-15 18:50:48,017 DEBUG American League Division Series
2018-03-15 18:50:48,067 DEBUG National League Division Series
2018-03-15 18:50:48,184 DEBUG 2001 World Series
2018-03-15 18:50:48,434 DEBUG 1903 World Series
2018-03-15 18:50:48,508 DEBUG Bluetongue disease
2018-03-15 18:50:49,074 DEBUG Bruce Perens
2018-03-15 18:50:49,174 DEBUG Bundle theory
2018-03-15 18:50:49,202 DEBUG Bernard Montgomery
2018-03-15 18:50:49,254 DEBUG Herman Boerhaave
2018-03-15 18:50:49,375 DEBUG Benjamin Disraeli
2018-03-15 18:50:49,661 DEBUG Binomial distribution
2018-03-15 18:50:49,923 DEBUG Biostatistics
2018-03-15 18:50:49,978 DEBUG Business statistics
2018-03-15 18:50:49,997 DEBUG List of major biblical figures
2018-03-15 18:50:50,557 DEBUG British and Irish Lions
2018-03-15 18:50:50,678 DEBUG Bass guitar
2018-03-15 18:50:50,713 DEBUG Basketball
2018-03-15 18:50:50,866 DEBUG Blowfish (disambiguation)
2018-03-15 18:50:52,492 DEBUG Cotton Mather
2018-03-15 18:50:52,994 DEBUG Cordwainer Smith
2018-03-15 18:50:53,287 DEBUG CSS (disambiguation)
2018-03-15 18:50:53,822 DEBUG William Kidd
2018-03-15 18:50:53,958 DEBUG Calreticulin
2018-03-15 18:50:53,990 DEBUG Crannog
2018-03-15 18:50:54,067 DEBUG Calendar date
2018-03-15 18:50:54,596 DEBUG Cist
2018-03-15 18:50:54,727 DEBUG Center (group theory)
2018-03-15 18:50:54,839 DEBUG Commonwealth of England
2018-03-15 18:50:55,583 DEBUG Charles Evers
2018-03-15 18:50:55,773 DEBUG Code-division multiple access
2018-03-15 18:50:55,816 DEBUG Content-control software
2018-03-15 18:50:55,937 DEBUG Chambered cairn
2018-03-15 18:50:56,118 DEBUG Canadian whisky
2018-03-15 18:50:57,255 DEBUG Collective noun
2018-03-15 18:50:57,386 DEBUG Carat (mass)
2018-03-15 18:50:57,477 DEBUG European Conference of Postal and Telecommunications Administrations
2018-03-15 18:50:58,077 DEBUG Tramlink
2018-03-15 18:50:58,185 DEBUG Catenary
2018-03-15 18:50:58,221 DEBUG Color temperature
2018-03-15 18:50:58,521 DEBUG Cartoon
2018-03-15 18:50:58,654 DEBUG Chief Minister of the Northern Territory
2018-03-15 18:50:58,736 DEBUG Chemotherapy
2018-03-15 18:50:59,055 DEBUG Chinese historiography
2018-03-15 18:50:59,242 DEBUG Communist Party of China
2018-03-15 18:50:59,652 DEBUG Cryogenics
2018-03-15 18:50:59,734 DEBUG Cary Elwes
2018-03-15 18:50:59,967 DEBUG Chris Sarandon
2018-03-15 18:51:00,196 DEBUG Christopher Guest
2018-03-15 18:51:00,651 DEBUG Carol Kane
2018-03-15 18:51:01,894 DEBUG C*-algebra
2018-03-15 18:51:01,971 DEBUG London Borough of Croydon
2018-03-15 18:51:02,969 DEBUG Carme (moon)
2018-03-15 18:51:03,753 DEBUG Commutator
2018-03-15 18:51:03,821 DEBUG Cairn
2018-03-15 18:51:04,225 DEBUG Characteristic subgroup
2018-03-15 18:51:04,324 DEBUG List of cat breeds
2018-03-15 18:51:04,950 DEBUG Class action
2018-03-15 18:51:05,502 DEBUG Contempt of court
2018-03-15 18:51:05,664 DEBUG Corroborating evidence
2018-03-15 18:51:05,977 DEBUG Cross-examination
2018-03-15 18:51:06,054 DEBUG Charles d'Abancour
2018-03-15 18:51:06,104 DEBUG Curtiss P-40 Warhawk
2018-03-15 18:51:06,442 DEBUG Creed
2018-03-15 18:51:06,476 DEBUG Claudius Aelianus
2018-03-15 18:51:06,633 DEBUG Callisto (mythology)
2018-03-15 18:51:07,065 DEBUG Cookie
2018-03-15 18:51:07,248 DEBUG Common Gateway Interface
2018-03-15 18:51:07,415 DEBUG Choctaw
2018-03-15 18:51:07,762 DEBUG Chemical affinity
2018-03-15 18:51:07,905 DEBUG Comet Hale–Bopp
2018-03-15 18:51:07,984 DEBUG Conspiracy
2018-03-15 18:51:08,166 DEBUG Cholistan Desert
2018-03-15 18:51:08,245 DEBUG Causantín mac Cináeda
2018-03-15 18:51:08,520 DEBUG Constantine II (emperor)
2018-03-15 18:51:08,608 DEBUG Constantine II of Scotland
2018-03-15 18:51:09,019 DEBUG Constantine the Great
2018-03-15 18:51:09,667 DEBUG Common Language Infrastructure
2018-03-15 18:51:09,998 DEBUG Cricket World Cup
2018-03-15 18:51:10,242 DEBUG Commonwealth Heads of Government Meeting
2018-03-15 18:51:10,500 DEBUG Chinese classics
2018-03-15 18:51:11,101 DEBUG Call centre
2018-03-15 18:51:11,261 DEBUG Charles Messier
2018-03-15 18:51:11,367 DEBUG Cemetery H culture
2018-03-15 18:51:11,511 DEBUG Corrado Gini
2018-03-15 18:51:11,563 DEBUG Crankshaft
2018-03-15 18:51:11,773 DEBUG Central nervous system
2018-03-15 18:51:12,047 DEBUG Cell cycle
2018-03-15 18:51:12,785 DEBUG Connection (dance)
2018-03-15 18:51:12,869 DEBUG Caste
2018-03-15 18:51:13,230 DEBUG Coral 66
2018-03-15 18:51:13,475 DEBUG Rhyming slang
2018-03-15 18:51:13,871 DEBUG Canchim
2018-03-15 18:51:14,531 DEBUG Communist Party of the Soviet Union
2018-03-15 18:51:14,924 DEBUG Christianity and homosexuality
2018-03-15 18:51:15,381 DEBUG Chadic languages
2018-03-15 18:51:16,102 DEBUG Cushitic languages
2018-03-15 18:51:16,174 DEBUG Chapter 11, Title 11, United States Code
2018-03-15 18:51:16,344 DEBUG Controversy
2018-03-15 18:51:16,625 DEBUG Centromere
2018-03-15 18:51:16,748 DEBUG Castello
2018-03-15 18:51:16,919 DEBUG CuteFTP
2018-03-15 18:51:17,142 DEBUG Commodore 64
2018-03-15 18:51:17,636 DEBUG Cartography
2018-03-15 18:51:17,724 DEBUG Cardiac glycoside
2018-03-15 18:51:17,930 DEBUG Colonialism
2018-03-15 18:51:17,982 DEBUG Casablanca
2018-03-15 18:51:18,148 DEBUG Cross
2018-03-15 18:51:18,218 DEBUG Coordination complex
2018-03-15 18:51:18,434 DEBUG Coleco
2018-03-15 18:51:18,713 DEBUG ColecoVision
2018-03-15 18:51:18,832 DEBUG Telstar (game console)
2018-03-15 18:51:18,979 DEBUG Conventional warfare
2018-03-15 18:51:19,095 DEBUG Chauvinism
2018-03-15 18:51:19,232 DEBUG Hypothetical types of biochemistry
2018-03-15 18:51:19,488 DEBUG Creation myth
2018-03-15 18:51:19,630 DEBUG Crucifix
2018-03-15 18:51:19,708 DEBUG Copernican principle
2018-03-15 18:51:19,733 DEBUG Cyprinidae
2018-03-15 18:51:19,868 DEBUG Complementary DNA
2018-03-15 18:51:20,462 DEBUG Cellular digital packet data
2018-03-15 18:51:20,799 DEBUG Creature of statute
2018-03-15 18:51:21,596 DEBUG General Conference on Weights and Measures
2018-03-15 18:51:21,659 DEBUG Cowboy Bebop
2018-03-15 18:51:22,142 DEBUG Clement of Alexandria
2018-03-15 18:51:22,716 DEBUG Cogito ergo sum
2018-03-15 18:51:22,840 DEBUG Carl Barks
2018-03-15 18:51:23,197 DEBUG Centimetre–gram–second system of units
2018-03-15 18:51:23,436 DEBUG Christology
2018-03-15 18:51:23,585 DEBUG Complaint
2018-03-15 18:51:23,839 DEBUG Casimir III the Great
2018-03-15 18:51:23,936 DEBUG Complexity
2018-03-15 18:51:24,018 DEBUG Chastity
2018-03-15 18:51:24,099 DEBUG Cosmic microwave background
2018-03-15 18:51:24,681 DEBUG Comparative law
2018-03-15 18:51:24,890 DEBUG CD (disambiguation)
2018-03-15 18:51:24,940 DEBUG Cyberspace
2018-03-15 18:51:25,237 DEBUG The Maritimes
2018-03-15 18:51:25,531 DEBUG Cyril of Alexandria
2018-03-15 18:51:26,094 DEBUG Cyril of Jerusalem
2018-03-15 18:51:26,284 DEBUG Hanukkah
2018-03-15 18:51:26,499 DEBUG Christian views on marriage
2018-03-15 18:51:26,683 DEBUG Class (computer programming)
2018-03-15 18:51:26,905 DEBUG Color blindness
2018-03-15 18:51:27,261 DEBUG Computer security
2018-03-15 18:51:27,452 DEBUG Chris Cunningham
2018-03-15 18:51:27,823 DEBUG Centaur
2018-03-15 18:51:27,883 DEBUG Chemotaxis
2018-03-15 18:51:29,415 DEBUG Cheshire
2018-03-15 18:51:29,623 DEBUG County town
2018-03-15 18:51:30,790 DEBUG Constitution of Canada
2018-03-15 18:51:30,960 DEBUG Crochet
2018-03-15 18:51:31,187 DEBUG Electromagnetic coil
2018-03-15 18:51:31,360 DEBUG Charles I of England
2018-03-15 18:51:31,457 DEBUG Counter-Strike (video game)
2018-03-15 18:51:31,955 DEBUG Camille Pissarro
2018-03-15 18:51:32,255 DEBUG Cardiology diagnostic tests and procedures
2018-03-15 18:51:32,377 DEBUG Carlo Collodi
2018-03-15 18:51:32,463 DEBUG Constructible number
2018-03-15 18:51:32,698 DEBUG Carson City, Nevada
2018-03-15 18:51:32,915 DEBUG Clark Kent
2018-03-15 18:51:33,066 DEBUG Classification of finite simple groups
2018-03-15 18:51:33,325 DEBUG Chalcolithic
2018-03-15 18:51:33,509 DEBUG Circumcision and law
2018-03-15 18:51:33,798 DEBUG Called to Common Mission
2018-03-15 18:51:34,679 DEBUG Context menu
2018-03-15 18:51:34,807 DEBUG Jews as the chosen people
2018-03-15 18:51:35,352 DEBUG Christian persecution
2018-03-15 18:51:35,910 DEBUG Chaparral
2018-03-15 18:51:36,203 DEBUG Clinker
2018-03-15 18:51:36,263 DEBUG Clipper
2018-03-15 18:51:36,897 DEBUG Clive Anderson
2018-03-15 18:51:36,979 DEBUG Cold fusion
2018-03-15 18:51:37,305 DEBUG Coal tar
2018-03-15 18:51:37,602 DEBUG Catherine of Siena
2018-03-15 18:51:37,861 DEBUG Charles Lyell
2018-03-15 18:51:38,111 DEBUG Chelsea F.C.
2018-03-15 18:51:38,498 DEBUG CANDU reactor
2018-03-15 18:51:38,828 DEBUG Cuitláhuac
2018-03-15 18:51:39,387 DEBUG Cuauhtémoc
2018-03-15 18:51:39,529 DEBUG Cross section (physics)
2018-03-15 18:51:39,988 DEBUG Christian mythology
2018-03-15 18:51:40,872 DEBUG Company (disambiguation)
2018-03-15 18:51:41,035 DEBUG Corporation
2018-03-15 18:51:41,605 DEBUG Fairchild Channel F
2018-03-15 18:51:42,076 DEBUG Collation
2018-03-15 18:51:42,408 DEBUG Cola
2018-03-15 18:51:42,607 DEBUG Capability Maturity Model
2018-03-15 18:51:42,925 DEBUG RDX
2018-03-15 18:51:43,146 DEBUG Christianity and Judaism
2018-03-15 18:51:43,607 DEBUG Cesare Borgia
2018-03-15 18:51:44,031 DEBUG Chronicle
2018-03-15 18:51:44,254 DEBUG Concentration
2018-03-15 18:51:44,550 DEBUG Christine Lavin
2018-03-15 18:51:45,173 DEBUG Cutter Expansive Classification
2018-03-15 18:51:45,233 DEBUG Cem Karaca
2018-03-15 18:51:45,522 DEBUG Calista Flockhart
2018-03-15 18:51:45,750 DEBUG Convolution
2018-03-15 18:51:45,911 DEBUG Calico
2018-03-15 18:51:46,057 DEBUG Calorimetry
2018-03-15 18:51:46,459 DEBUG Charles Evans Hughes
2018-03-15 18:51:46,758 DEBUG Concept album
2018-03-15 18:51:47,213 DEBUG Cro-hook
2018-03-15 18:51:47,254 DEBUG Clavichord
2018-03-15 18:51:47,552 DEBUG Centripetal force
2018-03-15 18:51:47,885 DEBUG Checksum
2018-03-15 18:51:48,135 DEBUG Cultural evolution (disambiguation)
2018-03-15 18:51:48,217 DEBUG City University of New York
2018-03-15 18:51:48,552 DEBUG Computational complexity theory
2018-03-15 18:51:48,640 DEBUG Camelot
2018-03-15 18:51:48,837 DEBUG Contras
2018-03-15 18:51:49,129 DEBUG Craig Venter
2018-03-15 18:51:49,997 DEBUG Carl Rogers
2018-03-15 18:51:50,218 DEBUG Casimir effect
2018-03-15 18:51:50,353 DEBUG Coin
2018-03-15 18:51:50,785 DEBUG Classical Kuiper belt object
2018-03-15 18:51:50,979 DEBUG Foreign policy of the United States
2018-03-15 18:51:51,180 DEBUG Christmas in Poland
2018-03-15 18:51:53,063 DEBUG Carousel (musical)
2018-03-15 18:51:53,843 DEBUG Christian alternative rock
2018-03-15 18:51:53,913 DEBUG Clive Barker
2018-03-15 18:51:54,185 DEBUG Comic fantasy
2018-03-15 18:51:54,818 DEBUG CLU (programming language)
2018-03-15 18:51:54,919 DEBUG History of the Soviet Union (1982–91)
2018-03-15 18:51:55,122 DEBUG Corsican language
2018-03-15 18:51:55,617 DEBUG Commodore International
2018-03-15 18:51:56,042 DEBUG Commodore (rank)
2018-03-15 18:51:56,127 DEBUG Cauchy–Riemann equations
2018-03-15 18:51:56,496 DEBUG Chaim Topol
2018-03-15 18:51:56,738 DEBUG Christadelphians
2018-03-15 18:51:56,997 DEBUG Cable television
2018-03-15 18:51:57,254 DEBUG Cholera
2018-03-15 18:51:58,222 DEBUG Caldera
2018-03-15 18:51:58,684 DEBUG Calculator
2018-03-15 18:51:58,734 DEBUG Cash register
2018-03-15 18:51:59,038 DEBUG Processor design
2018-03-15 18:51:59,532 DEBUG Carinatae
2018-03-15 18:51:59,562 DEBUG Cocktail
2018-03-15 18:51:59,595 DEBUG Coptic Orthodox Church of Alexandria
2018-03-15 18:52:06,953 DEBUG Francium
2018-03-15 18:52:07,205 DEBUG Fermium
2018-03-15 18:52:07,719 DEBUG Frédéric Chopin
2018-03-15 18:52:08,184 DEBUG Free Democratic Party (Germany)
2018-03-15 18:52:08,408 DEBUG Fax
2018-03-15 18:52:08,805 DEBUG Film crew
2018-03-15 18:52:09,109 DEBUG Fear
2018-03-15 18:52:09,556 DEBUG Football team
2018-03-15 18:52:09,774 DEBUG F
2018-03-15 18:52:10,312 DEBUG Food preservation
2018-03-15 18:52:10,462 DEBUG Frequency modulation
2018-03-15 18:52:10,554 DEBUG Faith and rationality
2018-03-15 18:52:10,810 DEBUG F wave
2018-03-15 18:52:11,481 DEBUG Fruit
2018-03-15 18:52:11,519 DEBUG French materialism
2018-03-15 18:52:11,593 DEBUG February
2018-03-15 18:52:11,657 DEBUG First Lady of the United States
2018-03-15 18:52:11,932 DEBUG Frank Herbert
2018-03-15 18:52:12,067 DEBUG Fictional language
2018-03-15 18:52:12,196 DEBUG Formula One
2018-03-15 18:52:13,797 DEBUG Franco Baresi
2018-03-15 18:52:14,007 DEBUG Stage (stratigraphy)
2018-03-15 18:52:14,130 DEBUG Franz Kafka
2018-03-15 18:52:14,618 DEBUG Fields Medal
2018-03-15 18:52:14,648 DEBUG The Trial
2018-03-15 18:52:14,936 DEBUG The Metamorphosis
2018-03-15 18:52:15,112 DEBUG Francisco Goya
2018-03-15 18:52:15,534 DEBUG Frequentist probability
2018-03-15 18:52:15,789 DEBUG FM-2030
2018-03-15 18:52:15,934 DEBUG West Flemish
2018-03-15 18:52:16,026 DEBUG Fritz Leiber
2018-03-15 18:52:16,554 DEBUG Flanders
2018-03-15 18:52:17,073 DEBUG Freud (disambiguation)
2018-03-15 18:52:17,124 DEBUG Plurality voting
2018-03-15 18:52:17,469 DEBUG Free-trade area
2018-03-15 18:52:17,569 DEBUG French fries
2018-03-15 18:52:17,681 DEBUG Field hockey
2018-03-15 18:52:18,858 DEBUG Finagle's law
2018-03-15 18:52:19,485 DEBUG Fundamental interaction
2018-03-15 18:52:19,617 DEBUG Floppy disk
2018-03-15 18:52:19,788 DEBUG Fencing
2018-03-15 18:52:20,458 DEBUG The Free Software Definition
2018-03-15 18:52:21,763 DEBUG Felix Bloch
2018-03-15 18:52:22,116 DEBUG Fugue
2018-03-15 18:52:22,685 DEBUG Fugue state
2018-03-15 18:52:22,935 DEBUG Force
2018-03-15 18:52:23,684 DEBUG Family law
2018-03-15 18:52:23,724 DEBUG Foonly
2018-03-15 18:52:23,815 DEBUG Functional group
2018-03-15 18:52:24,153 DEBUG Fractal
2018-03-15 18:52:24,566 DEBUG Fluid
2018-03-15 18:52:24,718 DEBUG FAQ
2018-03-15 18:52:24,910 DEBUG Fibonacci number
2018-03-15 18:52:24,993 DEBUG Fontainebleau
2018-03-15 18:52:25,538 DEBUG Fighter aircraft
2018-03-15 18:52:25,746 DEBUG Finite-state machine
2018-03-15 18:52:26,006 DEBUG Functional programming
2018-03-15 18:52:26,466 DEBUG February 29
2018-03-15 18:52:26,677 DEBUG Francis Scott Key
2018-03-15 18:52:27,112 DEBUG Formal language
2018-03-15 18:52:27,154 DEBUG Free to Choose
2018-03-15 18:52:27,345 DEBUG Melbourne Grand Prix Circuit
2018-03-15 18:52:27,544 DEBUG Monaco Grand Prix
2018-03-15 18:52:27,831 DEBUG Fusion
2018-03-15 18:52:27,888 DEBUG Four color theorem
2018-03-15 18:52:28,000 DEBUG Fahrenheit 451
2018-03-15 18:52:28,613 DEBUG Francis Xavier
2018-03-15 18:52:29,635 DEBUG Fossil
2018-03-15 18:52:29,895 DEBUG Family Educational Rights and Privacy Act
2018-03-15 18:52:30,004 DEBUG Forgetting
2018-03-15 18:52:30,909 DEBUG Fay Wray
2018-03-15 18:52:31,071 DEBUG Forgetting curve
2018-03-15 18:52:31,354 DEBUG Field-programmable gate array
2018-03-15 18:52:31,706 DEBUG Free-running sleep
2018-03-15 18:52:31,751 DEBUG Fenrir
2018-03-15 18:52:31,919 DEBUG Final Fantasy
2018-03-15 18:52:32,331 DEBUG Fatty acid
2018-03-15 18:52:32,668 DEBUG Fearless (1993 film)
2018-03-15 18:52:32,750 DEBUG Franklin D. Roosevelt
2018-03-15 18:52:34,149 DEBUG Four Freedoms
2018-03-15 18:52:34,370 DEBUG First-order logic
2018-03-15 18:52:35,608 DEBUG Functor
2018-03-15 18:52:35,795 DEBUG Felix Hausdorff
2018-03-15 18:52:36,767 DEBUG Fimbulwinter
2018-03-15 18:52:37,822 DEBUG Frankfurt
2018-03-15 18:52:37,992 DEBUG Albert of Saxony
2018-03-15 18:52:38,023 DEBUG François d'Aguilon
2018-03-15 18:52:38,066 DEBUG Freenet
2018-03-15 18:52:38,387 DEBUG Fortified wine
2018-03-15 18:52:38,626 DEBUG Fred Hoyle
2018-03-15 18:52:38,813 DEBUG French cuisine
2018-03-15 18:52:38,889 DEBUG Five-spice powder
2018-03-15 18:52:39,459 DEBUG Fundamental group
2018-03-15 18:52:39,603 DEBUG FBI (disambiguation)
2018-03-15 18:52:39,644 DEBUG Forth (programming language)
2018-03-15 18:52:39,810 DEBUG Francesco Algarotti
2018-03-15 18:52:40,028 DEBUG Francisco Álvares
2018-03-15 18:52:40,303 DEBUG Francesco Andreini
2018-03-15 18:52:40,459 DEBUG Fifth Monarchists
2018-03-15 18:52:40,673 DEBUG Francis Hopkinson
2018-03-15 18:52:41,016 DEBUG Honorius (emperor)
2018-03-15 18:52:41,241 DEBUG Formant
2018-03-15 18:52:41,561 DEBUG Film stock
2018-03-15 18:52:42,001 DEBUG Form 1040
2018-03-15 18:52:42,149 DEBUG Frederick Douglass
2018-03-15 18:52:42,388 DEBUG Fluid dynamics
2018-03-15 18:52:42,570 DEBUG Fin
2018-03-15 18:52:42,725 DEBUG Freyr
2018-03-15 18:52:42,880 DEBUG Freyja
2018-03-15 18:52:43,196 DEBUG First-class cricket
2018-03-15 18:52:43,381 DEBUG Ferdinand de Saussure
2018-03-15 18:52:43,509 DEBUG Fat
2018-03-15 18:52:43,928 DEBUG Front line
2018-03-15 18:52:44,067 DEBUG FIFA
2018-03-15 18:52:44,265 DEBUG List of presidents of FIFA
2018-03-15 18:52:44,309 DEBUG Fascism
2018-03-15 18:52:44,631 DEBUG Forge
2018-03-15 18:52:44,967 DEBUG Five Pillars of Islam
2018-03-15 18:52:45,066 DEBUG Friction
2018-03-15 18:52:45,198 DEBUG Faith
2018-03-15 18:52:45,394 DEBUG Forest
2018-03-15 18:52:45,584 DEBUG Finger Lakes
2018-03-15 18:52:45,772 DEBUG Kite
2018-03-15 18:52:46,257 DEBUG Fanzine
2018-03-15 18:52:46,425 DEBUG Forgotten Futures
2018-03-15 18:52:46,685 DEBUG Fabritio Caroso
2018-03-15 18:52:46,724 DEBUG Fatah
2018-03-15 18:52:46,877 DEBUG Food and Agriculture Organization
2018-03-15 18:52:47,024 DEBUG Félix Guattari
2018-03-15 18:52:47,173 DEBUG Filioque
2018-03-15 18:52:47,621 DEBUG Federal Information Processing Standards
2018-03-15 18:52:47,657 DEBUG Fiqh
2018-03-15 18:52:48,098 DEBUG First Council of Nicaea
2018-03-15 18:52:48,294 DEBUG Fox News
2018-03-15 18:52:48,591 DEBUG Freeciv
2018-03-15 18:52:48,846 DEBUG Fornax
2018-03-15 18:52:49,233 DEBUG Francesco Borromini
2018-03-15 18:52:49,272 DEBUG Federal Bureau of Investigation
2018-03-15 18:52:50,025 DEBUG Flamsteed designation
2018-03-15 18:52:50,079 DEBUG Wikipedia:Phase II feature requests/Top priorities
2018-03-15 18:52:50,649 DEBUG Wikipedia:Phase II feature requests/Report features
2018-03-15 18:52:50,681 DEBUG Wikipedia:Phase II feature requests/Naming conventions
2018-03-15 18:52:50,718 DEBUG Wikipedia:Phase II feature requests/Cookies, logins, and privacy
2018-03-15 18:52:50,746 DEBUG Wikipedia:Phase II feature requests/Other feature requests
2018-03-15 18:52:50,782 DEBUG Wikipedia:Phase II feature requests/Completed feature requests
2018-03-15 18:52:50,831 DEBUG Wikipedia:Phase II feature requests/Really ambitious and fanciful feature requests
2018-03-15 18:52:50,856 DEBUG Wikipedia:Phase II feature requests/Report features and automation
2018-03-15 18:52:50,924 DEBUG Wikipedia:Phase II feature requests/Interface
2018-03-15 18:52:50,991 DEBUG Wikipedia:Phase II feature requests/Interface and user preferences
2018-03-15 18:52:51,111 DEBUG Northrop F-5
2018-03-15 18:52:52,098 DEBUG FDR (disambiguation)
2018-03-15 18:52:52,202 DEBUG Fresco
2018-03-15 18:52:52,471 DEBUG Fire
2018-03-15 18:52:52,679 DEBUG FIDE
2018-03-15 18:52:52,888 DEBUG Fresnel equations
2018-03-15 18:52:53,071 DEBUG Figure skating
2018-03-15 18:52:53,593 DEBUG Fudge (role-playing game system)
2018-03-15 18:52:53,796 DEBUG Frederick Copleston
2018-03-15 18:52:53,899 DEBUG Finance
2018-03-15 18:52:54,148 DEBUG The Pinchcliffe Grand Prix
2018-03-15 18:52:54,397 DEBUG Fortran
2018-03-15 18:52:54,736 DEBUG Fortaleza
2018-03-15 18:52:55,096 DEBUG Political freedom
2018-03-15 18:52:55,669 DEBUG Foobar
2018-03-15 18:52:56,238 DEBUG Functional analysis
2018-03-15 18:52:56,630 DEBUG Frank Sinatra
2018-03-15 18:52:57,754 DEBUG Funeral
2018-03-15 18:52:58,428 DEBUG Feminism
2018-03-15 18:52:58,695 DEBUG Federal Aviation Administration
2018-03-15 18:52:59,047 DEBUG French Revolution
2018-03-15 18:52:59,790 DEBUG Francis Fukuyama
2018-03-15 18:53:00,296 DEBUG Fingerspelling
2018-03-15 18:53:00,432 DEBUG Wikipedia:Press coverage 2004
2018-03-15 18:53:00,467 DEBUG Four Weddings and a Funeral
2018-03-15 18:53:00,656 DEBUG Ferrari
2018-03-15 18:53:01,236 DEBUG Freemasonry
2018-03-15 18:53:01,685 DEBUG Fulham F.C.
2018-03-15 18:53:01,970 DEBUG Frankie Goes to Hollywood
2018-03-15 18:53:02,159 DEBUG Factors of production
2018-03-15 18:53:02,843 DEBUG Fort Wayne, Indiana
2018-03-15 18:53:03,659 DEBUG Fart (word)
2018-03-15 18:53:03,953 DEBUG FA Cup
2018-03-15 18:53:04,597 DEBUG Fenway Park
2018-03-15 18:53:05,056 DEBUG Flatulence
2018-03-15 18:53:05,775 DEBUG Final Fantasy: The Spirits Within
2018-03-15 18:53:06,185 DEBUG Filter
2018-03-15 18:53:06,218 DEBUG Free Methodist Church
2018-03-15 18:53:06,322 DEBUG Falstaff
2018-03-15 18:53:06,676 DEBUG Floorball
2018-03-15 18:53:06,958 DEBUG Premier League
2018-03-15 18:53:07,208 DEBUG Fine Gael
2018-03-15 18:53:07,327 DEBUG Fu Manchu
2018-03-15 18:53:07,536 DEBUG Friesland
2018-03-15 18:53:07,750 DEBUG Feminist science fiction
2018-03-15 18:53:08,028 DEBUG Fellatio
2018-03-15 18:53:08,186 DEBUG Fatwa
2018-03-15 18:53:08,974 DEBUG Relax (song)
2018-03-15 18:53:09,064 DEBUG Two Tribes
2018-03-15 18:53:09,169 DEBUG Welcome to the Pleasuredome (song)
2018-03-15 18:53:09,225 DEBUG Rage Hard
2018-03-15 18:53:09,280 DEBUG Liverpool (album)
2018-03-15 18:53:09,375 DEBUG Faroese language
2018-03-15 18:53:09,451 DEBUG Elementary particle
2018-03-15 18:53:09,531 DEBUG Miami Marlins
2018-03-15 18:53:09,609 DEBUG Frontline (Australian TV series)
2018-03-15 18:53:09,650 DEBUG Frédéric Bastiat
2018-03-15 18:53:09,670 DEBUG Falsifiability
2018-03-15 18:53:09,829 DEBUG Freikorps
2018-03-15 18:53:10,038 DEBUG Francisco I. Madero
2018-03-15 18:53:10,202 DEBUG Fruitarianism
2018-03-15 18:53:10,264 DEBUG Foreign relations of Afghanistan
2018-03-15 18:53:10,369 DEBUG Felony
2018-03-15 18:53:10,619 DEBUG First aid
2018-03-15 18:53:10,773 DEBUG Feudalism
2018-03-15 18:53:10,937 DEBUG Fox
2018-03-15 18:53:14,289 DEBUG Communications in Indonesia
2018-03-15 18:53:14,853 DEBUG Transport in Indonesia
2018-03-15 18:53:14,882 DEBUG Indonesian National Armed Forces
2018-03-15 18:53:15,121 DEBUG Foreign relations of Indonesia
2018-03-15 18:53:15,341 DEBUG List of islands of Indonesia
2018-03-15 18:53:15,909 DEBUG Iran
2018-03-15 18:53:16,681 DEBUG History of Iraq
2018-03-15 18:53:16,867 DEBUG Geography of Iraq
2018-03-15 18:53:16,947 DEBUG Demographics of Iraq
2018-03-15 18:53:16,985 DEBUG Politics of Iraq
2018-03-15 18:53:17,073 DEBUG Economy of Iraq
2018-03-15 18:53:17,131 DEBUG Transport in Iraq
2018-03-15 18:53:17,165 DEBUG Foreign relations of Iraq
2018-03-15 18:53:17,438 DEBUG Demographics of the Republic of Ireland
2018-03-15 18:53:17,481 DEBUG Politics of the Republic of Ireland
2018-03-15 18:53:17,680 DEBUG Telecommunications in the Republic of Ireland
2018-03-15 18:53:17,788 DEBUG Transport in Ireland
2018-03-15 18:53:17,864 DEBUG Foreign relations of the Republic of Ireland
2018-03-15 18:53:18,158 DEBUG Geography of Israel
2018-03-15 18:53:18,498 DEBUG Demographics of Israel
2018-03-15 18:53:18,955 DEBUG Economy of Israel
2018-03-15 18:53:19,107 DEBUG Israeli Declaration of Independence
2018-03-15 18:53:19,304 DEBUG Geography of Italy
2018-03-15 18:53:20,900 DEBUG Demographics of Italy
2018-03-15 18:53:20,938 DEBUG Politics of Italy
2018-03-15 18:53:21,017 DEBUG Economy of Italy
2018-03-15 18:53:21,854 DEBUG Telecommunications in Italy
2018-03-15 18:53:21,953 DEBUG Transport in Italy
2018-03-15 18:53:22,041 DEBUG Italian Armed Forces
2018-03-15 18:53:22,360 DEBUG Foreign relations of Italy
2018-03-15 18:53:22,617 DEBUG Italian language
2018-03-15 18:53:22,807 DEBUG Ice-T
2018-03-15 18:53:23,227 DEBUG Iron Age
2018-03-15 18:53:23,432 DEBUG EFnet
2018-03-15 18:53:23,512 DEBUG Undernet
2018-03-15 18:53:24,105 DEBUG DALnet
2018-03-15 18:53:24,148 DEBUG BitchX
2018-03-15 18:53:25,464 DEBUG MIRC
2018-03-15 18:53:26,023 DEBUG XChat
2018-03-15 18:53:26,142 DEBUG IRC takeover
2018-03-15 18:53:26,727 DEBUG Irssi
2018-03-15 18:53:26,803 DEBUG Intellectual property
2018-03-15 18:53:27,221 DEBUG Great Famine (Ireland)
2018-03-15 18:53:27,559 DEBUG Isle of Man
2018-03-15 18:53:28,064 DEBUG Italic languages
2018-03-15 18:53:28,145 DEBUG Internet Relay Chat
2018-03-15 18:53:28,731 DEBUG Ideogram
2018-03-15 18:53:28,910 DEBUG Irish Republican Army (1919–1922)
2018-03-15 18:53:29,282 DEBUG Iron
2018-03-15 18:53:29,959 DEBUG IEEE 802.15
2018-03-15 18:53:30,448 DEBUG IEEE 802
2018-03-15 18:53:30,985 DEBUG IEEE 802.11
2018-03-15 18:53:31,715 DEBUG Irn-Bru
2018-03-15 18:53:32,129 DEBUG Internet Standard
2018-03-15 18:53:32,221 DEBUG ITU-T
2018-03-15 18:53:32,270 DEBUG Indian
2018-03-15 18:53:32,810 DEBUG Internalization
2018-03-15 18:53:32,903 DEBUG Ionic
2018-03-15 18:53:32,937 DEBUG Indium
2018-03-15 18:53:33,558 DEBUG Iodine
2018-03-15 18:53:33,980 DEBUG IKEA
2018-03-15 18:53:34,443 DEBUG Iridium
2018-03-15 18:53:34,798 DEBUG IOC (disambiguation)
2018-03-15 18:53:34,891 DEBUG International Phonetic Alphabet
2018-03-15 18:53:35,069 DEBUG Inspector Morse
2018-03-15 18:53:35,345 DEBUG History of the Isle of Man
2018-03-15 18:53:35,669 DEBUG Geography of the Isle of Man
2018-03-15 18:53:35,837 DEBUG Demographics of the Isle of Man
2018-03-15 18:53:35,919 DEBUG Politics of the Isle of Man
2018-03-15 18:53:36,433 DEBUG Economy of the Isle of Man
2018-03-15 18:53:36,507 DEBUG Communications in the Isle of Man
2018-03-15 18:53:36,644 DEBUG Transport in the Isle of Man
2018-03-15 18:53:36,693 DEBUG Information theory
2018-03-15 18:53:37,409 DEBUG Information explosion
2018-03-15 18:53:38,153 DEBUG Inch
2018-03-15 18:53:38,430 DEBUG Inn
2018-03-15 18:53:38,529 DEBUG International Olympiad in Informatics
2018-03-15 18:53:38,645 DEBUG Iota
2018-03-15 18:53:39,025 DEBUG Erectile dysfunction
2018-03-15 18:53:39,219 DEBUG Identity and change
2018-03-15 18:53:39,256 DEBUG Iran–Contra affair
2018-03-15 18:53:39,965 DEBUG Infocom
2018-03-15 18:53:40,191 DEBUG Interactive fiction
2018-03-15 18:53:40,577 DEBUG Ice hockey
2018-03-15 18:53:40,829 DEBUG IEEE 802.3
2018-03-15 18:53:41,501 DEBUG Integer (computer science)
2018-03-15 18:53:41,692 DEBUG Icon
2018-03-15 18:53:41,923 DEBUG Icon (programming language)
2018-03-15 18:53:42,135 DEBUG Iconology
2018-03-15 18:53:42,307 DEBUG List of Indian massacres
2018-03-15 18:53:42,395 DEBUG Islamic calendar
2018-03-15 18:53:42,811 DEBUG Interquartile range
2018-03-15 18:53:43,032 DEBUG Indiana Jones
2018-03-15 18:53:43,746 DEBUG Irreducible fraction
2018-03-15 18:53:44,027 DEBUG Isomorphism class
2018-03-15 18:53:44,059 DEBUG Isomorphism
2018-03-15 18:53:44,415 DEBUG Infinite descending chain
2018-03-15 18:53:44,735 DEBUG Intergovernmental organization
2018-03-15 18:53:44,959 DEBUG International Telecommunication Union
2018-03-15 18:53:45,062 DEBUG Internet Message Access Protocol
2018-03-15 18:53:45,142 DEBUG Inertial frame of reference
2018-03-15 18:53:45,505 DEBUG Illuminati: New World Order
2018-03-15 18:53:45,588 DEBUG Interstellar travel
2018-03-15 18:53:45,965 DEBUG Interior Gateway Routing Protocol
2018-03-15 18:53:46,532 DEBUG IRS (disambiguation)
2018-03-15 18:53:46,589 DEBUG Indo-European languages
2018-03-15 18:53:46,645 DEBUG Illinois
2018-03-15 18:53:47,443 DEBUG Ian Murdock
2018-03-15 18:53:47,472 DEBUG Inner product space
2018-03-15 18:53:48,173 DEBUG Iain Banks
2018-03-15 18:53:48,436 DEBUG Incunable
2018-03-15 18:53:48,478 DEBUG Isotropy
2018-03-15 18:53:50,269 DEBUG International Mathematical Union
2018-03-15 18:53:50,371 DEBUG International Council for Science
2018-03-15 18:53:50,516 DEBUG International Union of Pure and Applied Chemistry
2018-03-15 18:53:50,664 DEBUG International Hydrographic Organization
2018-03-15 18:53:50,729 DEBUG IBM mainframe
2018-03-15 18:53:50,898 DEBUG Iowa State University
2018-03-15 18:53:51,393 DEBUG International Astronomical Union
2018-03-15 18:53:51,689 DEBUG International Criminal Court
2018-03-15 18:53:52,424 DEBUG Incubus (disambiguation)
2018-03-15 18:53:52,548 DEBUG Iberian Peninsula
2018-03-15 18:53:52,845 DEBUG Intermediate value theorem
2018-03-15 18:53:52,877 DEBUG Iran–Iraq War
2018-03-15 18:53:53,609 DEBUG Incremental reading
2018-03-15 18:53:53,656 DEBUG Intelligence quotient
2018-03-15 18:53:54,717 DEBUG Indian Institute of Technology Kanpur
2018-03-15 18:53:54,983 DEBUG Insulin
2018-03-15 18:53:55,476 DEBUG Inductor
2018-03-15 18:53:55,726 DEBUG Insulin pump
2018-03-15 18:53:55,776 DEBUG ISO 3166
2018-03-15 18:53:56,726 DEBUG Intensive insulin therapy
2018-03-15 18:53:57,211 DEBUG Interwiki links
2018-03-15 18:53:57,776 DEBUG Inverse function
2018-03-15 18:53:57,932 DEBUG Inertia
2018-03-15 18:53:58,019 DEBUG Ibanez
2018-03-15 18:53:58,256 DEBUG Incest
2018-03-15 18:53:58,417 DEBUG Industrial Revolution
2018-03-15 18:53:58,805 DEBUG International Court of Justice
2018-03-15 18:53:59,005 DEBUG International Standard Book Number
2018-03-15 18:53:59,196 DEBUG IP address
2018-03-15 18:53:59,293 DEBUG If and only if
2018-03-15 18:53:59,332 DEBUG List of Italian dishes
2018-03-15 18:53:59,426 DEBUG Isaac Ambrose
2018-03-15 18:53:59,902 DEBUG International Convention for the Regulation of Whaling
2018-03-15 18:53:59,990 DEBUG International Organization for Standardization
2018-03-15 18:54:00,086 DEBUG Individualist anarchism
2018-03-15 18:54:00,615 DEBUG Italo Calvino
2018-03-15 18:54:00,793 DEBUG Intercontinental ballistic missile
2018-03-15 18:54:00,926 DEBUG Irish traditional music session
2018-03-15 18:54:01,226 DEBUG Ice
2018-03-15 18:54:01,430 DEBUG Ionic bonding
2018-03-15 18:54:01,795 DEBUG Immune system
2018-03-15 18:54:02,215 DEBUG Immunology
2018-03-15 18:54:02,620 DEBUG IPA (disambiguation)
2018-03-15 18:54:02,653 DEBUG Ice beer
2018-03-15 18:54:02,824 DEBUG Identity element
2018-03-15 18:54:02,941 DEBUG International Tropical Timber Agreement, 1983
2018-03-15 18:54:03,485 DEBUG International Tropical Timber Agreement, 1994
2018-03-15 18:54:03,509 DEBUG Instrumental
2018-03-15 18:54:03,606 DEBUG Regular icosahedron
2018-03-15 18:54:03,694 DEBUG Industrial archaeology of Dartmoor
2018-03-15 18:54:03,768 DEBUG Idempotence
2018-03-15 18:54:03,923 DEBUG Ithaca, New York
2018-03-15 18:54:04,523 DEBUG Ivy League
2018-03-15 18:54:04,880 DEBUG Ithaca Hours
2018-03-15 18:54:05,095 DEBUG Interstellar cloud
2018-03-15 18:54:05,510 DEBUG Imhotep
2018-03-15 18:54:05,770 DEBUG Ictinus
2018-03-15 18:54:05,905 DEBUG Isidore of Miletus
2018-03-15 18:54:06,069 DEBUG International Atomic Energy Agency
2018-03-15 18:54:06,292 DEBUG International Civil Aviation Organization
2018-03-15 18:54:06,543 DEBUG International Maritime Organization
2018-03-15 18:54:06,668 DEBUG International Labour Organization
2018-03-15 18:54:06,821 DEBUG International English
2018-03-15 18:54:07,014 DEBUG International African Institute
2018-03-15 18:54:07,588 DEBUG Insulin-like growth factor
2018-03-15 18:54:07,680 DEBUG Idiot
2018-03-15 18:54:07,789 DEBUG Islamism
2018-03-15 18:54:08,438 DEBUG Instructional theory
2018-03-15 18:54:08,922 DEBUG Infusoria
2018-03-15 18:54:09,714 DEBUG ISO/IEC 8859-1
2018-03-15 18:54:10,185 DEBUG ISO/IEC 8859
2018-03-15 18:54:10,419 DEBUG Infrared
2018-03-15 18:54:10,880 DEBUG Icosidodecahedron
2018-03-15 18:54:11,088 DEBUG ISO 8601
2018-03-15 18:54:11,251 DEBUG International Seabed Authority
2018-03-15 18:54:11,402 DEBUG Industry Standard Architecture
2018-03-15 18:54:11,509 DEBUG Intergovernmental Panel on Climate Change
2018-03-15 18:54:11,773 DEBUG IBM Personal Computer
2018-03-15 18:54:12,108 DEBUG Counties of Ireland
2018-03-15 18:54:12,504 DEBUG Information Sciences Institute
2018-03-15 18:54:12,652 DEBUG Information security
2018-03-15 18:54:13,058 DEBUG Income
2018-03-15 18:54:13,300 DEBUG Iona
2018-03-15 18:54:13,720 DEBUG Ido language
2018-03-15 18:54:13,982 DEBUG Improvisational theatre
2018-03-15 18:54:14,160 DEBUG International Space Station
2018-03-15 18:54:15,303 DEBUG Irish
2018-03-15 18:54:15,328 DEBUG Cosmicomics
2018-03-15 18:54:15,794 DEBUG IA-32
2018-03-15 18:54:15,903 DEBUG Internalism and externalism
2018-03-15 18:54:16,071 DEBUG Isolationism
2018-03-15 18:54:16,309 DEBUG Indianapolis Colts
2018-03-15 18:54:16,730 DEBUG Immigration to the United States
2018-03-15 18:54:17,048 DEBUG Image and Scanner Interface Specification
2018-03-15 18:54:17,602 DEBUG Ivo Caprino
2018-03-15 18:54:17,682 DEBUG Intel 80286
2018-03-15 18:54:17,903 DEBUG Ivanhoe
2018-03-15 18:54:18,096 DEBUG Isoelectric point
2018-03-15 18:54:18,360 DEBUG International reply coupon
2018-03-15 18:54:18,420 DEBUG Isaac Bonewits
2018-03-15 18:54:18,649 DEBUG Intel 8080
2018-03-15 18:54:18,898 DEBUG Intel 8086
2018-03-15 18:54:19,043 DEBUG Intel 8088
2018-03-15 18:54:19,345 DEBUG Insulator (electricity)
2018-03-15 18:54:19,576 DEBUG Internetworking
2018-03-15 18:54:19,885 DEBUG Infantry
2018-03-15 18:54:20,295 DEBUG Identity function
2018-03-15 18:54:20,392 DEBUG Intel 80386
2018-03-15 18:54:20,599 DEBUG Instruction register
2018-03-15 18:54:21,183 DEBUG Lists of islands
2018-03-15 18:54:30,171 DEBUG Lake Toba
2018-03-15 18:54:30,341 DEBUG Lens (optics)
2018-03-15 18:54:30,609 DEBUG Lamorna Birch
2018-03-15 18:54:30,838 DEBUG Library of Congress Classification
2018-03-15 18:54:31,508 DEBUG Library classification
2018-03-15 18:54:32,194 DEBUG Lexus
2018-03-15 18:54:32,609 DEBUG Transgender rights
2018-03-15 18:54:32,896 DEBUG Ligase
2018-03-15 18:54:34,529 DEBUG Logo (programming language)
2018-03-15 18:54:34,608 DEBUG Last rites
2018-03-15 18:54:34,716 DEBUG Lamorna
2018-03-15 18:54:34,928 DEBUG Law of multiple proportions
2018-03-15 18:54:36,025 DEBUG Law of averages
2018-03-15 18:54:36,165 DEBUG Outline of linguistics
2018-03-15 18:54:36,186 DEBUG Outline of law
2018-03-15 18:54:36,212 DEBUG Outline of literature
2018-03-15 18:54:36,231 DEBUG AvtoVAZ
2018-03-15 18:54:36,404 DEBUG Lundy
2018-03-15 18:54:36,647 DEBUG Lindow Man
2018-03-15 18:54:36,949 DEBUG Lombok
2018-03-15 18:54:37,522 DEBUG Lego
2018-03-15 18:54:37,793 DEBUG Li people
2018-03-15 18:54:38,368 DEBUG Luminance
2018-03-15 18:54:39,492 DEBUG Lycos
2018-03-15 18:54:39,618 DEBUG Luton Town F.C.
2018-03-15 18:54:39,654 DEBUG Lunar calendar
2018-03-15 18:54:39,802 DEBUG Mount Lykaion
2018-03-15 18:54:40,031 DEBUG Lake Eyre
2018-03-15 18:54:40,178 DEBUG Loran-C
2018-03-15 18:54:40,477 DEBUG Lunatic
2018-03-15 18:54:40,768 DEBUG Linear timecode
2018-03-15 18:54:41,708 DEBUG John William Strutt, 3rd Baron Rayleigh
2018-03-15 18:54:41,794 DEBUG Lunisolar calendar
2018-03-15 18:54:42,436 DEBUG Leonids
2018-03-15 18:54:42,622 DEBUG Labarum
2018-03-15 18:54:42,824 DEBUG Lactantius
2018-03-15 18:54:43,000 DEBUG Laconia
2018-03-15 18:54:43,224 DEBUG Laocoön
2018-03-15 18:54:43,501 DEBUG Limburg an der Lahn
2018-03-15 18:54:43,954 DEBUG Lavrentiy Beria
2018-03-15 18:54:44,269 DEBUG Lyonel Feininger
2018-03-15 18:54:44,916 DEBUG Life
2018-03-15 18:54:45,401 DEBUG La Espero
2018-03-15 18:54:45,734 DEBUG Loonie
2018-03-15 18:54:45,963 DEBUG Laminar flow
2018-03-15 18:54:46,216 DEBUG Luanda
2018-03-15 18:54:46,443 DEBUG Logical positivism
2018-03-15 18:54:46,660 DEBUG Lorentz transformation
2018-03-15 18:54:46,813 DEBUG Luminiferous aether
2018-03-15 18:54:47,528 DEBUG LAME
2018-03-15 18:54:48,150 DEBUG Leszek Miller
2018-03-15 18:54:48,219 DEBUG Basis (linear algebra)
2018-03-15 18:54:48,328 DEBUG Linear algebra
2018-03-15 18:54:48,389 DEBUG Labia majora
2018-03-15 18:54:48,530 DEBUG Labia minora
2018-03-15 18:54:48,621 DEBUG Leopold von Sacher-Masoch
2018-03-15 18:54:48,831 DEBUG Lithography
2018-03-15 18:54:49,330 DEBUG Library management
2018-03-15 18:54:49,552 DEBUG English longbow
2018-03-15 18:54:50,322 DEBUG Lee Marvin
2018-03-15 18:54:50,974 DEBUG Lead Belly
2018-03-15 18:54:51,416 DEBUG Lower Saxony
2018-03-15 18:54:52,191 DEBUG LTJ Bukem
2018-03-15 18:54:52,246 DEBUG Lindsay Anderson
2018-03-15 18:54:54,501 DEBUG Loch
2018-03-15 18:54:54,903 DEBUG Leo Marks
2018-03-15 18:54:55,418 DEBUG Livonia
2018-03-15 18:54:55,698 DEBUG Lung cancer
2018-03-15 18:54:56,339 DEBUG Lists of office-holders
2018-03-15 18:54:56,872 DEBUG Liberal Party of Australia
2018-03-15 18:54:56,975 DEBUG Lindisfarne
2018-03-15 18:54:57,557 DEBUG Literacy
2018-03-15 18:54:58,885 DEBUG Local-loop unbundling
2018-03-15 18:54:59,050 DEBUG Lysithea (moon)
2018-03-15 18:54:59,697 DEBUG Leda and the Swan
2018-03-15 18:55:00,332 DEBUG Lions Clubs International
2018-03-15 18:55:00,717 DEBUG Laches (equity)
2018-03-15 18:55:00,983 DEBUG Lyman Abbott
2018-03-15 18:55:01,054 DEBUG Leap second
2018-03-15 18:55:01,267 DEBUG Luca Pacioli
2018-03-15 18:55:01,883 DEBUG Lower Mainland
2018-03-15 18:55:01,984 DEBUG Lucius Afranius (poet)
2018-03-15 18:55:02,035 DEBUG London Post Office Railway
2018-03-15 18:55:02,125 DEBUG Lulach
2018-03-15 18:55:02,205 DEBUG Lexicography
2018-03-15 18:55:02,271 DEBUG Law enforcement
2018-03-15 18:55:02,387 DEBUG Libido
2018-03-15 18:55:02,944 DEBUG Larissa
2018-03-15 18:55:03,156 DEBUG Lead and follow
2018-03-15 18:55:03,315 DEBUG Lexeme
2018-03-15 18:55:04,575 DEBUG Lord's Prayer
2018-03-15 18:55:04,715 DEBUG Lightworks
2018-03-15 18:55:04,828 DEBUG Love Parade
2018-03-15 18:55:04,988 DEBUG Lost Generation
2018-03-15 18:55:05,283 DEBUG Left-wing politics
2018-03-15 18:55:05,530 DEBUG Los Angeles-class submarine
2018-03-15 18:55:05,948 DEBUG Lucretia
2018-03-15 18:55:06,179 DEBUG Lightweight Directory Access Protocol
2018-03-15 18:55:06,443 DEBUG Latina (disambiguation)
2018-03-15 18:55:07,040 DEBUG Latino
2018-03-15 18:55:07,068 DEBUG Latin America
2018-03-15 18:55:07,569 DEBUG Lynx (web browser)
2018-03-15 18:55:07,718 DEBUG Lynx (programming language)
2018-03-15 18:55:07,811 DEBUG L'Hôpital's rule
2018-03-15 18:55:08,156 DEBUG Lexicology
2018-03-15 18:55:08,273 DEBUG Lake Abitibi
2018-03-15 18:55:09,096 DEBUG Lansing, Michigan
2018-03-15 18:55:09,877 DEBUG Leukemia
2018-03-15 18:55:10,355 DEBUG Length
2018-03-15 18:55:10,560 DEBUG Louis Ginzberg
2018-03-15 18:55:10,823 DEBUG Left-arm unorthodox spin
2018-03-15 18:55:11,010 DEBUG Louis IX of France
2018-03-15 18:55:11,220 DEBUG Linear B
2018-03-15 18:55:15,158 DEBUG Larousse Gastronomique
2018-03-15 18:55:16,787 DEBUG Louis XIV of France
2018-03-15 18:55:16,992 DEBUG Ludwig Ritter von Köchel
2018-03-15 18:55:17,172 DEBUG LEO (computer)
2018-03-15 18:55:17,244 DEBUG Laurence of Canterbury
2018-03-15 18:55:17,599 DEBUG Leaf by Niggle
2018-03-15 18:55:18,134 DEBUG Leet
2018-03-15 18:55:18,307 DEBUG Lois Lane
2018-03-15 18:55:18,808 DEBUG Linker (computing)
2018-03-15 18:55:18,855 DEBUG Legendre symbol
2018-03-15 18:55:19,035 DEBUG Laconia incident
2018-03-15 18:55:19,346 DEBUG Léon Theremin
2018-03-15 18:55:19,749 DEBUG Linear prediction
2018-03-15 18:55:19,790 DEBUG Leto
2018-03-15 18:55:19,839 DEBUG La Malinche
2018-03-15 18:55:20,217 DEBUG Lusitania
2018-03-15 18:55:20,365 DEBUG Limited-stop
2018-03-15 18:55:20,578 DEBUG Limburg (Netherlands)
2018-03-15 18:55:21,056 DEBUG Ligand
2018-03-15 18:55:21,357 DEBUG Lincos (artificial language)
2018-03-15 18:55:22,841 DEBUG Lascaux
2018-03-15 18:55:23,285 DEBUG Lex Luthor
2018-03-15 18:55:23,598 DEBUG Lute
2018-03-15 18:55:24,077 DEBUG Little Boy
2018-03-15 18:55:24,793 DEBUG Lester Bangs
2018-03-15 18:55:24,870 DEBUG Lydia Kavina
2018-03-15 18:55:24,941 DEBUG Liberation Tigers of Tamil Eelam
2018-03-15 18:55:25,227 DEBUG Laplace transform
2018-03-15 18:55:25,352 DEBUG Liberal arts college
2018-03-15 18:55:25,521 DEBUG Language acquisition
2018-03-15 18:55:25,731 DEBUG Left Behind
2018-03-15 18:55:26,039 DEBUG Lollardy
2018-03-15 18:55:26,261 DEBUG Lausanne
2018-03-15 18:55:26,515 DEBUG Loyalty program
2018-03-15 18:55:26,713 DEBUG Ludwig Von Drake
2018-03-15 18:55:27,174 DEBUG Los Altos, California
2018-03-15 18:55:27,351 DEBUG Lambert–Eaton myasthenic syndrome
2018-03-15 18:55:27,785 DEBUG Liqueur
2018-03-15 18:55:27,875 DEBUG Lilith
2018-03-15 18:55:28,140 DEBUG Lorentz force
2018-03-15 18:55:28,357 DEBUG Lorenzo de' Medici
2018-03-15 18:55:28,769 DEBUG Lemma (mathematics)
2018-03-15 18:55:28,914 DEBUG Lucrezia Borgia
2018-03-15 18:55:29,020 DEBUG List of Macintosh models grouped by CPU type
2018-03-15 18:55:29,126 DEBUG Jonathan Smeeton
2018-03-15 18:55:29,189 DEBUG Lemmy
2018-03-15 18:55:29,825 DEBUG Lactose
2018-03-15 18:55:30,298 DEBUG Median lethal dose
2018-03-15 18:55:30,498 DEBUG Lactase
2018-03-15 18:55:30,767 DEBUG Linkin Park
2018-03-15 18:55:31,054 DEBUG Flipper (cricket)
2018-03-15 18:55:31,663 DEBUG Lake Nicaragua
2018-03-15 18:55:31,799 DEBUG Labour law
2018-03-15 18:55:32,112 DEBUG Louis Riel
2018-03-15 18:55:33,201 DEBUG Listerine
2018-03-15 18:55:33,327 DEBUG Ludo (board game)
2018-03-15 18:55:33,456 DEBUG Life expectancy
2018-03-15 18:55:33,738 DEBUG Lesser Poland
2018-03-15 18:55:33,820 DEBUG Long-Term Capital Management
2018-03-15 18:55:34,139 DEBUG Liberal arts education
2018-03-15 18:55:34,316 DEBUG Lateral consonant
2018-03-15 18:55:34,355 DEBUG Liquid consonant
2018-03-15 18:55:34,396 DEBUG Loya jirga
2018-03-15 18:55:34,503 DEBUG Laura Bertram
2018-03-15 18:55:34,546 DEBUG Lou Ferrigno
2018-03-15 18:55:35,246 DEBUG Leninism
2018-03-15 18:55:35,309 DEBUG Legion of Merit
2018-03-15 18:55:35,362 DEBUG Lint (software)
2018-03-15 18:55:35,910 DEBUG Live-bearing aquarium fish
2018-03-15 18:55:36,476 DEBUG Lupercal
2018-03-15 18:55:36,566 DEBUG Limp Bizkit
2018-03-15 18:55:36,860 DEBUG Lazio
2018-03-15 18:55:37,021 DEBUG Lee Van Cleef
2018-03-15 18:55:37,152 DEBUG Luigi Pirandello
2018-03-15 18:55:37,262 DEBUG Luke the Evangelist
2018-03-15 18:55:37,340 DEBUG Lynyrd Skynyrd
2018-03-15 18:55:37,450 DEBUG List of Latin place names in Continental Europe, Ireland and Scandinavia
2018-03-15 18:55:38,489 DEBUG Lodovico Ferrari
2018-03-15 18:55:39,011 DEBUG Lymphedema
2018-03-15 18:55:39,641 DEBUG Laurens Janszoon Coster
2018-03-15 18:55:39,734 DEBUG Land Rover
2018-03-15 18:55:39,796 DEBUG International Numbering System for Food Additives
2018-03-15 18:55:39,867 DEBUG Law of dilution
2018-03-15 18:55:39,904 DEBUG Lleida
2018-03-15 18:55:39,943 DEBUG Le Mans
2018-03-15 18:55:39,992 DEBUG Lois McMaster Bujold
2018-03-15 18:55:40,122 DEBUG Lycopene
2018-03-15 18:55:40,176 DEBUG Landau
2018-03-15 18:55:40,727 DEBUG Liv Ullmann
2018-03-15 18:55:40,773 DEBUG Laika
2018-03-15 18:55:40,831 DEBUG Master of Puppets
2018-03-15 18:55:41,002 DEBUG Ride the Lightning
2018-03-15 18:55:41,227 DEBUG Metallica (album)
2018-03-15 18:55:41,397 DEBUG Load (album)
2018-03-15 18:55:42,023 DEBUG Garage Inc.
2018-03-15 18:55:43,893 DEBUG S&M (album)
2018-03-15 18:55:43,938 DEBUG Metallica
2018-03-15 18:55:44,094 DEBUG Mural
2018-03-15 18:55:44,134 DEBUG Microeconomics
2018-03-15 18:55:45,736 DEBUG Neoteny
2018-03-15 18:55:45,861 DEBUG National Rail
2018-03-15 18:55:46,049 DEBUG Naked singularity
2018-03-15 18:55:47,184 DEBUG National Party of Australia
2018-03-15 18:55:47,322 DEBUG Northern blot
2018-03-15 18:55:47,357 DEBUG Narrow-gauge railway
2018-03-15 18:55:47,464 DEBUG Neutron activation analysis
2018-03-15 18:55:48,167 DEBUG Non-deterministic Turing machine
2018-03-15 18:55:48,195 DEBUG Nitrogen narcosis
2018-03-15 18:55:48,426 DEBUG Neoproterozoic
2018-03-15 18:55:48,460 DEBUG National Security Agency
2018-03-15 18:55:49,293 DEBUG Nervous system
2018-03-15 18:55:50,651 DEBUG Nutcracker
2018-03-15 18:55:51,232 DEBUG Nicolai Abildgaard
2018-03-15 18:55:51,304 DEBUG Khyber Pakhtunkhwa
2018-03-15 18:55:51,997 DEBUG Naiad (moon)
2018-03-15 18:55:52,059 DEBUG Nilo-Saharan languages
2018-03-15 18:55:52,289 DEBUG Nuclear pore
2018-03-15 18:55:52,989 DEBUG Nucleolus
2018-03-15 18:55:53,230 DEBUG Nucleon
2018-03-15 18:55:53,317 DEBUG Nicolas Chauvin
2018-03-15 18:55:53,506 DEBUG Nicotinamide
2018-03-15 18:55:53,691 DEBUG Virtual Boy
2018-03-15 18:55:54,087 DEBUG NSAP address
2018-03-15 18:55:54,312 DEBUG American submarine NR-1
2018-03-15 18:55:54,806 DEBUG Neo Geo Pocket
2018-03-15 18:55:54,996 DEBUG Neil Kinnock
2018-03-15 18:55:55,243 DEBUG Netscape
2018-03-15 18:55:55,466 DEBUG Newfoundland and Labrador
2018-03-15 18:55:55,916 DEBUG New Oxford American Dictionary
2018-03-15 18:55:55,948 DEBUG New Latin
2018-03-15 18:55:56,358 DEBUG Naive Set Theory (book)
2018-03-15 18:55:56,538 DEBUG Nitrogen fixation
2018-03-15 18:55:56,734 DEBUG Navigation research
2018-03-15 18:55:56,810 DEBUG Naguib Mahfouz
2018-03-15 18:55:57,081 DEBUG Nomenklatura
2018-03-15 18:55:57,199 DEBUG Neural Darwinism
2018-03-15 18:55:57,271 DEBUG Neil Peart
2018-03-15 18:55:57,543 DEBUG North Atlantic Treaty
2018-03-15 18:55:57,739 DEBUG Nitronium ion
2018-03-15 18:55:58,319 DEBUG Neo Geo (system)
2018-03-15 18:55:58,426 DEBUG Neo Geo CD
2018-03-15 18:55:58,464 DEBUG Neopets
2018-03-15 18:55:58,586 DEBUG Nashville, Tennessee
2018-03-15 18:55:59,122 DEBUG Novial
2018-03-15 18:55:59,250 DEBUG Musical note
2018-03-15 18:55:59,477 DEBUG Nephrology
2018-03-15 18:55:59,699 DEBUG Native Esperanto speakers
2018-03-15 18:56:00,002 DEBUG Nicaragua v. United States
2018-03-15 18:56:00,851 DEBUG Naturalistic planned language
2018-03-15 18:56:00,877 DEBUG No-cloning theorem
2018-03-15 18:56:00,998 DEBUG Norman Hackerman
2018-03-15 18:56:01,035 DEBUG N ray
2018-03-15 18:56:01,077 DEBUG Nikolay Kuznetsov (officer)
2018-03-15 18:56:01,870 DEBUG Nuon (DVD technology)
2018-03-15 18:56:02,988 DEBUG Nashville (disambiguation)
2018-03-15 18:56:03,100 DEBUG Cuisine of New England
2018-03-15 18:56:03,488 DEBUG Neil Simon
2018-03-15 18:56:03,617 DEBUG North American Free Trade Agreement
2018-03-15 18:56:04,032 DEBUG National Lampoon (magazine)
2018-03-15 18:56:04,331 DEBUG Non-disclosure agreement
2018-03-15 18:56:04,593 DEBUG Network effect
2018-03-15 18:56:04,737 DEBUG Nuclear fission
2018-03-15 18:56:04,915 DEBUG Neil Gaiman
2018-03-15 18:56:05,387 DEBUG Nymph
2018-03-15 18:56:06,061 DEBUG Natural law
2018-03-15 18:56:06,173 DEBUG Nestorianism
2018-03-15 18:56:06,287 DEBUG Naomi Klein
2018-03-15 18:56:06,432 DEBUG Nonsteroidal anti-inflammatory drug
2018-03-15 18:56:06,539 DEBUG NC (complexity)
2018-03-15 18:56:06,734 DEBUG Nori
2018-03-15 18:56:07,119 DEBUG Normative ethics
2018-03-15 18:56:07,525 DEBUG Negotiation
2018-03-15 18:56:07,769 DEBUG Fertility awareness
2018-03-15 18:56:07,941 DEBUG Nicaragua Canal
2018-03-15 18:56:08,165 DEBUG Nu metal
2018-03-15 18:56:08,806 DEBUG Ncurses
2018-03-15 18:56:09,015 DEBUG NBA (disambiguation)
2018-03-15 18:56:09,038 DEBUG National Basketball Association
2018-03-15 18:56:09,314 DEBUG Nutation
2018-03-15 18:56:09,724 DEBUG North Atlantic Salmon Conservation Organization
2018-03-15 18:56:09,760 DEBUG Narcissus (mythology)
2018-03-15 18:56:10,183 DEBUG Naval mine
2018-03-15 18:56:10,576 DEBUG Nawal El Moutawakel
2018-03-15 18:56:10,758 DEBUG North Melbourne Football Club
2018-03-15 18:56:10,854 DEBUG Treaty on the Non-Proliferation of Nuclear Weapons
2018-03-15 18:56:10,947 DEBUG Nikolai Bukharin
2018-03-15 18:56:11,025 DEBUG Nasal consonant
2018-03-15 18:56:11,318 DEBUG Nuvistor
2018-03-15 18:56:12,155 DEBUG No Logo
2018-03-15 18:56:12,243 DEBUG National War College
2018-03-15 18:56:12,489 DEBUG Norn language
2018-03-15 18:56:12,659 DEBUG Nuoro
2018-03-15 18:56:12,848 DEBUG Nürburgring
2018-03-15 18:56:13,174 DEBUG Northern Hemisphere
2018-03-15 18:56:13,330 DEBUG Noun class
2018-03-15 18:56:13,523 DEBUG Natural gas
2018-03-15 18:56:13,827 DEBUG Nuclear chain reaction
2018-03-15 18:56:14,131 DEBUG Nichiren
2018-03-15 18:56:14,245 DEBUG Nichiren Buddhism
2018-03-15 18:56:14,351 DEBUG Newport News Shipbuilding
2018-03-15 18:56:14,870 DEBUG Newton's method
2018-03-15 18:56:14,995 DEBUG New Order (band)
2018-03-15 18:56:15,210 DEBUG Niccolò Fontana Tartaglia
2018-03-15 18:56:15,336 DEBUG Nagarjuna
2018-03-15 18:56:15,687 DEBUG Nuclear reactor
2018-03-15 18:56:16,226 DEBUG Nuclear power
2018-03-15 18:56:16,319 DEBUG BI Norwegian Business School
2018-03-15 18:56:17,138 DEBUG Nuclear proliferation
2018-03-15 18:56:17,366 DEBUG Netlist
2018-03-15 18:56:17,482 DEBUG Nuclear disarmament
2018-03-15 18:56:17,567 DEBUG Net (mathematics)
2018-03-15 18:56:17,748 DEBUG Nuclear winter
2018-03-15 18:56:18,063 DEBUG Ode
2018-03-15 18:56:18,301 DEBUG Temple of Olympian Zeus, Athens
2018-03-15 18:56:18,562 DEBUG Organic electronics
2018-03-15 18:56:18,907 DEBUG Operating system
2018-03-15 18:56:18,969 DEBUG Orson Welles
2018-03-15 18:56:19,228 DEBUG Open content
2018-03-15 18:56:19,402 DEBUG Ohio
2018-03-15 18:56:19,641 DEBUG Orbital
2018-03-15 18:56:19,675 DEBUG Organic compound
2018-03-15 18:56:19,885 DEBUG Oligopoly
2018-03-15 18:56:20,068 DEBUG Oasis
2018-03-15 18:56:20,289 DEBUG Oboe
2018-03-15 18:56:20,730 DEBUG Organic chemistry
2018-03-15 18:56:21,281 DEBUG Orthography
2018-03-15 18:56:21,397 DEBUG One-time pad
2018-03-15 18:56:21,801 DEBUG Oelde
2018-03-15 18:56:21,918 DEBUG Operator (mathematics)
2018-03-15 18:56:22,084 DEBUG O Brother, Where Art Thou?
2018-03-15 18:56:22,230 DEBUG Ohio State University
2018-03-15 18:56:22,710 DEBUG Ontario
2018-03-15 18:56:23,138 DEBUG Ottawa
2018-03-15 18:56:23,464 DEBUG Objectivism (Ayn Rand)
2018-03-15 18:56:23,891 DEBUG Oath of office
2018-03-15 18:56:24,173 DEBUG Ontology
2018-03-15 18:56:24,363 DEBUG Ordovician
2018-03-15 18:56:24,621 DEBUG Oregano
2018-03-15 18:56:24,688 DEBUG Off topic
2018-03-15 18:56:24,715 DEBUG Obituary (band)
2018-03-15 18:56:24,974 DEBUG Ottoman Empire
2018-03-15 18:56:25,379 DEBUG Opel
2018-03-15 18:56:25,956 DEBUG Oligocene
2018-03-15 18:56:26,386 DEBUG Ozymandias
2018-03-15 18:56:26,431 DEBUG Open-source license
2018-03-15 18:56:28,166 DEBUG Occitan language
2018-03-15 18:56:28,476 DEBUG Old Turkic alphabet
2018-03-15 18:56:28,625 DEBUG The Open Source Definition
2018-03-15 18:56:28,672 DEBUG Open Source Initiative
2018-03-15 18:56:28,717 DEBUG Oxygen
2018-03-15 18:56:29,355 DEBUG Osmium
2018-03-15 18:56:29,802 DEBUG Oxide
2018-03-15 18:56:30,397 DEBUG Overgrazing
2018-03-15 18:56:30,639 DEBUG Oxford
2018-03-15 18:56:30,889 DEBUG Oslo
2018-03-15 18:56:31,635 DEBUG Outing
2018-03-15 18:56:31,927 DEBUG Oakland Raiders
2018-03-15 18:56:32,190 DEBUG O
2018-03-15 18:56:32,791 DEBUG Oligarchy
2018-03-15 18:56:32,881 DEBUG Oman
2018-03-15 18:56:33,358 DEBUG History of Oman
2018-03-15 18:56:33,414 DEBUG Geography of Oman
2018-03-15 18:56:33,451 DEBUG Demographics of Oman
2018-03-15 18:56:33,480 DEBUG Politics of Oman
2018-03-15 18:56:33,681 DEBUG Economy of Oman
2018-03-15 18:56:33,845 DEBUG Telecommunications in Oman
2018-03-15 18:56:35,044 DEBUG Transport in Oman
2018-03-15 18:56:35,077 DEBUG Foreign relations of Oman
2018-03-15 18:56:35,184 DEBUG Old Testament
2018-03-15 18:56:35,384 DEBUG Octal
2018-03-15 18:56:35,550 DEBUG Oi (interjection)
2018-03-15 18:56:35,592 DEBUG October
2018-03-15 18:56:35,789 DEBUG Oberkommando des Heeres
2018-03-15 18:56:36,152 DEBUG Operation Sea Lion
2018-03-15 18:56:36,649 DEBUG Observational error
2018-03-15 18:56:36,831 DEBUG Opera
2018-03-15 18:56:37,272 DEBUG Odyssey
2018-03-15 18:56:37,617 DEBUG Osteichthyes
2018-03-15 18:56:37,739 DEBUG Otto Dix
2018-03-15 18:56:37,832 DEBUG Orrorin
2018-03-15 18:56:38,051 DEBUG List of Olympic medalists in athletics (men)
2018-03-15 18:56:38,666 DEBUG List of Olympic medalists in athletics (women)
2018-03-15 18:56:38,701 DEBUG List of Olympic medalists in basketball
2018-03-15 18:56:39,744 DEBUG Lists of Olympic medalists
2018-03-15 18:56:39,772 DEBUG Ordered pair
2018-03-15 18:56:39,933 DEBUG Old Catholic Church
2018-03-15 18:56:40,064 DEBUG Oliver Lieb
2018-03-15 18:56:40,176 DEBUG Object code
2018-03-15 18:56:40,328 DEBUG Oberon (disambiguation)
2018-03-15 18:56:40,367 DEBUG Oort cloud
2018-03-15 18:56:40,572 DEBUG Ohio River
2018-03-15 18:56:40,755 DEBUG Oland (Frisian island)
2018-03-15 18:56:40,782 DEBUG Organelle
2018-03-15 18:56:40,885 DEBUG Ouida
2018-03-15 18:56:40,921 DEBUG Oil (disambiguation)
2018-03-15 18:56:40,951 DEBUG Optimization (disambiguation)
2018-03-15 18:56:41,474 DEBUG OS/2
2018-03-15 18:56:41,710 DEBUG Organization of Asia-Pacific News Agencies
2018-03-15 18:56:41,788 DEBUG Oliver Cromwell
2018-03-15 18:56:42,029 DEBUG Otto von Bismarck
2018-03-15 18:56:42,126 DEBUG Orange
2018-03-15 18:56:42,156 DEBUG Olney Hymns
2018-03-15 18:56:42,314 DEBUG Recapitulation theory
2018-03-15 18:56:42,376 DEBUG Ostrogoths
2018-03-15 18:56:42,679 DEBUG Ordered field
2018-03-15 18:56:42,766 DEBUG Oracle machine
2018-03-15 18:56:42,864 DEBUG Orangutan
2018-03-15 18:56:43,223 DEBUG Offa of Angel
2018-03-15 18:56:50,384 DEBUG History of radio
2018-03-15 18:56:50,663 DEBUG Richard Feynman
2018-03-15 18:56:50,909 DEBUG Research
2018-03-15 18:56:51,558 DEBUG René Descartes
2018-03-15 18:56:51,901 DEBUG Romansh language
2018-03-15 18:56:52,076 DEBUG Robert Rodriguez
2018-03-15 18:56:53,018 DEBUG Romantic comedy film
2018-03-15 18:56:53,262 DEBUG Renaissance
2018-03-15 18:56:53,610 DEBUG Rheged
2018-03-15 18:56:53,790 DEBUG Romanian language
2018-03-15 18:56:53,988 DEBUG Republic
2018-03-15 18:56:54,388 DEBUG Robyn
2018-03-15 18:56:54,920 DEBUG Request for Comments
2018-03-15 18:56:55,073 DEBUG Ragga
2018-03-15 18:56:55,137 DEBUG Religious conversion
2018-03-15 18:56:55,498 DEBUG Rubidium
2018-03-15 18:56:55,724 DEBUG Ruthenium
2018-03-15 18:56:56,210 DEBUG Rhodium
2018-03-15 18:56:57,376 DEBUG Radium
2018-03-15 18:56:57,732 DEBUG Rhenium
2018-03-15 18:56:58,176 DEBUG Radon
2018-03-15 18:56:58,790 DEBUG Ruby (disambiguation)
2018-03-15 18:56:58,835 DEBUG Royal Institute of Technology
2018-03-15 18:56:58,936 DEBUG Rescuing Prometheus
2018-03-15 18:56:59,212 DEBUG Riddarfjärden
2018-03-15 18:56:59,385 DEBUG Random access
2018-03-15 18:56:59,948 DEBUG Racism
2018-03-15 18:57:00,106 DEBUG Race (human categorization)
2018-03-15 18:57:00,591 DEBUG R
2018-03-15 18:57:00,631 DEBUG Richard Bachman
2018-03-15 18:57:00,672 DEBUG Roberto Baggio
2018-03-15 18:57:01,220 DEBUG Richard Matheson
2018-03-15 18:57:01,325 DEBUG Geography of Réunion
2018-03-15 18:57:02,047 DEBUG Demographics of Réunion
2018-03-15 18:57:02,253 DEBUG Politics of Réunion
2018-03-15 18:57:02,810 DEBUG Economy of Réunion
2018-03-15 18:57:03,410 DEBUG Telecommunications in Réunion
2018-03-15 18:57:03,980 DEBUG Transport in Réunion
2018-03-15 18:57:04,085 DEBUG History of Romania
2018-03-15 18:57:04,140 DEBUG Geography of Romania
2018-03-15 18:57:04,417 DEBUG Demographics of Romania
2018-03-15 18:57:04,458 DEBUG Politics of Romania
2018-03-15 18:57:04,634 DEBUG Economy of Romania
2018-03-15 18:57:04,685 DEBUG Media of Romania
2018-03-15 18:57:04,833 DEBUG Transport in Romania
2018-03-15 18:57:04,869 DEBUG Foreign relations of Romania
2018-03-15 18:57:04,913 DEBUG Rwanda
2018-03-15 18:57:05,151 DEBUG Demographics of Rwanda
2018-03-15 18:57:05,177 DEBUG Politics of Rwanda
2018-03-15 18:57:05,265 DEBUG Economy of Rwanda
2018-03-15 18:57:05,423 DEBUG Telecommunications in Rwanda
2018-03-15 18:57:05,455 DEBUG Transport in Rwanda
2018-03-15 18:57:05,549 DEBUG Foreign relations of Rwanda
2018-03-15 18:57:05,823 DEBUG Rockall
2018-03-15 18:57:06,044 DEBUG Roman numerals
2018-03-15 18:57:06,153 DEBUG Rammstein
2018-03-15 18:57:06,381 DEBUG Robert Falcon Scott
2018-03-15 18:57:06,665 DEBUG Raymond Chandler
2018-03-15 18:57:07,089 DEBUG Rosaceae
2018-03-15 18:57:07,123 DEBUG Ralph Nader
2018-03-15 18:57:07,485 DEBUG Richard Bach
2018-03-15 18:57:07,645 DEBUG Radar
2018-03-15 18:57:07,990 DEBUG Royal Air Force
2018-03-15 18:57:08,268 DEBUG Red Army
2018-03-15 18:57:08,520 DEBUG Random variable
2018-03-15 18:57:08,616 DEBUG Rubaiyat of Omar Khayyam
2018-03-15 18:57:08,658 DEBUG Russell Crowe
2018-03-15 18:57:08,832 DEBUG Robert Musil
2018-03-15 18:57:08,895 DEBUG Geography of Russia
2018-03-15 18:57:09,191 DEBUG Demographics of Russia
2018-03-15 18:57:09,303 DEBUG Politics of Russia
2018-03-15 18:57:09,666 DEBUG Economy of Russia
2018-03-15 18:57:09,804 DEBUG Telecommunications in Russia
2018-03-15 18:57:10,210 DEBUG Transport in Russia
2018-03-15 18:57:10,326 DEBUG Foreign relations of Russia
2018-03-15 18:57:10,432 DEBUG Russian Armed Forces
2018-03-15 18:57:10,659 DEBUG Railway Mail Service
2018-03-15 18:57:10,729 DEBUG Rail transport
2018-03-15 18:57:11,165 DEBUG Refreshable braille display
2018-03-15 18:57:12,282 DEBUG Regular expression
2018-03-15 18:57:12,384 DEBUG Red Dwarf
2018-03-15 18:57:12,558 DEBUG Regular language
2018-03-15 18:57:12,647 DEBUG Reference work
2018-03-15 18:57:15,595 DEBUG Roger Casement
2018-03-15 18:57:15,752 DEBUG Real Irish Republican Army
2018-03-15 18:57:15,984 DEBUG Roy Chapman Andrews
2018-03-15 18:57:16,172 DEBUG Taiwan
2018-03-15 18:57:16,335 DEBUG Rugby league
2018-03-15 18:57:16,477 DEBUG Rowing (sport)
2018-03-15 18:57:16,831 DEBUG RuneQuest
2018-03-15 18:57:17,071 DEBUG Rich Text Format
2018-03-15 18:57:17,145 DEBUG Robert E. Lee
2018-03-15 18:57:17,642 DEBUG Raster graphics
2018-03-15 18:57:17,762 DEBUG Rerun
2018-03-15 18:57:17,945 DEBUG Router (computing)
2018-03-15 18:57:18,092 DEBUG Routing
2018-03-15 18:57:18,180 DEBUG RIP (disambiguation)
2018-03-15 18:57:18,367 DEBUG Resistor
2018-03-15 18:57:18,592 DEBUG Republicanism
2018-03-15 18:57:18,857 DEBUG Repetitive strain injury
2018-03-15 18:57:18,888 DEBUG Robertson Davies
2018-03-15 18:57:19,066 DEBUG RNA
2018-03-15 18:57:19,376 DEBUG Russian Revolution
2018-03-15 18:57:19,780 DEBUG Raven Software
2018-03-15 18:57:20,919 DEBUG RNA world
2018-03-15 18:57:20,994 DEBUG Ribosome
2018-03-15 18:57:21,296 DEBUG Real-time computing
2018-03-15 18:57:21,634 DEBUG Ruby (programming language)
2018-03-15 18:57:21,716 DEBUG Render farm
2018-03-15 18:57:21,844 DEBUG Robert Borden
2018-03-15 18:57:22,047 DEBUG Robot
2018-03-15 18:57:22,318 DEBUG R. B. Bennett
2018-03-15 18:57:22,449 DEBUG Renewable energy
2018-03-15 18:57:22,594 DEBUG Romulus Augustulus
2018-03-15 18:57:22,779 DEBUG List of Roman emperors
2018-03-15 18:57:23,275 DEBUG Roman calendar
2018-03-15 18:57:23,499 DEBUG Revolver
2018-03-15 18:57:23,812 DEBUG Robert Freitas
2018-03-15 18:57:24,923 DEBUG Reykjavík
2018-03-15 18:57:25,077 DEBUG Retrovirus
2018-03-15 18:57:25,385 DEBUG Round (music)
2018-03-15 18:57:25,790 DEBUG Reincarnation
2018-03-15 18:57:26,304 DEBUG Robert Noyce
2018-03-15 18:57:26,465 DEBUG Riemann zeta function
2018-03-15 18:57:26,529 DEBUG Rice University
2018-03-15 18:57:26,707 DEBUG Richard Smalley
2018-03-15 18:57:26,927 DEBUG Robert Curl
2018-03-15 18:57:27,543 DEBUG Roman Republic
2018-03-15 18:57:27,685 DEBUG Rickenbacker
2018-03-15 18:57:27,779 DEBUG Romeo and Juliet
2018-03-15 18:57:28,058 DEBUG Rube Goldberg
2018-03-15 18:57:28,099 DEBUG Robert Stickgold
2018-03-15 18:57:28,282 DEBUG Religion and mythology
2018-03-15 18:57:28,716 DEBUG Red
2018-03-15 18:57:29,439 DEBUG Ragnarök
2018-03-15 18:57:29,591 DEBUG Rosencrantz and Guildenstern Are Dead
2018-03-15 18:57:29,772 DEBUG RC4
2018-03-15 18:57:29,978 DEBUG Ringo Starr
2018-03-15 18:57:30,339 DEBUG Rn (newsreader)
2018-03-15 18:57:30,640 DEBUG Rolf Ekéus
2018-03-15 18:57:30,706 DEBUG Robert Menzies
2018-03-15 18:57:30,935 DEBUG Renaissance music
2018-03-15 18:57:31,211 DEBUG Rhine
2018-03-15 18:57:31,346 DEBUG Rungholt
2018-03-15 18:57:31,494 DEBUG Ralph Merkle
2018-03-15 18:57:32,095 DEBUG Wikipedia:Rouse History of Mathematics
2018-03-15 18:57:32,626 DEBUG Rice's theorem
2018-03-15 18:57:32,744 DEBUG Recusancy
2018-03-15 18:57:32,844 DEBUG Regular grammar
2018-03-15 18:57:32,899 DEBUG Radiation
2018-03-15 18:57:33,008 DEBUG Rodolphus Agricola
2018-03-15 18:57:33,140 DEBUG Ruth Gordon
2018-03-15 18:57:33,364 DEBUG Richard Dawkins
2018-03-15 18:57:34,447 DEBUG Code refactoring
2018-03-15 18:57:35,200 DEBUG Relational database
2018-03-15 18:57:35,301 DEBUG Rule of Saint Benedict
2018-03-15 18:57:35,330 DEBUG Rheumatoid arthritis
2018-03-15 18:57:35,986 DEBUG Anastasius I Dicorus
2018-03-15 18:57:36,123 DEBUG Anastasios II
2018-03-15 18:57:36,237 DEBUG Roman Missal
2018-03-15 18:57:36,323 DEBUG Roger Bacon
2018-03-15 18:57:36,558 DEBUG Refractive index
2018-03-15 18:57:36,768 DEBUG Roman Kingdom
2018-03-15 18:57:36,813 DEBUG Rán
2018-03-15 18:57:37,011 DEBUG Roxy Music
2018-03-15 18:57:37,291 DEBUG Robert Fripp
2018-03-15 18:57:37,552 DEBUG Robert Zubrin
2018-03-15 18:57:37,812 DEBUG Road
2018-03-15 18:57:37,872 DEBUG Roman roads
2018-03-15 18:57:38,375 DEBUG Railway (disambiguation)
2018-03-15 18:57:38,551 DEBUG Roberto Clemente
2018-03-15 18:57:38,944 DEBUG Range voting
2018-03-15 18:57:39,173 DEBUG The Ren & Stimpy Show
2018-03-15 18:57:39,696 DEBUG R-Type
2018-03-15 18:57:39,879 DEBUG Reinhard Heydrich
2018-03-15 18:57:40,177 DEBUG Raëlism
2018-03-15 18:57:40,806 DEBUG Romantic music
2018-03-15 18:57:41,012 DEBUG Race game (paper and pencil game)
2018-03-15 18:57:41,055 DEBUG Rapids
2018-03-15 18:57:41,624 DEBUG Rutherfordium
2018-03-15 18:57:41,782 DEBUG Regiomontanus
2018-03-15 18:57:41,947 DEBUG Two-round system
2018-03-15 18:57:42,155 DEBUG Rio de Janeiro
2018-03-15 18:57:42,685 DEBUG Rudy Giuliani
2018-03-15 18:57:42,816 DEBUG Renaissance dance
2018-03-15 18:57:42,908 DEBUG Rem Koolhaas
2018-03-15 18:57:43,207 DEBUG Renzo Piano
2018-03-15 18:57:43,782 DEBUG Refraction
2018-03-15 18:57:43,825 DEBUG Recreational drug use
2018-03-15 18:57:44,358 DEBUG Robert Frost
2018-03-15 18:57:44,676 DEBUG Rotary dial
2018-03-15 18:57:44,919 DEBUG Revolution
2018-03-15 18:57:45,017 DEBUG Roland TB-303
2018-03-15 18:57:45,421 DEBUG RCA
2018-03-15 18:57:45,550 DEBUG Rubik's Cube
2018-03-15 18:57:45,775 DEBUG Red Army Faction
2018-03-15 18:57:45,929 DEBUG Radiosity (computer graphics)
2018-03-15 18:57:46,062 DEBUG Reign of Terror
2018-03-15 18:57:46,106 DEBUG Reliabilism
2018-03-15 18:57:46,166 DEBUG Ideal (ring theory)
2018-03-15 18:57:46,309 DEBUG Reversi
2018-03-15 18:57:46,444 DEBUG Radix sort
2018-03-15 18:57:46,630 DEBUG Tug of war
2018-03-15 18:57:46,667 DEBUG Regular semantics
2018-03-15 18:57:46,741 DEBUG Ray Kurzweil
2018-03-15 18:57:46,869 DEBUG Rutherford scattering
2018-03-15 18:57:46,971 DEBUG Robert Langlands
2018-03-15 18:57:47,023 DEBUG Rickets
2018-03-15 18:57:47,101 DEBUG RGB color model
2018-03-15 18:57:47,178 DEBUG Richard Garfield
2018-03-15 18:57:47,393 DEBUG Roman legion
2018-03-15 18:57:47,472 DEBUG Reciprocating engine
2018-03-15 18:57:47,563 DEBUG Register
2018-03-15 18:57:47,579 DEBUG Radical feminism
2018-03-15 18:57:47,609 DEBUG Ray tracing (graphics)
2018-03-15 18:57:47,702 DEBUG Ron Carter
2018-03-15 18:57:47,753 DEBUG Radian
2018-03-15 18:57:47,819 DEBUG Redshift (disambiguation)
2018-03-15 18:57:47,833 DEBUG Mass racial violence in the United States
2018-03-15 18:57:47,854 DEBUG Robert Johnson
2018-03-15 18:57:48,014 DEBUG Receptive aphasia
2018-03-15 18:57:48,252 DEBUG Rehoboam
2018-03-15 18:57:57,185 DEBUG Sam Loyd
2018-03-15 18:57:57,240 DEBUG Shiba Inu
2018-03-15 18:57:57,279 DEBUG Slot machine
2018-03-15 18:57:57,612 DEBUG Sneaker Pimps
2018-03-15 18:57:57,806 DEBUG Spear
2018-03-15 18:57:58,158 DEBUG Sigrid Undset
2018-03-15 18:57:58,223 DEBUG Systems theory
2018-03-15 18:57:58,676 DEBUG Lists of stars
2018-03-15 18:57:58,734 DEBUG Sulfuric acid
2018-03-15 18:57:58,839 DEBUG Space colonization
2018-03-15 18:57:58,884 DEBUG Second Council of Nicaea
2018-03-15 18:57:58,954 DEBUG Sexual orientation
2018-03-15 18:57:59,054 DEBUG Spandrel
2018-03-15 18:57:59,581 DEBUG SimpleText
2018-03-15 18:58:00,718 DEBUG Statute of Westminster 1931
2018-03-15 18:58:00,867 DEBUG Serbia
2018-03-15 18:58:01,405 DEBUG Relationship between religion and science
2018-03-15 18:58:01,703 DEBUG Stephen Sondheim
2018-03-15 18:58:02,127 DEBUG Self-determination
2018-03-15 18:58:02,350 DEBUG Southcentral Alaska
2018-03-15 18:58:03,546 DEBUG Spinor
2018-03-15 18:58:03,830 DEBUG Safety engineering
2018-03-15 18:58:03,924 DEBUG SIGGRAPH
2018-03-15 18:58:04,114 DEBUG Semtex
2018-03-15 18:58:04,175 DEBUG Lehi (militant group)
2018-03-15 18:58:04,452 DEBUG Server-side scripting
2018-03-15 18:58:04,650 DEBUG Optical spectrometer
2018-03-15 18:58:04,849 DEBUG IBM System/360
2018-03-15 18:58:05,223 DEBUG Spouse
2018-03-15 18:58:05,813 DEBUG Sexuality (disambiguation)
2018-03-15 18:58:05,857 DEBUG Semiotics
2018-03-15 18:58:05,982 DEBUG Sojourner Truth
2018-03-15 18:58:06,159 DEBUG STOVL
2018-03-15 18:58:06,382 DEBUG Russian aircraft carrier Admiral Kuznetsov
2018-03-15 18:58:06,583 DEBUG Subaru Forester
2018-03-15 18:58:06,872 DEBUG Second-system effect
2018-03-15 18:58:06,913 DEBUG Sandinista National Liberation Front
2018-03-15 18:58:07,019 DEBUG Streptococcus
2018-03-15 18:58:07,291 DEBUG SignWriting
2018-03-15 18:58:07,482 DEBUG Suez Canal
2018-03-15 18:58:07,898 DEBUG Signal processing
2018-03-15 18:58:08,043 DEBUG Six-Day War
2018-03-15 18:58:08,139 DEBUG Spectrum
2018-03-15 18:58:08,296 DEBUG Social dynamics
2018-03-15 18:58:09,181 DEBUG Social evolution
2018-03-15 18:58:09,291 DEBUG Systemic functional grammar
2018-03-15 18:58:09,603 DEBUG Starfleet
2018-03-15 18:58:09,802 DEBUG Superheterodyne receiver
2018-03-15 18:58:09,967 DEBUG Seventh Day Baptists
2018-03-15 18:58:10,098 DEBUG Shem
2018-03-15 18:58:10,846 DEBUG Sambuca
2018-03-15 18:58:11,947 DEBUG Sweeney Todd
2018-03-15 18:58:11,973 DEBUG Selection sort
2018-03-15 18:58:12,563 DEBUG Syracuse University
2018-03-15 18:58:12,775 DEBUG Snake oil
2018-03-15 18:58:12,913 DEBUG Stanley Elkin
2018-03-15 18:58:13,032 DEBUG International Society of Cryptozoology
2018-03-15 18:58:14,132 DEBUG Send In the Clowns
2018-03-15 18:58:14,352 DEBUG Sinhalese people
2018-03-15 18:58:14,763 DEBUG Spiel des Jahres
2018-03-15 18:58:14,919 DEBUG Synthetic element
2018-03-15 18:58:15,075 DEBUG Shoghi Effendi
2018-03-15 18:58:15,320 DEBUG Slope
2018-03-15 18:58:15,402 DEBUG Sex organ
2018-03-15 18:58:15,679 DEBUG Snake
2018-03-15 18:58:16,324 DEBUG Steam turbine
2018-03-15 18:58:16,624 DEBUG Sardinia
2018-03-15 18:58:16,956 DEBUG Scrooge McDuck
2018-03-15 18:58:17,287 DEBUG Shiva (Judaism)
2018-03-15 18:58:17,872 DEBUG Semi-trailer truck
2018-03-15 18:58:18,027 DEBUG Stonewall riots
2018-03-15 18:58:18,254 DEBUG Sheffer stroke
2018-03-15 18:58:18,580 DEBUG Stalactite
2018-03-15 18:58:18,869 DEBUG Strangers in Paradise
2018-03-15 18:58:18,933 DEBUG Summer
2018-03-15 18:58:19,204 DEBUG Shrike
2018-03-15 18:58:19,472 DEBUG Screwdriver (cocktail)
2018-03-15 18:58:21,127 DEBUG Single-stage-to-orbit
2018-03-15 18:58:21,289 DEBUG Structural biology
2018-03-15 18:58:21,957 DEBUG Sunni Islam
2018-03-15 18:58:22,083 DEBUG Sour mix
2018-03-15 18:58:22,760 DEBUG Sikh
2018-03-15 18:58:22,892 DEBUG Superworld
2018-03-15 18:58:23,487 DEBUG Samuel Taylor Coleridge
2018-03-15 18:58:23,782 DEBUG Spica
2018-03-15 18:58:24,005 DEBUG Stuart Little
2018-03-15 18:58:24,363 DEBUG Statite
2018-03-15 18:58:25,479 DEBUG Solar sail
2018-03-15 18:58:25,639 DEBUG Sabellianism
2018-03-15 18:58:26,215 DEBUG Sino-Indian War
2018-03-15 18:58:26,624 DEBUG Simple module
2018-03-15 18:58:26,720 DEBUG Sonar
2018-03-15 18:58:27,654 DEBUG Slavs
2018-03-15 18:58:27,989 DEBUG Skylab
2018-03-15 18:58:28,498 DEBUG Sacramento (disambiguation)
2018-03-15 18:58:28,576 DEBUG StrongARM
2018-03-15 18:58:28,651 DEBUG Shaul Mofaz
2018-03-15 18:58:28,913 DEBUG Stasi
2018-03-15 18:58:29,142 DEBUG Sandra Bullock
2018-03-15 18:58:29,374 DEBUG Smallfilms
2018-03-15 18:58:29,641 DEBUG List of mayors of Sacramento, California
2018-03-15 18:58:29,746 DEBUG Sabotage
2018-03-15 18:58:29,938 DEBUG Scabbard
2018-03-15 18:58:30,061 DEBUG Spinel
2018-03-15 18:58:30,190 DEBUG Speech recognition
2018-03-15 18:58:30,414 DEBUG Sapphire
2018-03-15 18:58:30,761 DEBUG Slack voice
2018-03-15 18:58:31,041 DEBUG Salvation
2018-03-15 18:58:31,170 DEBUG Lockheed S-3 Viking
2018-03-15 18:58:31,642 DEBUG Kaman SH-2 Seasprite
2018-03-15 18:58:31,733 DEBUG Stop consonant
2018-03-15 18:58:31,865 DEBUG Stayman convention
2018-03-15 18:58:31,946 DEBUG Saks Fifth Avenue
2018-03-15 18:58:32,057 DEBUG Seabee
2018-03-15 18:58:32,724 DEBUG Skyscraper
2018-03-15 18:58:32,985 DEBUG Sagas of Icelanders
2018-03-15 18:58:33,078 DEBUG Staind
2018-03-15 18:58:33,501 DEBUG Saddam Hussein
2018-03-15 18:58:33,629 DEBUG Sonja Henie
2018-03-15 18:58:33,819 DEBUG Science & Environmental Policy Project
2018-03-15 18:58:34,202 DEBUG Abbey of Saint Gall
2018-03-15 18:58:34,614 DEBUG Secondary education
2018-03-15 18:58:34,974 DEBUG Serotonin syndrome
2018-03-15 18:58:35,187 DEBUG Sustainable development
2018-03-15 18:58:35,300 DEBUG Scientific American
2018-03-15 18:58:35,429 DEBUG Siouxsie and the Banshees
2018-03-15 18:58:35,871 DEBUG Simula
2018-03-15 18:58:35,946 DEBUG SNOBOL
2018-03-15 18:58:36,228 DEBUG Statistical physics
2018-03-15 18:58:36,367 DEBUG Side effect (computer science)
2018-03-15 18:58:36,607 DEBUG List of science fiction editors
2018-03-15 18:58:36,719 DEBUG Square-free integer
2018-03-15 18:58:36,829 DEBUG Sentinel (comics)
2018-03-15 18:58:37,008 DEBUG Savage Land
2018-03-15 18:58:37,145 DEBUG Stephen Schneider
2018-03-15 18:58:37,409 DEBUG Scientific misconduct
2018-03-15 18:58:37,663 DEBUG Set (game)
2018-03-15 18:58:39,299 DEBUG Silver Star
2018-03-15 18:58:39,340 DEBUG Single UNIX Specification
2018-03-15 18:58:39,436 DEBUG Scientific revolution
2018-03-15 18:58:39,702 DEBUG Salian dynasty
2018-03-15 18:58:39,824 DEBUG Self-replication
2018-03-15 18:58:40,198 DEBUG Shmuel Yosef Agnon
2018-03-15 18:58:40,350 DEBUG Steve Ditko
2018-03-15 18:58:40,456 DEBUG List of people from Sardinia
2018-03-15 18:58:40,487 DEBUG Gavinus
2018-03-15 18:58:40,517 DEBUG Sienna
2018-03-15 18:58:41,243 DEBUG Super Bowl XXXVI
2018-03-15 18:58:41,558 DEBUG Scansano
2018-03-15 18:58:41,701 DEBUG List of maritime explorers
2018-03-15 18:58:41,747 DEBUG Wednesday Morning, 3 A.M.
2018-03-15 18:58:42,067 DEBUG Sheldon Rampton
2018-03-15 18:58:42,150 DEBUG Miller test
2018-03-15 18:58:42,184 DEBUG Set-top box
2018-03-15 18:58:42,340 DEBUG Scatology
2018-03-15 18:58:42,464 DEBUG Sigma-algebra
2018-03-15 18:58:42,553 DEBUG Second Battle of El Alamein
2018-03-15 18:58:42,852 DEBUG Sextant
2018-03-15 18:58:42,893 DEBUG Single transferable vote
2018-03-15 18:58:43,054 DEBUG Stellarator
2018-03-15 18:58:43,386 DEBUG SYSTRAN
2018-03-15 18:58:43,973 DEBUG Stephen I of Hungary
2018-03-15 18:58:44,571 DEBUG Sprite
2018-03-15 18:58:44,612 DEBUG San Giovanni di Posada
2018-03-15 18:58:44,651 DEBUG Scott Joplin
2018-03-15 18:58:45,017 DEBUG Syncopation
2018-03-15 18:58:45,202 DEBUG Strategy
2018-03-15 18:58:45,486 DEBUG Saeed al-Ghamdi
2018-03-15 18:58:45,591 DEBUG Scripture (disambiguation)
2018-03-15 18:58:45,621 DEBUG Syncretism
2018-03-15 18:58:45,820 DEBUG S7G reactor
2018-03-15 18:58:45,870 DEBUG Subject–verb–object
2018-03-15 18:58:46,122 DEBUG Skopje
2018-03-15 18:58:46,594 DEBUG Speed metal
2018-03-15 18:58:46,676 DEBUG Stan Rogers
2018-03-15 18:58:46,704 DEBUG Sacramento, California
2018-03-15 18:58:47,714 DEBUG Sierpinski carpet
2018-03-15 18:58:47,812 DEBUG Sierpinski triangle
2018-03-15 18:58:48,141 DEBUG Siberia
2018-03-15 18:58:48,288 DEBUG Standard Arabic Technical Transliteration System
2018-03-15 18:58:48,893 DEBUG Sound change
2018-03-15 18:58:48,959 DEBUG Sulpicius Severus
2018-03-15 18:58:49,486 DEBUG Scared to Death
2018-03-15 18:58:49,595 DEBUG Stefan Banach
2018-03-15 18:58:49,815 DEBUG Single-lens reflex camera
2018-03-15 18:58:50,091 DEBUG Senary
2018-03-15 18:58:50,267 DEBUG Steve Ballmer
2018-03-15 18:58:50,492 DEBUG Salamander
2018-03-15 18:58:50,788 DEBUG State terrorism
2018-03-15 18:58:50,904 DEBUG List of rulers of Saxony
2018-03-15 18:58:50,937 DEBUG Supply and demand
2018-03-15 18:58:51,062 DEBUG State capitalism
2018-03-15 18:58:51,190 DEBUG Syringomyelia
2018-03-15 18:58:51,589 DEBUG Sacha Pecaric
2018-03-15 18:58:52,116 DEBUG Sergio Aragonés
2018-03-15 18:58:52,147 DEBUG Trade
2018-03-15 18:58:52,286 DEBUG Tambourine
2018-03-15 18:58:52,433 DEBUG Tennis
2018-03-15 18:58:52,817 DEBUG Tiffani Thiessen
2018-03-15 18:58:52,977 DEBUG Thomas Edison
2018-03-15 18:58:53,191 DEBUG Thomas Reid
2018-03-15 18:58:53,581 DEBUG The Texas Chain Saw Massacre
2018-03-15 18:58:53,931 DEBUG The Big Lebowski
2018-03-15 18:58:54,297 DEBUG The Rock (film)
2018-03-15 18:58:54,602 DEBUG Tourism
2018-03-15 18:58:54,858 DEBUG The Lord of the Rings
2018-03-15 18:58:55,174 DEBUG The Doors
2018-03-15 18:58:55,321 DEBUG Texas
2018-03-15 18:58:55,516 DEBUG Tai–Kadai languages
2018-03-15 18:58:55,626 DEBUG The Beatles
2018-03-15 18:58:55,924 DEBUG Tort
2018-03-15 18:58:55,962 DEBUG The War of the Worlds (disambiguation)
2018-03-15 18:58:56,026 DEBUG Technology
2018-03-15 18:58:56,098 DEBUG The Doors (album)
2018-03-15 18:58:56,169 DEBUG The Doors of Perception
2018-03-15 18:58:56,355 DEBUG Thomas Hobbes
2018-03-15 18:58:56,432 DEBUG Terraforming
2018-03-15 18:58:56,460 DEBUG Trial de novo
