2018-03-29 17:51:08,999 DEBUG University of Chicago.txt
2018-03-29 17:51:09,432 DEBUG Nomenclature codes.txt
2018-03-29 17:51:09,498 DEBUG Electorates of the Australian states and territories.txt
2018-03-29 17:51:09,646 DEBUG Extinction.txt
2018-03-29 17:51:09,899 DEBUG Telecommunications in Kyrgyzstan.txt
2018-03-29 17:51:09,980 DEBUG New York University.txt
2018-03-29 17:51:10,333 DEBUG Hadith.txt
2018-03-29 17:51:10,873 DEBUG Saint Paul, Minnesota.txt
2018-03-29 17:51:12,136 DEBUG Midfielder (association football).txt
2018-03-29 17:51:12,621 DEBUG Telecommunications in Tajikistan.txt
2018-03-29 17:51:12,736 DEBUG Lincolnshire.txt
2018-03-29 17:51:13,128 DEBUG Virginia.txt
2018-03-29 17:51:13,833 DEBUG Distance.txt
2018-03-29 17:51:14,110 DEBUG ISO 80000-6.txt
2018-03-29 17:51:14,832 DEBUG Transport in the United States.txt
2018-03-29 17:51:15,556 DEBUG William III of England.txt
2018-03-29 17:51:16,150 DEBUG British standard pipe thread.txt
2018-03-29 17:51:16,558 DEBUG Newlyn.txt
2018-03-29 17:51:16,956 DEBUG Noam Chomsky.txt
2018-03-29 17:51:17,786 DEBUG Biological classification.txt
2018-03-29 17:51:18,271 DEBUG Calendar of saints.txt
2018-03-29 17:51:18,621 DEBUG Pub.txt
2018-03-29 17:51:19,172 DEBUG Videophone.txt
2018-03-29 17:51:19,905 DEBUG Canary Islands.txt
2018-03-29 17:51:20,776 DEBUG Terrorism.txt
2018-03-29 17:51:21,482 DEBUG Earth radius.txt
2018-03-29 17:51:22,008 DEBUG The New Republic.txt
2018-03-29 17:51:22,487 DEBUG Quebec City.txt
2018-03-29 17:51:23,056 DEBUG Umayyad Caliphate.txt
2018-03-29 17:51:23,632 DEBUG International Labour Organization.txt
2018-03-29 17:51:24,193 DEBUG Mesopotamia.txt
2018-03-29 17:51:24,737 DEBUG New Orleans.txt
2018-03-29 17:51:25,774 DEBUG Drought.txt
2018-03-29 17:51:26,736 DEBUG Minor planet.txt
2018-03-29 17:51:27,424 DEBUG Universe.txt
2018-03-29 17:51:28,523 DEBUG Governor.txt
2018-03-29 17:51:29,061 DEBUG Personal income in the United States.txt
2018-03-29 17:51:29,692 DEBUG George Bernard Shaw.txt
2018-03-29 17:51:30,608 DEBUG Amateur wrestling.txt
2018-03-29 17:51:31,315 DEBUG Tire.txt
2018-03-29 17:51:32,136 DEBUG Volcano.txt
2018-03-29 17:51:32,966 DEBUG List of online encyclopedias.txt
2018-03-29 17:51:33,427 DEBUG National Assembly (France).txt
2018-03-29 17:51:33,866 DEBUG Motorola.txt
2018-03-29 17:51:34,858 DEBUG Blues.txt
2018-03-29 17:51:36,055 DEBUG Motion (physics).txt
2018-03-29 17:51:36,312 DEBUG Anabaptist.txt
2018-03-29 17:51:37,276 DEBUG Excommunication.txt
2018-03-29 17:51:38,165 DEBUG Transcendentalism.txt
2018-03-29 17:51:39,100 DEBUG Officer (armed forces).txt
2018-03-29 17:51:40,042 DEBUG Forensic science.txt
2018-03-29 17:51:41,412 DEBUG British Isles.txt
2018-03-29 17:51:43,008 DEBUG Economy of Germany.txt
2018-03-29 17:51:44,400 DEBUG Grammar.txt
2018-03-29 17:51:44,996 DEBUG Bogotá.txt
2018-03-29 17:51:46,385 DEBUG Georg Wilhelm Friedrich Hegel.txt
2018-03-29 17:51:47,656 DEBUG Paganism.txt
2018-03-29 17:51:48,916 DEBUG Orbital inclination.txt
2018-03-29 17:51:50,208 DEBUG JPEG 2000.txt
2018-03-29 17:51:52,235 DEBUG Surveying.txt
2018-03-29 17:51:53,791 DEBUG Capital punishment in the United States.txt
2018-03-29 17:51:55,217 DEBUG Skill.txt
2018-03-29 17:51:56,190 DEBUG Government of Canada.txt
2018-03-29 17:51:57,401 DEBUG Fossil.txt
2018-03-29 17:51:58,548 DEBUG Comic book.txt
2018-03-29 17:51:59,418 DEBUG Malay language.txt
2018-03-29 17:52:00,688 DEBUG Ion.txt
2018-03-29 17:52:02,013 DEBUG Telecommunications in Russia.txt
2018-03-29 17:52:03,236 DEBUG Short story.txt
2018-03-29 17:52:04,364 DEBUG Midwestern United States.txt
2018-03-29 17:56:43,822 DEBUG Speed.txt
2018-03-29 17:57:08,450 DEBUG Speed.txt
2018-03-29 18:36:12,239 DEBUG University of Chicago.txt
2018-03-29 18:36:12,613 DEBUG Nomenclature codes.txt
2018-03-29 18:36:12,718 DEBUG Electorates of the Australian states and territories.txt
2018-03-29 18:36:13,455 DEBUG Extinction.txt
2018-03-29 18:36:13,811 DEBUG Telecommunications in Kyrgyzstan.txt
2018-03-29 18:36:13,914 DEBUG New York University.txt
2018-03-29 18:36:14,471 DEBUG Hadith.txt
2018-03-29 18:36:14,690 DEBUG Saint Paul, Minnesota.txt
2018-03-29 18:36:15,255 DEBUG Midfielder (association football).txt
2018-03-29 18:36:15,698 DEBUG Telecommunications in Tajikistan.txt
2018-03-29 18:36:15,829 DEBUG Lincolnshire.txt
2018-03-29 18:36:16,577 DEBUG Virginia.txt
2018-03-29 18:36:17,604 DEBUG Distance.txt
2018-03-29 18:36:18,058 DEBUG ISO 80000-6.txt
2018-03-29 18:36:18,589 DEBUG Transport in the United States.txt
2018-03-29 18:36:19,166 DEBUG William III of England.txt
2018-03-29 18:36:19,818 DEBUG British standard pipe thread.txt
2018-03-29 18:36:20,359 DEBUG Newlyn.txt
2018-03-29 18:36:21,166 DEBUG Noam Chomsky.txt
2018-03-29 18:36:22,147 DEBUG Biological classification.txt
2018-03-29 18:36:23,575 DEBUG Calendar of saints.txt
2018-03-29 18:36:23,999 DEBUG Pub.txt
2018-03-29 18:36:25,013 DEBUG Videophone.txt
2018-03-29 18:36:25,884 DEBUG Canary Islands.txt
2018-03-29 18:36:27,561 DEBUG Terrorism.txt
2018-03-29 18:36:28,318 DEBUG Earth radius.txt
2018-03-29 18:36:29,211 DEBUG The New Republic.txt
2018-03-29 18:36:30,033 DEBUG Quebec City.txt
2018-03-29 18:36:30,919 DEBUG Umayyad Caliphate.txt
2018-03-29 18:36:31,890 DEBUG International Labour Organization.txt
2018-03-29 18:36:32,734 DEBUG Mesopotamia.txt
2018-03-29 18:36:33,676 DEBUG New Orleans.txt
2018-03-29 18:36:35,261 DEBUG Drought.txt
2018-03-29 18:36:36,361 DEBUG Minor planet.txt
2018-03-29 18:36:37,506 DEBUG Universe.txt
2018-03-29 18:36:38,861 DEBUG Governor.txt
2018-03-29 18:36:39,642 DEBUG Personal income in the United States.txt
2018-03-29 18:36:40,587 DEBUG George Bernard Shaw.txt
2018-03-29 18:36:41,683 DEBUG Amateur wrestling.txt
2018-03-29 18:36:42,583 DEBUG Tire.txt
2018-03-29 18:36:44,188 DEBUG Volcano.txt
2018-03-29 18:36:44,995 DEBUG List of online encyclopedias.txt
2018-03-29 18:36:45,308 DEBUG National Assembly (France).txt
2018-03-29 18:36:45,859 DEBUG Motorola.txt
