2018-03-29 17:51:15,171 DEBUG Ring (mathematics).txt
2018-03-29 17:51:16,106 DEBUG Ganesha.txt
2018-03-29 17:51:16,735 DEBUG Central European Summer Time.txt
2018-03-29 17:51:17,007 DEBUG Podcast.txt
2018-03-29 17:51:17,849 DEBUG Second French Empire.txt
2018-03-29 17:51:18,069 DEBUG Jamaica.txt
2018-03-29 17:51:18,693 DEBUG Friedrich Schiller.txt
2018-03-29 17:51:19,288 DEBUG Flag.txt
2018-03-29 17:51:20,120 DEBUG Jean-Paul Sartre.txt
2018-03-29 17:51:21,003 DEBUG British East India Company.txt
2018-03-29 17:51:21,732 DEBUG Newsweek.txt
2018-03-29 17:51:22,325 DEBUG Nomenclature code.txt
2018-03-29 17:51:22,517 DEBUG Language family.txt
2018-03-29 17:51:23,649 DEBUG Vatican Library.txt
2018-03-29 17:51:24,245 DEBUG Aquaculture.txt
2018-03-29 17:51:24,973 DEBUG Dead Sea.txt
2018-03-29 17:51:25,977 DEBUG Andy Warhol.txt
2018-03-29 17:51:27,384 DEBUG International System of Units.txt
2018-03-29 17:51:28,472 DEBUG Secularism.txt
2018-03-29 17:51:29,249 DEBUG Chronobiology.txt
2018-03-29 17:51:30,096 DEBUG NOAA.txt
2018-03-29 17:51:30,748 DEBUG Prince Philip, Duke of Edinburgh.txt
2018-03-29 17:51:31,825 DEBUG Natural number.txt
2018-03-29 17:51:32,635 DEBUG National Institute of Standards and Technology.txt
2018-03-29 17:51:33,677 DEBUG Human geography.txt
2018-03-29 17:51:34,889 DEBUG Single transferable vote.txt
2018-03-29 17:51:35,986 DEBUG Spider.txt
2018-03-29 17:51:37,266 DEBUG Pennsylvania State University.txt
2018-03-29 17:51:38,566 DEBUG Teacher.txt
2018-03-29 17:51:39,782 DEBUG ISO 2145.txt
2018-03-29 17:51:41,627 DEBUG Cabinet of the United States.txt
2018-03-29 17:51:43,525 DEBUG Tim Berners-Lee.txt
2018-03-29 17:51:45,798 DEBUG Metaphor.txt
2018-03-29 17:51:46,932 DEBUG Horsepower.txt
2018-03-29 17:51:48,116 DEBUG Denver, Colorado.txt
2018-03-29 17:51:50,069 DEBUG Mortality rate.txt
2018-03-29 17:51:52,319 DEBUG Phosphorus.txt
2018-03-29 17:51:54,323 DEBUG Public policy.txt
2018-03-29 17:51:54,604 DEBUG International Standard Text Code.txt
2018-03-29 17:51:55,911 DEBUG Auto racing.txt
2018-03-29 17:51:57,249 DEBUG Telecommunications in Madagascar.txt
2018-03-29 17:51:59,217 DEBUG Yom Kippur War.txt
2018-03-29 17:52:01,779 DEBUG Game.txt
2018-03-29 17:52:03,207 DEBUG Video game genres.txt
2018-03-29 17:52:04,425 DEBUG Benzene.txt
2018-03-29 17:56:43,813 DEBUG Federal Register.txt
2018-03-29 17:57:08,477 DEBUG Federal Register.txt
2018-03-29 18:36:16,712 DEBUG Ring (mathematics).txt
2018-03-29 18:36:17,619 DEBUG Ganesha.txt
2018-03-29 18:36:18,210 DEBUG Central European Summer Time.txt
2018-03-29 18:36:18,526 DEBUG Podcast.txt
2018-03-29 18:36:18,992 DEBUG Second French Empire.txt
2018-03-29 18:36:19,212 DEBUG Jamaica.txt
2018-03-29 18:36:19,931 DEBUG Friedrich Schiller.txt
2018-03-29 18:36:21,572 DEBUG Flag.txt
2018-03-29 18:36:22,120 DEBUG Jean-Paul Sartre.txt
2018-03-29 18:36:22,848 DEBUG British East India Company.txt
2018-03-29 18:36:23,431 DEBUG Newsweek.txt
2018-03-29 18:36:23,995 DEBUG Nomenclature code.txt
2018-03-29 18:36:24,250 DEBUG Language family.txt
2018-03-29 18:36:25,161 DEBUG Vatican Library.txt
2018-03-29 18:36:25,895 DEBUG Aquaculture.txt
2018-03-29 18:36:27,607 DEBUG Dead Sea.txt
2018-03-29 18:36:28,416 DEBUG Andy Warhol.txt
2018-03-29 18:36:29,563 DEBUG International System of Units.txt
2018-03-29 18:36:30,523 DEBUG Secularism.txt
2018-03-29 18:36:31,333 DEBUG Chronobiology.txt
2018-03-29 18:36:32,092 DEBUG NOAA.txt
2018-03-29 18:36:32,950 DEBUG Prince Philip, Duke of Edinburgh.txt
2018-03-29 18:36:33,980 DEBUG Natural number.txt
2018-03-29 18:36:35,102 DEBUG National Institute of Standards and Technology.txt
2018-03-29 18:36:36,089 DEBUG Human geography.txt
2018-03-29 18:36:37,139 DEBUG Single transferable vote.txt
2018-03-29 18:36:38,159 DEBUG Spider.txt
2018-03-29 18:36:39,355 DEBUG Pennsylvania State University.txt
2018-03-29 18:36:40,388 DEBUG Teacher.txt
2018-03-29 18:36:41,158 DEBUG ISO 2145.txt
2018-03-29 18:36:41,647 DEBUG Cabinet of the United States.txt
2018-03-29 18:36:43,531 DEBUG Tim Berners-Lee.txt
2018-03-29 18:36:44,816 DEBUG Metaphor.txt
