2018-03-29 17:51:26,925 DEBUG Renewable energy.txt
2018-03-29 17:51:28,402 DEBUG Representative democracy.txt
2018-03-29 17:51:29,028 DEBUG Peru.txt
2018-03-29 17:51:29,913 DEBUG International Standard Audiovisual Number.txt
2018-03-29 17:51:30,530 DEBUG Tulsa, Oklahoma.txt
2018-03-29 17:51:31,809 DEBUG Heavy metal music.txt
2018-03-29 17:51:33,196 DEBUG Telecommunications in the Falkland Islands.txt
2018-03-29 17:51:33,526 DEBUG Oceanography.txt
2018-03-29 17:51:34,341 DEBUG BBC Online.txt
2018-03-29 17:51:35,752 DEBUG Fungus.txt
2018-03-29 17:51:37,115 DEBUG Abbasid Caliphate.txt
2018-03-29 17:51:38,530 DEBUG Speech.txt
2018-03-29 17:51:39,503 DEBUG Very high frequency.txt
2018-03-29 17:51:41,018 DEBUG University of California, Berkeley.txt
2018-03-29 17:51:43,779 DEBUG Social work.txt
2018-03-29 17:51:44,987 DEBUG Sea level.txt
2018-03-29 17:51:45,852 DEBUG Playwright.txt
2018-03-29 17:51:46,484 DEBUG Romantic music.txt
2018-03-29 17:51:47,602 DEBUG Saxophone.txt
2018-03-29 17:51:48,872 DEBUG Old French.txt
2018-03-29 17:51:50,472 DEBUG List of ISO standards.txt
2018-03-29 17:51:56,551 DEBUG Ground beetle.txt
2018-03-29 17:51:57,437 DEBUG Lingua franca.txt
2018-03-29 17:51:58,449 DEBUG Bologna.txt
2018-03-29 17:51:59,701 DEBUG Telecommunications in Fiji.txt
2018-03-29 17:52:00,236 DEBUG Vedas.txt
2018-03-29 17:52:01,774 DEBUG Ronald Reagan.txt
2018-03-29 17:52:04,640 DEBUG Palermo.txt
2018-03-29 17:57:08,476 DEBUG Counties of Sweden.txt
2018-03-29 18:36:24,873 DEBUG Renewable energy.txt
2018-03-29 18:36:25,874 DEBUG Representative democracy.txt
2018-03-29 18:36:26,433 DEBUG Peru.txt
2018-03-29 18:36:26,986 DEBUG International Standard Audiovisual Number.txt
2018-03-29 18:36:27,659 DEBUG Tulsa, Oklahoma.txt
2018-03-29 18:36:28,464 DEBUG Heavy metal music.txt
2018-03-29 18:36:29,807 DEBUG Telecommunications in the Falkland Islands.txt
2018-03-29 18:36:30,101 DEBUG Oceanography.txt
2018-03-29 18:36:30,852 DEBUG BBC Online.txt
2018-03-29 18:36:31,611 DEBUG Fungus.txt
2018-03-29 18:36:32,699 DEBUG Abbasid Caliphate.txt
2018-03-29 18:36:33,842 DEBUG Speech.txt
2018-03-29 18:36:34,864 DEBUG Very high frequency.txt
2018-03-29 18:36:35,773 DEBUG University of California, Berkeley.txt
2018-03-29 18:36:37,354 DEBUG Social work.txt
2018-03-29 18:36:38,312 DEBUG Sea level.txt
2018-03-29 18:36:39,147 DEBUG Playwright.txt
2018-03-29 18:36:39,361 DEBUG Romantic music.txt
2018-03-29 18:36:40,674 DEBUG Saxophone.txt
2018-03-29 18:36:41,377 DEBUG Old French.txt
2018-03-29 18:36:42,487 DEBUG List of ISO standards.txt
2018-03-29 18:36:45,479 DEBUG Ground beetle.txt
